[1.015s] Invoking command in '/workspace/ros2_ws/build/sllidar_ros2': /usr/local/bin/cmake /workspace/ros2_ws/src/sllidar_ros2 -DAMENT_CMAKE_SYMLINK_INSTALL=1 -DCMAKE_INSTALL_PREFIX=/workspace/ros2_ws/install/sllidar_ros2
[1.499s] -- The C compiler identification is GNU 9.4.0
[1.909s] -- The CXX compiler identification is GNU 9.4.0
[2.048s] -- Detecting C compiler ABI info
[2.468s] -- Detecting C compiler ABI info - done
[2.536s] -- Check for working C compiler: /usr/bin/cc - skipped
[2.538s] -- Detecting C compile features
[2.541s] -- Detecting C compile features - done
[2.631s] -- Detecting CXX compiler ABI info
[3.117s] -- Detecting CXX compiler ABI info - done
[3.183s] -- Check for working CXX compiler: /usr/bin/c++ - skipped
[3.184s] -- Detecting CXX compile features
[3.187s] -- Detecting CXX compile features - done
[3.205s] -- Found ament_cmake: 1.3.5 (/opt/ros/humble/install/share/ament_cmake/cmake)
[7.343s] -- Found Python3: /usr/bin/python3.8 (found version "3.8.10") found components: Interpreter 
[7.597s] -- Override CMake install command with custom implementation using symlinks instead of copying resources
[7.727s] -- Found rclcpp: 16.0.5 (/opt/ros/humble/install/share/rclcpp/cmake)
[7.985s] -- Found rosidl_generator_c: 3.1.5 (/opt/ros/humble/install/share/rosidl_generator_c/cmake)
[8.017s] -- Found rosidl_adapter: 3.1.5 (/opt/ros/humble/install/share/rosidl_adapter/cmake)
[8.078s] -- Found rosidl_generator_cpp: 3.1.5 (/opt/ros/humble/install/share/rosidl_generator_cpp/cmake)
[8.189s] -- Using all available rosidl_typesupport_c: rosidl_typesupport_fastrtps_c;rosidl_typesupport_introspection_c
[8.338s] -- Using all available rosidl_typesupport_cpp: rosidl_typesupport_fastrtps_cpp;rosidl_typesupport_introspection_cpp
[8.779s] -- Found rmw_implementation_cmake: 6.1.1 (/opt/ros/humble/install/share/rmw_implementation_cmake/cmake)
[8.792s] -- Found rmw_fastrtps_cpp: 6.2.3 (/opt/ros/humble/install/share/rmw_fastrtps_cpp/cmake)
[9.309s] -- Found OpenSSL: /usr/lib/aarch64-linux-gnu/libcrypto.so (found version "1.1.1f")  
[9.410s] -- Found FastRTPS: /opt/ros/humble/install/include  
[9.612s] -- Using RMW implementation 'rmw_fastrtps_cpp' as default
[9.659s] -- Performing Test CMAKE_HAVE_LIBC_PTHREAD
[10.028s] -- Performing Test CMAKE_HAVE_LIBC_PTHREAD - Failed
[10.029s] -- Looking for pthread_create in pthreads
[10.292s] -- Looking for pthread_create in pthreads - not found
[10.293s] -- Looking for pthread_create in pthread
[10.611s] -- Looking for pthread_create in pthread - found
[10.617s] -- Found Threads: TRUE  
[11.372s] -- Found sensor_msgs: 4.2.3 (/opt/ros/humble/install/share/sensor_msgs/cmake)
[11.942s] -- Found std_srvs: 4.2.3 (/opt/ros/humble/install/share/std_srvs/cmake)
[12.324s] -- Configuring done (11.2s)
[12.434s] -- Generating done (0.1s)
[12.445s] -- Build files have been written to: /workspace/ros2_ws/build/sllidar_ros2
[12.494s] Invoked command in '/workspace/ros2_ws/build/sllidar_ros2' returned '0': /usr/local/bin/cmake /workspace/ros2_ws/src/sllidar_ros2 -DAMENT_CMAKE_SYMLINK_INSTALL=1 -DCMAKE_INSTALL_PREFIX=/workspace/ros2_ws/install/sllidar_ros2
[12.503s] Invoking command in '/workspace/ros2_ws/build/sllidar_ros2': /usr/local/bin/cmake --build /workspace/ros2_ws/build/sllidar_ros2 -- -j4 -l4
[12.734s] [  5%] [32mBuilding CXX object CMakeFiles/sllidar_client.dir/src/sllidar_client.cpp.o[0m
[12.743s] [ 10%] [32mBuilding CXX object CMakeFiles/sllidar_node.dir/src/sllidar_node.cpp.o[0m
[12.747s] [ 15%] [32mBuilding CXX object CMakeFiles/sllidar_node.dir/sdk/src/arch/linux/net_socket.cpp.o[0m
[12.748s] [ 20%] [32mBuilding CXX object CMakeFiles/sllidar_node.dir/sdk/src/arch/linux/net_serial.cpp.o[0m
[16.631s] In file included from [01m[K/workspace/ros2_ws/src/sllidar_ros2/./sdk/include/rplidar_protocol.h:36[m[K,
[16.632s]                  from [01m[K/workspace/ros2_ws/src/sllidar_ros2/./sdk/include/rplidar.h:39[m[K,
[16.632s]                  from [01m[K/workspace/ros2_ws/src/sllidar_ros2/./sdk/src/sdkcommon.h:49[m[K,
[16.632s]                  from [01m[K/workspace/ros2_ws/src/sllidar_ros2/sdk/src/arch/linux/net_socket.cpp:10[m[K:
[16.633s] [01m[K/workspace/ros2_ws/src/sllidar_ros2/./sdk/include/sl_lidar_protocol.h:66:16:[m[K [01;35m[Kwarning: [m[KISO C++ forbids zero-size array ‘[01m[Kdata[m[K’ [[01;35m[K-Wpedantic[m[K]
[16.634s]    66 |     sl_u8 data[[01;35m[K0[m[K];
[16.635s]       |                [01;35m[K^[m[K
[16.646s] In file included from [01m[K/workspace/ros2_ws/src/sllidar_ros2/./sdk/include/rplidar_cmd.h:36[m[K,
[16.646s]                  from [01m[K/workspace/ros2_ws/src/sllidar_ros2/./sdk/include/rplidar.h:40[m[K,
[16.647s]                  from [01m[K/workspace/ros2_ws/src/sllidar_ros2/./sdk/src/sdkcommon.h:49[m[K,
[16.647s]                  from [01m[K/workspace/ros2_ws/src/sllidar_ros2/sdk/src/arch/linux/net_socket.cpp:10[m[K:
[16.648s] [01m[K/workspace/ros2_ws/src/sllidar_ros2/./sdk/include/sl_lidar_cmd.h:324:20:[m[K [01;35m[Kwarning: [m[KISO C++ forbids zero-size array ‘[01m[Kpayload[m[K’ [[01;35m[K-Wpedantic[m[K]
[16.648s]   324 |     sl_u8  payload[[01;35m[K0[m[K];
[16.648s]       |                    [01;35m[K^[m[K
[17.097s] In file included from [01m[K/workspace/ros2_ws/src/sllidar_ros2/./sdk/src/arch/linux/arch_linux.h:42[m[K,
[17.098s]                  from [01m[K/workspace/ros2_ws/src/sllidar_ros2/./sdk/src/sdkcommon.h:41[m[K,
[17.098s]                  from [01m[K/workspace/ros2_ws/src/sllidar_ros2/sdk/src/arch/linux/net_socket.cpp:10[m[K:
[17.098s] [01m[K/workspace/ros2_ws/src/sllidar_ros2/sdk/src/arch/linux/net_socket.cpp:[m[K In member function ‘[01m[Kvirtual u_result rp::arch::net::DGramSocketImpl::sendTo(const rp::net::SocketAddress*, const void*, size_t)[m[K’:
[17.099s] [01m[K/workspace/ros2_ws/src/sllidar_ros2/sdk/src/arch/linux/net_socket.cpp:733:24:[m[K [01;35m[Kwarning: [m[Kcomparison of integer expressions of different signedness: ‘[01m[Kint[m[K’ and ‘[01m[Ksize_t[m[K’ {aka ‘[01m[Klong unsigned int[m[K’} [[01;35m[K-Wsign-compare[m[K]
[17.099s]   733 |             assert([01;35m[Kans == len[m[K);
[17.099s]       |                    [01;35m[K~~~~^~~~~~[m[K
[17.219s] [01m[K/workspace/ros2_ws/src/sllidar_ros2/sdk/src/arch/linux/net_serial.cpp:[m[K In member function ‘[01m[Kbool rp::arch::net::raw_serial::open(const char*, uint32_t, uint32_t)[m[K’:
[17.220s] [01m[K/workspace/ros2_ws/src/sllidar_ros2/sdk/src/arch/linux/net_serial.cpp:97:74:[m[K [01;35m[Kwarning: [m[Kunused parameter ‘[01m[Kflags[m[K’ [[01;35m[K-Wunused-parameter[m[K]
[17.220s]    97 | bool raw_serial::open(const char * portname, uint32_t baudrate, [01;35m[Kuint32_t flags[m[K)
[17.220s]       |                                                                 [01;35m[K~~~~~~~~~^~~~~[m[K
[17.224s] [01m[K/workspace/ros2_ws/src/sllidar_ros2/sdk/src/arch/linux/net_serial.cpp:[m[K In member function ‘[01m[Kvirtual void rp::arch::net::raw_serial::flush(_u32)[m[K’:
[17.225s] [01m[K/workspace/ros2_ws/src/sllidar_ros2/sdk/src/arch/linux/net_serial.cpp:281:30:[m[K [01;35m[Kwarning: [m[Kunused parameter ‘[01m[Kflags[m[K’ [[01;35m[K-Wunused-parameter[m[K]
[17.225s]   281 | void raw_serial::flush( [01;35m[K_u32 flags[m[K)
[17.226s]       |                         [01;35m[K~~~~~^~~~~[m[K
[17.226s] [01m[K/workspace/ros2_ws/src/sllidar_ros2/sdk/src/arch/linux/net_serial.cpp:[m[K In member function ‘[01m[Kvirtual int rp::arch::net::raw_serial::waitforsent(_u32, size_t*)[m[K’:
[17.226s] [01m[K/workspace/ros2_ws/src/sllidar_ros2/sdk/src/arch/linux/net_serial.cpp:286:34:[m[K [01;35m[Kwarning: [m[Kunused parameter ‘[01m[Ktimeout[m[K’ [[01;35m[K-Wunused-parameter[m[K]
[17.226s]   286 | int raw_serial::waitforsent([01;35m[K_u32 timeout[m[K, size_t * returned_size)
[17.227s]       |                             [01;35m[K~~~~~^~~~~~~[m[K
[17.227s] [01m[K/workspace/ros2_ws/src/sllidar_ros2/sdk/src/arch/linux/net_serial.cpp:[m[K In member function ‘[01m[Kvirtual int rp::arch::net::raw_serial::waitforrecv(_u32, size_t*)[m[K’:
[17.228s] [01m[K/workspace/ros2_ws/src/sllidar_ros2/sdk/src/arch/linux/net_serial.cpp:292:34:[m[K [01;35m[Kwarning: [m[Kunused parameter ‘[01m[Ktimeout[m[K’ [[01;35m[K-Wunused-parameter[m[K]
[17.228s]   292 | int raw_serial::waitforrecv([01;35m[K_u32 timeout[m[K, size_t * returned_size)
[17.228s]       |                             [01;35m[K~~~~~^~~~~~~[m[K
[17.230s] [01m[K/workspace/ros2_ws/src/sllidar_ros2/sdk/src/arch/linux/net_serial.cpp:[m[K In member function ‘[01m[Kvirtual void rp::arch::net::raw_serial::cancelOperation()[m[K’:
[17.231s] [01m[K/workspace/ros2_ws/src/sllidar_ros2/sdk/src/arch/linux/net_serial.cpp:427:5:[m[K [01;35m[Kwarning: [m[Kvalue computed is not used [[01;35m[K-Wunused-value[m[K]
[17.232s]   427 |     [01;35m[K(int)::write(_selfpipe[1], "x", 1)[m[K;
[17.233s]       |     [01;35m[K^~~~~~~~~~~~~~~~~~~~~~~~~~~~~~~~~~[m[K
[17.835s] [ 25%] [32mBuilding CXX object CMakeFiles/sllidar_node.dir/sdk/src/arch/linux/timer.cpp.o[0m
[18.207s] [ 30%] [32mBuilding CXX object CMakeFiles/sllidar_node.dir/sdk/src/dataunpacker/dataunpacker.cpp.o[0m
[21.339s] [ 35%] [32mBuilding CXX object CMakeFiles/sllidar_node.dir/sdk/src/dataunpacker/unpacker/handler_capsules.cpp.o[0m
[21.588s] In file included from [01m[K/workspace/ros2_ws/src/sllidar_ros2/./sdk/include/rplidar_protocol.h:36[m[K,
[21.589s]                  from [01m[K/workspace/ros2_ws/src/sllidar_ros2/./sdk/include/rplidar.h:39[m[K,
[21.589s]                  from [01m[K/workspace/ros2_ws/src/sllidar_ros2/./sdk/src/sdkcommon.h:49[m[K,
[21.589s]                  from [01m[K/workspace/ros2_ws/src/sllidar_ros2/sdk/src/dataunpacker/dataunnpacker_commondef.h:41[m[K,
[21.590s]                  from [01m[K/workspace/ros2_ws/src/sllidar_ros2/sdk/src/dataunpacker/dataunpacker.cpp:39[m[K:
[21.590s] [01m[K/workspace/ros2_ws/src/sllidar_ros2/./sdk/include/sl_lidar_protocol.h:66:16:[m[K [01;35m[Kwarning: [m[KISO C++ forbids zero-size array ‘[01m[Kdata[m[K’ [[01;35m[K-Wpedantic[m[K]
[21.590s]    66 |     sl_u8 data[[01;35m[K0[m[K];
[21.591s]       |                [01;35m[K^[m[K
[21.595s] In file included from [01m[K/workspace/ros2_ws/src/sllidar_ros2/./sdk/include/rplidar_cmd.h:36[m[K,
[21.595s]                  from [01m[K/workspace/ros2_ws/src/sllidar_ros2/./sdk/include/rplidar.h:40[m[K,
[21.596s]                  from [01m[K/workspace/ros2_ws/src/sllidar_ros2/./sdk/src/sdkcommon.h:49[m[K,
[21.596s]                  from [01m[K/workspace/ros2_ws/src/sllidar_ros2/sdk/src/dataunpacker/dataunnpacker_commondef.h:41[m[K,
[21.597s]                  from [01m[K/workspace/ros2_ws/src/sllidar_ros2/sdk/src/dataunpacker/dataunpacker.cpp:39[m[K:
[21.597s] [01m[K/workspace/ros2_ws/src/sllidar_ros2/./sdk/include/sl_lidar_cmd.h:324:20:[m[K [01;35m[Kwarning: [m[KISO C++ forbids zero-size array ‘[01m[Kpayload[m[K’ [[01;35m[K-Wpedantic[m[K]
[21.597s]   324 |     sl_u8  payload[[01;35m[K0[m[K];
[21.597s]       |                    [01;35m[K^[m[K
[23.122s] In file included from [01m[K/workspace/ros2_ws/src/sllidar_ros2/sdk/src/dataunpacker/dataunpacker.cpp:40[m[K:
[23.123s] [01m[K/workspace/ros2_ws/src/sllidar_ros2/sdk/src/dataunpacker/dataunpacker.h:[m[K In member function ‘[01m[Kvirtual void sl::internal::LIDARSampleDataListener::onCustomSampleDataDecoded(_u8, _u32, const void*, size_t)[m[K’:
[23.124s] [01m[K/workspace/ros2_ws/src/sllidar_ros2/sdk/src/dataunpacker/dataunpacker.h:54:45:[m[K [01;35m[Kwarning: [m[Kunused parameter ‘[01m[KansType[m[K’ [[01;35m[K-Wunused-parameter[m[K]
[23.125s]    54 |  virtual void onCustomSampleDataDecoded([01;35m[K_u8 ansType[m[K, _u32 customCode, const void* data, size_t size) {}
[23.126s]       |                                         [01;35m[K~~~~^~~~~~~[m[K
[23.126s] [01m[K/workspace/ros2_ws/src/sllidar_ros2/sdk/src/dataunpacker/dataunpacker.h:54:59:[m[K [01;35m[Kwarning: [m[Kunused parameter ‘[01m[KcustomCode[m[K’ [[01;35m[K-Wunused-parameter[m[K]
[23.127s]    54 |  virtual void onCustomSampleDataDecoded(_u8 ansType, [01;35m[K_u32 customCode[m[K, const void* data, size_t size) {}
[23.128s]       |                                                      [01;35m[K~~~~~^~~~~~~~~~[m[K
[23.128s] [01m[K/workspace/ros2_ws/src/sllidar_ros2/sdk/src/dataunpacker/dataunpacker.h:54:83:[m[K [01;35m[Kwarning: [m[Kunused parameter ‘[01m[Kdata[m[K’ [[01;35m[K-Wunused-parameter[m[K]
[23.129s]    54 |  virtual void onCustomSampleDataDecoded(_u8 ansType, _u32 customCode, [01;35m[Kconst void* data[m[K, size_t size) {}
[23.130s]       |                                                                       [01;35m[K~~~~~~~~~~~~^~~~[m[K
[23.130s] [01m[K/workspace/ros2_ws/src/sllidar_ros2/sdk/src/dataunpacker/dataunpacker.h:54:96:[m[K [01;35m[Kwarning: [m[Kunused parameter ‘[01m[Ksize[m[K’ [[01;35m[K-Wunused-parameter[m[K]
[23.131s]    54 |  virtual void onCustomSampleDataDecoded(_u8 ansType, _u32 customCode, const void* data, [01;35m[Ksize_t size[m[K) {}
[23.133s]       |                                                                                         [01;35m[K~~~~~~~^~~~[m[K
[23.134s] [01m[K/workspace/ros2_ws/src/sllidar_ros2/sdk/src/dataunpacker/dataunpacker.h:[m[K In member function ‘[01m[Kvirtual void sl::internal::LIDARSampleDataListener::onDecodingError(int, _u8, const void*, size_t)[m[K’:
[23.135s] [01m[K/workspace/ros2_ws/src/sllidar_ros2/sdk/src/dataunpacker/dataunpacker.h:56:35:[m[K [01;35m[Kwarning: [m[Kunused parameter ‘[01m[KerrMsg[m[K’ [[01;35m[K-Wunused-parameter[m[K]
[23.135s]    56 |  virtual void onDecodingError([01;35m[Kint errMsg[m[K, _u8 ansType, const void* payload, size_t size) {}
[23.136s]       |                               [01;35m[K~~~~^~~~~~[m[K
[23.137s] [01m[K/workspace/ros2_ws/src/sllidar_ros2/sdk/src/dataunpacker/dataunpacker.h:56:47:[m[K [01;35m[Kwarning: [m[Kunused parameter ‘[01m[KansType[m[K’ [[01;35m[K-Wunused-parameter[m[K]
[23.137s]    56 |  virtual void onDecodingError(int errMsg, [01;35m[K_u8 ansType[m[K, const void* payload, size_t size) {}
[23.138s]       |                                           [01;35m[K~~~~^~~~~~~[m[K
[23.139s] [01m[K/workspace/ros2_ws/src/sllidar_ros2/sdk/src/dataunpacker/dataunpacker.h:56:68:[m[K [01;35m[Kwarning: [m[Kunused parameter ‘[01m[Kpayload[m[K’ [[01;35m[K-Wunused-parameter[m[K]
[23.140s]    56 |  virtual void onDecodingError(int errMsg, _u8 ansType, [01;35m[Kconst void* payload[m[K, size_t size) {}
[23.140s]       |                                                        [01;35m[K~~~~~~~~~~~~^~~~~~~[m[K
[23.151s] [01m[K/workspace/ros2_ws/src/sllidar_ros2/sdk/src/dataunpacker/dataunpacker.h:56:84:[m[K [01;35m[Kwarning: [m[Kunused parameter ‘[01m[Ksize[m[K’ [[01;35m[K-Wunused-parameter[m[K]
[23.152s]    56 |  virtual void onDecodingError(int errMsg, _u8 ansType, const void* payload, [01;35m[Ksize_t size[m[K) {}
[23.152s]       |                                                                             [01;35m[K~~~~~~~^~~~[m[K
[24.307s] In file included from [01m[K/workspace/ros2_ws/src/sllidar_ros2/./sdk/include/rplidar_protocol.h:36[m[K,
[24.308s]                  from [01m[K/workspace/ros2_ws/src/sllidar_ros2/./sdk/include/rplidar.h:39[m[K,
[24.308s]                  from [01m[K/workspace/ros2_ws/src/sllidar_ros2/./sdk/src/sdkcommon.h:49[m[K,
[24.308s]                  from [01m[K/workspace/ros2_ws/src/sllidar_ros2/sdk/src/dataunpacker/unpacker/../dataunnpacker_commondef.h:41[m[K,
[24.309s]                  from [01m[K/workspace/ros2_ws/src/sllidar_ros2/sdk/src/dataunpacker/unpacker/handler_capsules.cpp:39[m[K:
[24.309s] [01m[K/workspace/ros2_ws/src/sllidar_ros2/./sdk/include/sl_lidar_protocol.h:66:16:[m[K [01;35m[Kwarning: [m[KISO C++ forbids zero-size array ‘[01m[Kdata[m[K’ [[01;35m[K-Wpedantic[m[K]
[24.309s]    66 |     sl_u8 data[[01;35m[K0[m[K];
[24.310s]       |                [01;35m[K^[m[K
[24.311s] In file included from [01m[K/workspace/ros2_ws/src/sllidar_ros2/./sdk/include/rplidar_cmd.h:36[m[K,
[24.311s]                  from [01m[K/workspace/ros2_ws/src/sllidar_ros2/./sdk/include/rplidar.h:40[m[K,
[24.311s]                  from [01m[K/workspace/ros2_ws/src/sllidar_ros2/./sdk/src/sdkcommon.h:49[m[K,
[24.312s]                  from [01m[K/workspace/ros2_ws/src/sllidar_ros2/sdk/src/dataunpacker/unpacker/../dataunnpacker_commondef.h:41[m[K,
[24.312s]                  from [01m[K/workspace/ros2_ws/src/sllidar_ros2/sdk/src/dataunpacker/unpacker/handler_capsules.cpp:39[m[K:
[24.312s] [01m[K/workspace/ros2_ws/src/sllidar_ros2/./sdk/include/sl_lidar_cmd.h:324:20:[m[K [01;35m[Kwarning: [m[KISO C++ forbids zero-size array ‘[01m[Kpayload[m[K’ [[01;35m[K-Wpedantic[m[K]
[24.312s]   324 |     sl_u8  payload[[01;35m[K0[m[K];
[24.313s]       |                    [01;35m[K^[m[K
[24.642s] [ 40%] [32mBuilding CXX object CMakeFiles/sllidar_node.dir/sdk/src/dataunpacker/unpacker/handler_hqnode.cpp.o[0m
[25.467s] In file included from [01m[K/workspace/ros2_ws/src/sllidar_ros2/sdk/src/dataunpacker/unpacker/handler_capsules.cpp:40[m[K:
[25.468s] [01m[K/workspace/ros2_ws/src/sllidar_ros2/sdk/src/dataunpacker/unpacker/../dataunpacker.h:[m[K In member function ‘[01m[Kvirtual void sl::internal::LIDARSampleDataListener::onCustomSampleDataDecoded(_u8, _u32, const void*, size_t)[m[K’:
[25.468s] [01m[K/workspace/ros2_ws/src/sllidar_ros2/sdk/src/dataunpacker/unpacker/../dataunpacker.h:54:45:[m[K [01;35m[Kwarning: [m[Kunused parameter ‘[01m[KansType[m[K’ [[01;35m[K-Wunused-parameter[m[K]
[25.468s]    54 |  virtual void onCustomSampleDataDecoded([01;35m[K_u8 ansType[m[K, _u32 customCode, const void* data, size_t size) {}
[25.469s]       |                                         [01;35m[K~~~~^~~~~~~[m[K
[25.469s] [01m[K/workspace/ros2_ws/src/sllidar_ros2/sdk/src/dataunpacker/unpacker/../dataunpacker.h:54:59:[m[K [01;35m[Kwarning: [m[Kunused parameter ‘[01m[KcustomCode[m[K’ [[01;35m[K-Wunused-parameter[m[K]
[25.470s]    54 |  virtual void onCustomSampleDataDecoded(_u8 ansType, [01;35m[K_u32 customCode[m[K, const void* data, size_t size) {}
[25.470s]       |                                                      [01;35m[K~~~~~^~~~~~~~~~[m[K
[25.470s] [01m[K/workspace/ros2_ws/src/sllidar_ros2/sdk/src/dataunpacker/unpacker/../dataunpacker.h:54:83:[m[K [01;35m[Kwarning: [m[Kunused parameter ‘[01m[Kdata[m[K’ [[01;35m[K-Wunused-parameter[m[K]
[25.471s]    54 |  virtual void onCustomSampleDataDecoded(_u8 ansType, _u32 customCode, [01;35m[Kconst void* data[m[K, size_t size) {}
[25.471s]       |                                                                       [01;35m[K~~~~~~~~~~~~^~~~[m[K
[25.471s] [01m[K/workspace/ros2_ws/src/sllidar_ros2/sdk/src/dataunpacker/unpacker/../dataunpacker.h:54:96:[m[K [01;35m[Kwarning: [m[Kunused parameter ‘[01m[Ksize[m[K’ [[01;35m[K-Wunused-parameter[m[K]
[25.472s]    54 |  virtual void onCustomSampleDataDecoded(_u8 ansType, _u32 customCode, const void* data, [01;35m[Ksize_t size[m[K) {}
[25.472s]       |                                                                                         [01;35m[K~~~~~~~^~~~[m[K
[25.472s] [01m[K/workspace/ros2_ws/src/sllidar_ros2/sdk/src/dataunpacker/unpacker/../dataunpacker.h:[m[K In member function ‘[01m[Kvirtual void sl::internal::LIDARSampleDataListener::onDecodingError(int, _u8, const void*, size_t)[m[K’:
[25.473s] [01m[K/workspace/ros2_ws/src/sllidar_ros2/sdk/src/dataunpacker/unpacker/../dataunpacker.h:56:35:[m[K [01;35m[Kwarning: [m[Kunused parameter ‘[01m[KerrMsg[m[K’ [[01;35m[K-Wunused-parameter[m[K]
[25.473s]    56 |  virtual void onDecodingError([01;35m[Kint errMsg[m[K, _u8 ansType, const void* payload, size_t size) {}
[25.473s]       |                               [01;35m[K~~~~^~~~~~[m[K
[25.474s] [01m[K/workspace/ros2_ws/src/sllidar_ros2/sdk/src/dataunpacker/unpacker/../dataunpacker.h:56:47:[m[K [01;35m[Kwarning: [m[Kunused parameter ‘[01m[KansType[m[K’ [[01;35m[K-Wunused-parameter[m[K]
[25.474s]    56 |  virtual void onDecodingError(int errMsg, [01;35m[K_u8 ansType[m[K, const void* payload, size_t size) {}
[25.474s]       |                                           [01;35m[K~~~~^~~~~~~[m[K
[25.474s] [01m[K/workspace/ros2_ws/src/sllidar_ros2/sdk/src/dataunpacker/unpacker/../dataunpacker.h:56:68:[m[K [01;35m[Kwarning: [m[Kunused parameter ‘[01m[Kpayload[m[K’ [[01;35m[K-Wunused-parameter[m[K]
[25.475s]    56 |  virtual void onDecodingError(int errMsg, _u8 ansType, [01;35m[Kconst void* payload[m[K, size_t size) {}
[25.475s]       |                                                        [01;35m[K~~~~~~~~~~~~^~~~~~~[m[K
[25.475s] [01m[K/workspace/ros2_ws/src/sllidar_ros2/sdk/src/dataunpacker/unpacker/../dataunpacker.h:56:84:[m[K [01;35m[Kwarning: [m[Kunused parameter ‘[01m[Ksize[m[K’ [[01;35m[K-Wunused-parameter[m[K]
[25.476s]    56 |  virtual void onDecodingError(int errMsg, _u8 ansType, const void* payload, [01;35m[Ksize_t size[m[K) {}
[25.476s]       |                                                                             [01;35m[K~~~~~~~^~~~[m[K
[25.583s] [01m[K/workspace/ros2_ws/src/sllidar_ros2/sdk/src/dataunpacker/unpacker/handler_capsules.cpp:[m[K In member function ‘[01m[Kvoid sl::internal::unpacker::UnpackerHandler_DenseCapsuleNode::_onScanNodeDenseCapsuleData(rplidar_response_dense_capsule_measurement_nodes_t&, sl::internal::LIDARSampleDataUnpackerInner*)[m[K’:
[25.584s] [01m[K/workspace/ros2_ws/src/sllidar_ros2/sdk/src/dataunpacker/unpacker/handler_capsules.cpp:763:108:[m[K [01;35m[Kwarning: [m[Ktype qualifiers ignored on cast result type [[01;35m[K-Wignored-qualifiers[m[K]
[25.584s]   763 |             const int dist = static_cast<const int>(_cached_previous_dense_capsuledata.cabins[pos].distance[01;35m[K)[m[K;
[25.584s]       |                                                                                                            [01;35m[K^[m[K
[26.761s] [ 45%] [32mBuilding CXX object CMakeFiles/sllidar_node.dir/sdk/src/dataunpacker/unpacker/handler_normalnode.cpp.o[0m
[28.314s] In file included from [01m[K/workspace/ros2_ws/src/sllidar_ros2/./sdk/include/rplidar_protocol.h:36[m[K,
[28.315s]                  from [01m[K/workspace/ros2_ws/src/sllidar_ros2/./sdk/include/rplidar.h:39[m[K,
[28.315s]                  from [01m[K/workspace/ros2_ws/src/sllidar_ros2/./sdk/src/sdkcommon.h:49[m[K,
[28.316s]                  from [01m[K/workspace/ros2_ws/src/sllidar_ros2/sdk/src/dataunpacker/unpacker/../dataunnpacker_commondef.h:41[m[K,
[28.316s]                  from [01m[K/workspace/ros2_ws/src/sllidar_ros2/sdk/src/dataunpacker/unpacker/handler_hqnode.cpp:39[m[K:
[28.317s] [01m[K/workspace/ros2_ws/src/sllidar_ros2/./sdk/include/sl_lidar_protocol.h:66:16:[m[K [01;35m[Kwarning: [m[KISO C++ forbids zero-size array ‘[01m[Kdata[m[K’ [[01;35m[K-Wpedantic[m[K]
[28.317s]    66 |     sl_u8 data[[01;35m[K0[m[K];
[28.318s]       |                [01;35m[K^[m[K
[28.318s] In file included from [01m[K/workspace/ros2_ws/src/sllidar_ros2/./sdk/include/rplidar_cmd.h:36[m[K,
[28.318s]                  from [01m[K/workspace/ros2_ws/src/sllidar_ros2/./sdk/include/rplidar.h:40[m[K,
[28.318s]                  from [01m[K/workspace/ros2_ws/src/sllidar_ros2/./sdk/src/sdkcommon.h:49[m[K,
[28.319s]                  from [01m[K/workspace/ros2_ws/src/sllidar_ros2/sdk/src/dataunpacker/unpacker/../dataunnpacker_commondef.h:41[m[K,
[28.320s]                  from [01m[K/workspace/ros2_ws/src/sllidar_ros2/sdk/src/dataunpacker/unpacker/handler_hqnode.cpp:39[m[K:
[28.320s] [01m[K/workspace/ros2_ws/src/sllidar_ros2/./sdk/include/sl_lidar_cmd.h:324:20:[m[K [01;35m[Kwarning: [m[KISO C++ forbids zero-size array ‘[01m[Kpayload[m[K’ [[01;35m[K-Wpedantic[m[K]
[28.320s]   324 |     sl_u8  payload[[01;35m[K0[m[K];
[28.321s]       |                    [01;35m[K^[m[K
[29.661s] In file included from [01m[K/workspace/ros2_ws/src/sllidar_ros2/sdk/src/dataunpacker/unpacker/handler_hqnode.cpp:40[m[K:
[29.662s] [01m[K/workspace/ros2_ws/src/sllidar_ros2/sdk/src/dataunpacker/unpacker/../dataunpacker.h:[m[K In member function ‘[01m[Kvirtual void sl::internal::LIDARSampleDataListener::onCustomSampleDataDecoded(_u8, _u32, const void*, size_t)[m[K’:
[29.662s] [01m[K/workspace/ros2_ws/src/sllidar_ros2/sdk/src/dataunpacker/unpacker/../dataunpacker.h:54:45:[m[K [01;35m[Kwarning: [m[Kunused parameter ‘[01m[KansType[m[K’ [[01;35m[K-Wunused-parameter[m[K]
[29.663s]    54 |  virtual void onCustomSampleDataDecoded([01;35m[K_u8 ansType[m[K, _u32 customCode, const void* data, size_t size) {}
[29.663s]       |                                         [01;35m[K~~~~^~~~~~~[m[K
[29.664s] [01m[K/workspace/ros2_ws/src/sllidar_ros2/sdk/src/dataunpacker/unpacker/../dataunpacker.h:54:59:[m[K [01;35m[Kwarning: [m[Kunused parameter ‘[01m[KcustomCode[m[K’ [[01;35m[K-Wunused-parameter[m[K]
[29.664s]    54 |  virtual void onCustomSampleDataDecoded(_u8 ansType, [01;35m[K_u32 customCode[m[K, const void* data, size_t size) {}
[29.664s]       |                                                      [01;35m[K~~~~~^~~~~~~~~~[m[K
[29.665s] [01m[K/workspace/ros2_ws/src/sllidar_ros2/sdk/src/dataunpacker/unpacker/../dataunpacker.h:54:83:[m[K [01;35m[Kwarning: [m[Kunused parameter ‘[01m[Kdata[m[K’ [[01;35m[K-Wunused-parameter[m[K]
[29.665s]    54 |  virtual void onCustomSampleDataDecoded(_u8 ansType, _u32 customCode, [01;35m[Kconst void* data[m[K, size_t size) {}
[29.665s]       |                                                                       [01;35m[K~~~~~~~~~~~~^~~~[m[K
[29.665s] [01m[K/workspace/ros2_ws/src/sllidar_ros2/sdk/src/dataunpacker/unpacker/../dataunpacker.h:54:96:[m[K [01;35m[Kwarning: [m[Kunused parameter ‘[01m[Ksize[m[K’ [[01;35m[K-Wunused-parameter[m[K]
[29.667s]    54 |  virtual void onCustomSampleDataDecoded(_u8 ansType, _u32 customCode, const void* data, [01;35m[Ksize_t size[m[K) {}
[29.667s]       |                                                                                         [01;35m[K~~~~~~~^~~~[m[K
[29.668s] [01m[K/workspace/ros2_ws/src/sllidar_ros2/sdk/src/dataunpacker/unpacker/../dataunpacker.h:[m[K In member function ‘[01m[Kvirtual void sl::internal::LIDARSampleDataListener::onDecodingError(int, _u8, const void*, size_t)[m[K’:
[29.668s] [01m[K/workspace/ros2_ws/src/sllidar_ros2/sdk/src/dataunpacker/unpacker/../dataunpacker.h:56:35:[m[K [01;35m[Kwarning: [m[Kunused parameter ‘[01m[KerrMsg[m[K’ [[01;35m[K-Wunused-parameter[m[K]
[29.668s]    56 |  virtual void onDecodingError([01;35m[Kint errMsg[m[K, _u8 ansType, const void* payload, size_t size) {}
[29.668s]       |                               [01;35m[K~~~~^~~~~~[m[K
[29.669s] [01m[K/workspace/ros2_ws/src/sllidar_ros2/sdk/src/dataunpacker/unpacker/../dataunpacker.h:56:47:[m[K [01;35m[Kwarning: [m[Kunused parameter ‘[01m[KansType[m[K’ [[01;35m[K-Wunused-parameter[m[K]
[29.669s]    56 |  virtual void onDecodingError(int errMsg, [01;35m[K_u8 ansType[m[K, const void* payload, size_t size) {}
[29.670s]       |                                           [01;35m[K~~~~^~~~~~~[m[K
[29.670s] [01m[K/workspace/ros2_ws/src/sllidar_ros2/sdk/src/dataunpacker/unpacker/../dataunpacker.h:56:68:[m[K [01;35m[Kwarning: [m[Kunused parameter ‘[01m[Kpayload[m[K’ [[01;35m[K-Wunused-parameter[m[K]
[29.670s]    56 |  virtual void onDecodingError(int errMsg, _u8 ansType, [01;35m[Kconst void* payload[m[K, size_t size) {}
[29.670s]       |                                                        [01;35m[K~~~~~~~~~~~~^~~~~~~[m[K
[29.671s] [01m[K/workspace/ros2_ws/src/sllidar_ros2/sdk/src/dataunpacker/unpacker/../dataunpacker.h:56:84:[m[K [01;35m[Kwarning: [m[Kunused parameter ‘[01m[Ksize[m[K’ [[01;35m[K-Wunused-parameter[m[K]
[29.671s]    56 |  virtual void onDecodingError(int errMsg, _u8 ansType, const void* payload, [01;35m[Ksize_t size[m[K) {}
[29.671s]       |                                                                             [01;35m[K~~~~~~~^~~~[m[K
[29.953s] In file included from [01m[K/workspace/ros2_ws/src/sllidar_ros2/./sdk/include/rplidar_protocol.h:36[m[K,
[29.954s]                  from [01m[K/workspace/ros2_ws/src/sllidar_ros2/./sdk/include/rplidar.h:39[m[K,
[29.954s]                  from [01m[K/workspace/ros2_ws/src/sllidar_ros2/./sdk/src/sdkcommon.h:49[m[K,
[29.954s]                  from [01m[K/workspace/ros2_ws/src/sllidar_ros2/sdk/src/dataunpacker/unpacker/../dataunnpacker_commondef.h:41[m[K,
[29.955s]                  from [01m[K/workspace/ros2_ws/src/sllidar_ros2/sdk/src/dataunpacker/unpacker/handler_normalnode.cpp:39[m[K:
[29.955s] [01m[K/workspace/ros2_ws/src/sllidar_ros2/./sdk/include/sl_lidar_protocol.h:66:16:[m[K [01;35m[Kwarning: [m[KISO C++ forbids zero-size array ‘[01m[Kdata[m[K’ [[01;35m[K-Wpedantic[m[K]
[29.955s]    66 |     sl_u8 data[[01;35m[K0[m[K];
[29.956s]       |                [01;35m[K^[m[K
[29.958s] In file included from [01m[K/workspace/ros2_ws/src/sllidar_ros2/./sdk/include/rplidar_cmd.h:36[m[K,
[29.959s]                  from [01m[K/workspace/ros2_ws/src/sllidar_ros2/./sdk/include/rplidar.h:40[m[K,
[29.959s]                  from [01m[K/workspace/ros2_ws/src/sllidar_ros2/./sdk/src/sdkcommon.h:49[m[K,
[29.961s]                  from [01m[K/workspace/ros2_ws/src/sllidar_ros2/sdk/src/dataunpacker/unpacker/../dataunnpacker_commondef.h:41[m[K,
[29.961s]                  from [01m[K/workspace/ros2_ws/src/sllidar_ros2/sdk/src/dataunpacker/unpacker/handler_normalnode.cpp:39[m[K:
[29.962s] [01m[K/workspace/ros2_ws/src/sllidar_ros2/./sdk/include/sl_lidar_cmd.h:324:20:[m[K [01;35m[Kwarning: [m[KISO C++ forbids zero-size array ‘[01m[Kpayload[m[K’ [[01;35m[K-Wpedantic[m[K]
[29.962s]   324 |     sl_u8  payload[[01;35m[K0[m[K];
[29.962s]       |                    [01;35m[K^[m[K
[30.303s] In file included from [01m[K/workspace/ros2_ws/src/sllidar_ros2/./sdk/include/sl_lidar_cmd.h:41[m[K,
[30.303s]                  from [01m[K/workspace/ros2_ws/src/sllidar_ros2/./sdk/include/sl_lidar_driver.h:54[m[K,
[30.304s]                  from [01m[K/workspace/ros2_ws/src/sllidar_ros2/./sdk/include/sl_lidar.h:36[m[K,
[30.304s]                  from [01m[K/workspace/ros2_ws/src/sllidar_ros2/src/sllidar_node.cpp:38[m[K:
[30.304s] [01m[K/workspace/ros2_ws/src/sllidar_ros2/./sdk/include/sl_lidar_protocol.h:66:16:[m[K [01;35m[Kwarning: [m[KISO C++ forbids zero-size array ‘[01m[Kdata[m[K’ [[01;35m[K-Wpedantic[m[K]
[30.305s]    66 |     sl_u8 data[[01;35m[K0[m[K];
[30.305s]       |                [01;35m[K^[m[K
[30.306s] In file included from [01m[K/workspace/ros2_ws/src/sllidar_ros2/./sdk/include/sl_lidar_driver.h:54[m[K,
[30.307s]                  from [01m[K/workspace/ros2_ws/src/sllidar_ros2/./sdk/include/sl_lidar.h:36[m[K,
[30.307s]                  from [01m[K/workspace/ros2_ws/src/sllidar_ros2/src/sllidar_node.cpp:38[m[K:
[30.307s] [01m[K/workspace/ros2_ws/src/sllidar_ros2/./sdk/include/sl_lidar_cmd.h:324:20:[m[K [01;35m[Kwarning: [m[KISO C++ forbids zero-size array ‘[01m[Kpayload[m[K’ [[01;35m[K-Wpedantic[m[K]
[30.308s]   324 |     sl_u8  payload[[01;35m[K0[m[K];
[30.308s]       |                    [01;35m[K^[m[K
[30.519s] [ 50%] [32mBuilding CXX object CMakeFiles/sllidar_node.dir/sdk/src/hal/thread.cpp.o[0m
[31.154s] In file included from [01m[K/workspace/ros2_ws/src/sllidar_ros2/sdk/src/dataunpacker/unpacker/handler_normalnode.cpp:40[m[K:
[31.155s] [01m[K/workspace/ros2_ws/src/sllidar_ros2/sdk/src/dataunpacker/unpacker/../dataunpacker.h:[m[K In member function ‘[01m[Kvirtual void sl::internal::LIDARSampleDataListener::onCustomSampleDataDecoded(_u8, _u32, const void*, size_t)[m[K’:
[31.155s] [01m[K/workspace/ros2_ws/src/sllidar_ros2/sdk/src/dataunpacker/unpacker/../dataunpacker.h:54:45:[m[K [01;35m[Kwarning: [m[Kunused parameter ‘[01m[KansType[m[K’ [[01;35m[K-Wunused-parameter[m[K]
[31.156s]    54 |  virtual void onCustomSampleDataDecoded([01;35m[K_u8 ansType[m[K, _u32 customCode, const void* data, size_t size) {}
[31.156s]       |                                         [01;35m[K~~~~^~~~~~~[m[K
[31.157s] [01m[K/workspace/ros2_ws/src/sllidar_ros2/sdk/src/dataunpacker/unpacker/../dataunpacker.h:54:59:[m[K [01;35m[Kwarning: [m[Kunused parameter ‘[01m[KcustomCode[m[K’ [[01;35m[K-Wunused-parameter[m[K]
[31.157s]    54 |  virtual void onCustomSampleDataDecoded(_u8 ansType, [01;35m[K_u32 customCode[m[K, const void* data, size_t size) {}
[31.159s]       |                                                      [01;35m[K~~~~~^~~~~~~~~~[m[K
[31.159s] [01m[K/workspace/ros2_ws/src/sllidar_ros2/sdk/src/dataunpacker/unpacker/../dataunpacker.h:54:83:[m[K [01;35m[Kwarning: [m[Kunused parameter ‘[01m[Kdata[m[K’ [[01;35m[K-Wunused-parameter[m[K]
[31.159s]    54 |  virtual void onCustomSampleDataDecoded(_u8 ansType, _u32 customCode, [01;35m[Kconst void* data[m[K, size_t size) {}
[31.160s]       |                                                                       [01;35m[K~~~~~~~~~~~~^~~~[m[K
[31.160s] [01m[K/workspace/ros2_ws/src/sllidar_ros2/sdk/src/dataunpacker/unpacker/../dataunpacker.h:54:96:[m[K [01;35m[Kwarning: [m[Kunused parameter ‘[01m[Ksize[m[K’ [[01;35m[K-Wunused-parameter[m[K]
[31.161s]    54 |  virtual void onCustomSampleDataDecoded(_u8 ansType, _u32 customCode, const void* data, [01;35m[Ksize_t size[m[K) {}
[31.161s]       |                                                                                         [01;35m[K~~~~~~~^~~~[m[K
[31.162s] [01m[K/workspace/ros2_ws/src/sllidar_ros2/sdk/src/dataunpacker/unpacker/../dataunpacker.h:[m[K In member function ‘[01m[Kvirtual void sl::internal::LIDARSampleDataListener::onDecodingError(int, _u8, const void*, size_t)[m[K’:
[31.162s] [01m[K/workspace/ros2_ws/src/sllidar_ros2/sdk/src/dataunpacker/unpacker/../dataunpacker.h:56:35:[m[K [01;35m[Kwarning: [m[Kunused parameter ‘[01m[KerrMsg[m[K’ [[01;35m[K-Wunused-parameter[m[K]
[31.162s]    56 |  virtual void onDecodingError([01;35m[Kint errMsg[m[K, _u8 ansType, const void* payload, size_t size) {}
[31.163s]       |                               [01;35m[K~~~~^~~~~~[m[K
[31.163s] [01m[K/workspace/ros2_ws/src/sllidar_ros2/sdk/src/dataunpacker/unpacker/../dataunpacker.h:56:47:[m[K [01;35m[Kwarning: [m[Kunused parameter ‘[01m[KansType[m[K’ [[01;35m[K-Wunused-parameter[m[K]
[31.163s]    56 |  virtual void onDecodingError(int errMsg, [01;35m[K_u8 ansType[m[K, const void* payload, size_t size) {}
[31.164s]       |                                           [01;35m[K~~~~^~~~~~~[m[K
[31.164s] [01m[K/workspace/ros2_ws/src/sllidar_ros2/sdk/src/dataunpacker/unpacker/../dataunpacker.h:56:68:[m[K [01;35m[Kwarning: [m[Kunused parameter ‘[01m[Kpayload[m[K’ [[01;35m[K-Wunused-parameter[m[K]
[31.164s]    56 |  virtual void onDecodingError(int errMsg, _u8 ansType, [01;35m[Kconst void* payload[m[K, size_t size) {}
[31.165s]       |                                                        [01;35m[K~~~~~~~~~~~~^~~~~~~[m[K
[31.165s] [01m[K/workspace/ros2_ws/src/sllidar_ros2/sdk/src/dataunpacker/unpacker/../dataunpacker.h:56:84:[m[K [01;35m[Kwarning: [m[Kunused parameter ‘[01m[Ksize[m[K’ [[01;35m[K-Wunused-parameter[m[K]
[31.165s]    56 |  virtual void onDecodingError(int errMsg, _u8 ansType, const void* payload, [01;35m[Ksize_t size[m[K) {}
[31.165s]       |                                                                             [01;35m[K~~~~~~~^~~~[m[K
[32.035s] [ 55%] [32mBuilding CXX object CMakeFiles/sllidar_node.dir/sdk/src/rplidar_driver.cpp.o[0m
[33.775s] In file included from [01m[K/workspace/ros2_ws/src/sllidar_ros2/./sdk/include/rplidar_protocol.h:36[m[K,
[33.775s]                  from [01m[K/workspace/ros2_ws/src/sllidar_ros2/./sdk/include/rplidar.h:39[m[K,
[33.776s]                  from [01m[K/workspace/ros2_ws/src/sllidar_ros2/./sdk/src/sdkcommon.h:49[m[K,
[33.776s]                  from [01m[K/workspace/ros2_ws/src/sllidar_ros2/sdk/src/hal/thread.cpp:35[m[K:
[33.776s] [01m[K/workspace/ros2_ws/src/sllidar_ros2/./sdk/include/sl_lidar_protocol.h:66:16:[m[K [01;35m[Kwarning: [m[KISO C++ forbids zero-size array ‘[01m[Kdata[m[K’ [[01;35m[K-Wpedantic[m[K]
[33.777s]    66 |     sl_u8 data[[01;35m[K0[m[K];
[33.777s]       |                [01;35m[K^[m[K
[33.779s] In file included from [01m[K/workspace/ros2_ws/src/sllidar_ros2/./sdk/include/rplidar_cmd.h:36[m[K,
[33.779s]                  from [01m[K/workspace/ros2_ws/src/sllidar_ros2/./sdk/include/rplidar.h:40[m[K,
[33.779s]                  from [01m[K/workspace/ros2_ws/src/sllidar_ros2/./sdk/src/sdkcommon.h:49[m[K,
[33.780s]                  from [01m[K/workspace/ros2_ws/src/sllidar_ros2/sdk/src/hal/thread.cpp:35[m[K:
[33.780s] [01m[K/workspace/ros2_ws/src/sllidar_ros2/./sdk/include/sl_lidar_cmd.h:324:20:[m[K [01;35m[Kwarning: [m[KISO C++ forbids zero-size array ‘[01m[Kpayload[m[K’ [[01;35m[K-Wpedantic[m[K]
[33.780s]   324 |     sl_u8  payload[[01;35m[K0[m[K];
[33.781s]       |                    [01;35m[K^[m[K
[34.104s] In file included from [01m[K/workspace/ros2_ws/src/sllidar_ros2/sdk/src/hal/thread.cpp:43[m[K:
[34.105s] [01m[K/workspace/ros2_ws/src/sllidar_ros2/./sdk/src/arch/linux/thread.hpp:[m[K In static member function ‘[01m[Kstatic rp::hal::Thread rp::hal::Thread::create(thread_proc_t, void*)[m[K’:
[34.105s] [01m[K/workspace/ros2_ws/src/sllidar_ros2/./sdk/src/arch/linux/thread.hpp:52:77:[m[K [01;35m[Kwarning: [m[Kcast between incompatible function types from ‘[01m[Kthread_proc_t[m[K’ {aka ‘[01m[Klong unsigned int (*)(void*)[m[K’} to ‘[01m[Kvoid* (*)(void*)[m[K’ [[01;35m[K-Wcast-function-type[m[K]
[34.105s]    52 |     pthread_create((pthread_t *)&newborn._handle, NULL, (void * (*)(void *))[01;35m[Kproc[m[K, data);
[34.106s]       |                                                                             [01;35m[K^~~~[m[K
[34.119s] [01m[K/workspace/ros2_ws/src/sllidar_ros2/./sdk/src/arch/linux/thread.hpp:[m[K In member function ‘[01m[Ku_result rp::hal::Thread::join(long unsigned int)[m[K’:
[34.120s] [01m[K/workspace/ros2_ws/src/sllidar_ros2/./sdk/src/arch/linux/thread.hpp:176:37:[m[K [01;35m[Kwarning: [m[Kunused parameter ‘[01m[Ktimeout[m[K’ [[01;35m[K-Wunused-parameter[m[K]
[34.120s]   176 | u_result Thread::join([01;35m[Kunsigned long timeout[m[K)
[34.121s]       |                       [01;35m[K~~~~~~~~~~~~~~^~~~~~~[m[K
[34.768s] [ 60%] [32mBuilding CXX object CMakeFiles/sllidar_node.dir/sdk/src/sl_async_transceiver.cpp.o[0m
[35.212s] In file included from [01m[K/workspace/ros2_ws/src/sllidar_ros2/./sdk/include/rplidar_protocol.h:36[m[K,
[35.213s]                  from [01m[K/workspace/ros2_ws/src/sllidar_ros2/./sdk/include/rplidar.h:39[m[K,
[35.213s]                  from [01m[K/workspace/ros2_ws/src/sllidar_ros2/sdk/src/sdkcommon.h:49[m[K,
[35.214s]                  from [01m[K/workspace/ros2_ws/src/sllidar_ros2/sdk/src/rplidar_driver.cpp:33[m[K:
[35.214s] [01m[K/workspace/ros2_ws/src/sllidar_ros2/./sdk/include/sl_lidar_protocol.h:66:16:[m[K [01;35m[Kwarning: [m[KISO C++ forbids zero-size array ‘[01m[Kdata[m[K’ [[01;35m[K-Wpedantic[m[K]
[35.215s]    66 |     sl_u8 data[[01;35m[K0[m[K];
[35.215s]       |                [01;35m[K^[m[K
[35.217s] In file included from [01m[K/workspace/ros2_ws/src/sllidar_ros2/./sdk/include/rplidar_cmd.h:36[m[K,
[35.217s]                  from [01m[K/workspace/ros2_ws/src/sllidar_ros2/./sdk/include/rplidar.h:40[m[K,
[35.218s]                  from [01m[K/workspace/ros2_ws/src/sllidar_ros2/sdk/src/sdkcommon.h:49[m[K,
[35.218s]                  from [01m[K/workspace/ros2_ws/src/sllidar_ros2/sdk/src/rplidar_driver.cpp:33[m[K:
[35.218s] [01m[K/workspace/ros2_ws/src/sllidar_ros2/./sdk/include/sl_lidar_cmd.h:324:20:[m[K [01;35m[Kwarning: [m[KISO C++ forbids zero-size array ‘[01m[Kpayload[m[K’ [[01;35m[K-Wpedantic[m[K]
[35.219s]   324 |     sl_u8  payload[[01;35m[K0[m[K];
[35.220s]       |                    [01;35m[K^[m[K
[36.225s] [01m[K/workspace/ros2_ws/src/sllidar_ros2/sdk/src/rplidar_driver.cpp:[m[K In member function ‘[01m[Ku_result rp::standalone::rplidar::RPlidarDriver::connect(const char*, _u32, _u32)[m[K’:
[36.227s] [01m[K/workspace/ros2_ws/src/sllidar_ros2/sdk/src/rplidar_driver.cpp:67:77:[m[K [01;35m[Kwarning: [m[Kunused parameter ‘[01m[Kflag[m[K’ [[01;35m[K-Wunused-parameter[m[K]
[36.228s]    67 |     u_result RPlidarDriver::connect(const char *path, _u32 portOrBaud, [01;35m[K_u32 flag[m[K)
[36.229s]       |                                                                        [01;35m[K~~~~~^~~~[m[K
[36.230s] [01m[K/workspace/ros2_ws/src/sllidar_ros2/sdk/src/rplidar_driver.cpp:[m[K In member function ‘[01m[Ku_result rp::standalone::rplidar::RPlidarDriver::reset(_u32)[m[K’:
[36.231s] [01m[K/workspace/ros2_ws/src/sllidar_ros2/sdk/src/rplidar_driver.cpp:101:40:[m[K [01;35m[Kwarning: [m[Kunused parameter ‘[01m[Ktimeout[m[K’ [[01;35m[K-Wunused-parameter[m[K]
[36.232s]   101 |     u_result RPlidarDriver::reset([01;35m[K_u32 timeout[m[K)
[36.232s]       |                                   [01;35m[K~~~~~^~~~~~~[m[K
[36.244s] [01m[K/workspace/ros2_ws/src/sllidar_ros2/sdk/src/rplidar_driver.cpp:[m[K In member function ‘[01m[Ku_result rp::standalone::rplidar::RPlidarDriver::getScanDataWithInterval(rplidar_response_measurement_node_t*, size_t&)[m[K’:
[36.244s] [01m[K/workspace/ros2_ws/src/sllidar_ros2/sdk/src/rplidar_driver.cpp:180:91:[m[K [01;35m[Kwarning: [m[Kunused parameter ‘[01m[Knodebuffer[m[K’ [[01;35m[K-Wunused-parameter[m[K]
[36.245s]   180 |     u_result RPlidarDriver::getScanDataWithInterval([01;35m[Krplidar_response_measurement_node_t * nodebuffer[m[K, size_t & count)
[36.245s]       |                                                     [01;35m[K~~~~~~~~~~~~~~~~~~~~~~~~~~~~~~~~~~~~~~^~~~~~~~~~[m[K
[36.247s] [01m[K/workspace/ros2_ws/src/sllidar_ros2/sdk/src/rplidar_driver.cpp:180:112:[m[K [01;35m[Kwarning: [m[Kunused parameter ‘[01m[Kcount[m[K’ [[01;35m[K-Wunused-parameter[m[K]
[36.247s]   180 |     u_result RPlidarDriver::getScanDataWithInterval(rplidar_response_measurement_node_t * nodebuffer, [01;35m[Ksize_t & count[m[K)
[36.247s]       |                                                                                                       [01;35m[K~~~~~~~~~^~~~~[m[K
[37.049s] [ 65%] [32mBuilding CXX object CMakeFiles/sllidar_node.dir/sdk/src/sl_crc.cpp.o[0m
[37.348s] In file included from [01m[K/workspace/ros2_ws/src/sllidar_ros2/./sdk/include/sl_lidar_cmd.h:41[m[K,
[37.348s]                  from [01m[K/workspace/ros2_ws/src/sllidar_ros2/./sdk/include/sl_crc.h:36[m[K,
[37.349s]                  from [01m[K/workspace/ros2_ws/src/sllidar_ros2/sdk/src/sl_crc.cpp:33[m[K:
[37.349s] [01m[K/workspace/ros2_ws/src/sllidar_ros2/./sdk/include/sl_lidar_protocol.h:66:16:[m[K [01;35m[Kwarning: [m[KISO C++ forbids zero-size array ‘[01m[Kdata[m[K’ [[01;35m[K-Wpedantic[m[K]
[37.349s]    66 |     sl_u8 data[[01;35m[K0[m[K];
[37.350s]       |                [01;35m[K^[m[K
[37.363s] In file included from [01m[K/workspace/ros2_ws/src/sllidar_ros2/./sdk/include/sl_crc.h:36[m[K,
[37.363s]                  from [01m[K/workspace/ros2_ws/src/sllidar_ros2/sdk/src/sl_crc.cpp:33[m[K:
[37.363s] [01m[K/workspace/ros2_ws/src/sllidar_ros2/./sdk/include/sl_lidar_cmd.h:324:20:[m[K [01;35m[Kwarning: [m[KISO C++ forbids zero-size array ‘[01m[Kpayload[m[K’ [[01;35m[K-Wpedantic[m[K]
[37.365s]   324 |     sl_u8  payload[[01;35m[K0[m[K];
[37.365s]       |                    [01;35m[K^[m[K
[37.575s] [ 70%] [32mBuilding CXX object CMakeFiles/sllidar_node.dir/sdk/src/sl_lidar_driver.cpp.o[0m
[38.035s] In file included from [01m[K/workspace/ros2_ws/src/sllidar_ros2/./sdk/include/rplidar_protocol.h:36[m[K,
[38.036s]                  from [01m[K/workspace/ros2_ws/src/sllidar_ros2/./sdk/include/rplidar.h:39[m[K,
[38.036s]                  from [01m[K/workspace/ros2_ws/src/sllidar_ros2/sdk/src/sdkcommon.h:49[m[K,
[38.037s]                  from [01m[K/workspace/ros2_ws/src/sllidar_ros2/sdk/src/sl_async_transceiver.cpp:35[m[K:
[38.037s] [01m[K/workspace/ros2_ws/src/sllidar_ros2/./sdk/include/sl_lidar_protocol.h:66:16:[m[K [01;35m[Kwarning: [m[KISO C++ forbids zero-size array ‘[01m[Kdata[m[K’ [[01;35m[K-Wpedantic[m[K]
[38.038s]    66 |     sl_u8 data[[01;35m[K0[m[K];
[38.039s]       |                [01;35m[K^[m[K
[38.043s] In file included from [01m[K/workspace/ros2_ws/src/sllidar_ros2/./sdk/include/rplidar_cmd.h:36[m[K,
[38.045s]                  from [01m[K/workspace/ros2_ws/src/sllidar_ros2/./sdk/include/rplidar.h:40[m[K,
[38.046s]                  from [01m[K/workspace/ros2_ws/src/sllidar_ros2/sdk/src/sdkcommon.h:49[m[K,
[38.046s]                  from [01m[K/workspace/ros2_ws/src/sllidar_ros2/sdk/src/sl_async_transceiver.cpp:35[m[K:
[38.047s] [01m[K/workspace/ros2_ws/src/sllidar_ros2/./sdk/include/sl_lidar_cmd.h:324:20:[m[K [01;35m[Kwarning: [m[KISO C++ forbids zero-size array ‘[01m[Kpayload[m[K’ [[01;35m[K-Wpedantic[m[K]
[38.047s]   324 |     sl_u8  payload[[01;35m[K0[m[K];
[38.048s]       |                    [01;35m[K^[m[K
[38.797s] In file included from [01m[K/workspace/ros2_ws/src/sllidar_ros2/sdk/src/sl_async_transceiver.cpp:44[m[K:
[38.797s] [01m[K/workspace/ros2_ws/src/sllidar_ros2/sdk/src/sl_async_transceiver.h:[m[K In member function ‘[01m[Kvirtual void sl::internal::IAsyncProtocolCodec::onChannelError(u_result)[m[K’:
[38.798s] [01m[K/workspace/ros2_ws/src/sllidar_ros2/sdk/src/sl_async_transceiver.h:90:41:[m[K [01;35m[Kwarning: [m[Kunused parameter ‘[01m[KerrCode[m[K’ [[01;35m[K-Wunused-parameter[m[K]
[38.799s]    90 |  virtual void   onChannelError([01;35m[Ku_result errCode[m[K) {}
[38.799s]       |                                [01;35m[K~~~~~~~~~^~~~~~~[m[K
[39.758s] [ 75%] [32mBuilding CXX object CMakeFiles/sllidar_node.dir/sdk/src/sl_lidarprotocol_codec.cpp.o[0m
[41.073s] In file included from [01m[K/workspace/ros2_ws/src/sllidar_ros2/./sdk/include/rplidar_protocol.h:36[m[K,
[41.075s]                  from [01m[K/workspace/ros2_ws/src/sllidar_ros2/./sdk/include/rplidar.h:39[m[K,
[41.076s]                  from [01m[K/workspace/ros2_ws/src/sllidar_ros2/sdk/src/sdkcommon.h:49[m[K,
[41.076s]                  from [01m[K/workspace/ros2_ws/src/sllidar_ros2/sdk/src/sl_lidar_driver.cpp:33[m[K:
[41.077s] [01m[K/workspace/ros2_ws/src/sllidar_ros2/./sdk/include/sl_lidar_protocol.h:66:16:[m[K [01;35m[Kwarning: [m[KISO C++ forbids zero-size array ‘[01m[Kdata[m[K’ [[01;35m[K-Wpedantic[m[K]
[41.078s]    66 |     sl_u8 data[[01;35m[K0[m[K];
[41.078s]       |                [01;35m[K^[m[K
[41.082s] In file included from [01m[K/workspace/ros2_ws/src/sllidar_ros2/./sdk/include/rplidar_cmd.h:36[m[K,
[41.083s]                  from [01m[K/workspace/ros2_ws/src/sllidar_ros2/./sdk/include/rplidar.h:40[m[K,
[41.084s]                  from [01m[K/workspace/ros2_ws/src/sllidar_ros2/sdk/src/sdkcommon.h:49[m[K,
[41.084s]                  from [01m[K/workspace/ros2_ws/src/sllidar_ros2/sdk/src/sl_lidar_driver.cpp:33[m[K:
[41.085s] [01m[K/workspace/ros2_ws/src/sllidar_ros2/./sdk/include/sl_lidar_cmd.h:324:20:[m[K [01;35m[Kwarning: [m[KISO C++ forbids zero-size array ‘[01m[Kpayload[m[K’ [[01;35m[K-Wpedantic[m[K]
[41.086s]   324 |     sl_u8  payload[[01;35m[K0[m[K];
[41.086s]       |                    [01;35m[K^[m[K
[42.416s] In file included from [01m[K/workspace/ros2_ws/src/sllidar_ros2/sdk/src/sl_lidar_driver.cpp:50[m[K:
[42.417s] [01m[K/workspace/ros2_ws/src/sllidar_ros2/sdk/src/dataunpacker/dataunpacker.h:[m[K In member function ‘[01m[Kvirtual void sl::internal::LIDARSampleDataListener::onCustomSampleDataDecoded(_u8, _u32, const void*, size_t)[m[K’:
[42.417s] [01m[K/workspace/ros2_ws/src/sllidar_ros2/sdk/src/dataunpacker/dataunpacker.h:54:45:[m[K [01;35m[Kwarning: [m[Kunused parameter ‘[01m[KansType[m[K’ [[01;35m[K-Wunused-parameter[m[K]
[42.418s]    54 |  virtual void onCustomSampleDataDecoded([01;35m[K_u8 ansType[m[K, _u32 customCode, const void* data, size_t size) {}
[42.418s]       |                                         [01;35m[K~~~~^~~~~~~[m[K
[42.418s] [01m[K/workspace/ros2_ws/src/sllidar_ros2/sdk/src/dataunpacker/dataunpacker.h:54:59:[m[K [01;35m[Kwarning: [m[Kunused parameter ‘[01m[KcustomCode[m[K’ [[01;35m[K-Wunused-parameter[m[K]
[42.419s]    54 |  virtual void onCustomSampleDataDecoded(_u8 ansType, [01;35m[K_u32 customCode[m[K, const void* data, size_t size) {}
[42.419s]       |                                                      [01;35m[K~~~~~^~~~~~~~~~[m[K
[42.419s] [01m[K/workspace/ros2_ws/src/sllidar_ros2/sdk/src/dataunpacker/dataunpacker.h:54:83:[m[K [01;35m[Kwarning: [m[Kunused parameter ‘[01m[Kdata[m[K’ [[01;35m[K-Wunused-parameter[m[K]
[42.420s]    54 |  virtual void onCustomSampleDataDecoded(_u8 ansType, _u32 customCode, [01;35m[Kconst void* data[m[K, size_t size) {}
[42.420s]       |                                                                       [01;35m[K~~~~~~~~~~~~^~~~[m[K
[42.420s] [01m[K/workspace/ros2_ws/src/sllidar_ros2/sdk/src/dataunpacker/dataunpacker.h:54:96:[m[K [01;35m[Kwarning: [m[Kunused parameter ‘[01m[Ksize[m[K’ [[01;35m[K-Wunused-parameter[m[K]
[42.420s]    54 |  virtual void onCustomSampleDataDecoded(_u8 ansType, _u32 customCode, const void* data, [01;35m[Ksize_t size[m[K) {}
[42.421s]       |                                                                                         [01;35m[K~~~~~~~^~~~[m[K
[42.421s] [01m[K/workspace/ros2_ws/src/sllidar_ros2/sdk/src/dataunpacker/dataunpacker.h:[m[K In member function ‘[01m[Kvirtual void sl::internal::LIDARSampleDataListener::onDecodingError(int, _u8, const void*, size_t)[m[K’:
[42.421s] [01m[K/workspace/ros2_ws/src/sllidar_ros2/sdk/src/dataunpacker/dataunpacker.h:56:35:[m[K [01;35m[Kwarning: [m[Kunused parameter ‘[01m[KerrMsg[m[K’ [[01;35m[K-Wunused-parameter[m[K]
[42.422s]    56 |  virtual void onDecodingError([01;35m[Kint errMsg[m[K, _u8 ansType, const void* payload, size_t size) {}
[42.422s]       |                               [01;35m[K~~~~^~~~~~[m[K
[42.422s] [01m[K/workspace/ros2_ws/src/sllidar_ros2/sdk/src/dataunpacker/dataunpacker.h:56:47:[m[K [01;35m[Kwarning: [m[Kunused parameter ‘[01m[KansType[m[K’ [[01;35m[K-Wunused-parameter[m[K]
[42.423s]    56 |  virtual void onDecodingError(int errMsg, [01;35m[K_u8 ansType[m[K, const void* payload, size_t size) {}
[42.423s]       |                                           [01;35m[K~~~~^~~~~~~[m[K
[42.423s] [01m[K/workspace/ros2_ws/src/sllidar_ros2/sdk/src/dataunpacker/dataunpacker.h:56:68:[m[K [01;35m[Kwarning: [m[Kunused parameter ‘[01m[Kpayload[m[K’ [[01;35m[K-Wunused-parameter[m[K]
[42.424s]    56 |  virtual void onDecodingError(int errMsg, _u8 ansType, [01;35m[Kconst void* payload[m[K, size_t size) {}
[42.424s]       |                                                        [01;35m[K~~~~~~~~~~~~^~~~~~~[m[K
[42.424s] [01m[K/workspace/ros2_ws/src/sllidar_ros2/sdk/src/dataunpacker/dataunpacker.h:56:84:[m[K [01;35m[Kwarning: [m[Kunused parameter ‘[01m[Ksize[m[K’ [[01;35m[K-Wunused-parameter[m[K]
[42.425s]    56 |  virtual void onDecodingError(int errMsg, _u8 ansType, const void* payload, [01;35m[Ksize_t size[m[K) {}
[42.425s]       |                                                                             [01;35m[K~~~~~~~^~~~[m[K
[42.473s] In file included from [01m[K/workspace/ros2_ws/src/sllidar_ros2/sdk/src/sl_lidar_driver.cpp:51[m[K:
[42.473s] [01m[K/workspace/ros2_ws/src/sllidar_ros2/sdk/src/sl_async_transceiver.h:[m[K In member function ‘[01m[Kvirtual void sl::internal::IAsyncProtocolCodec::onChannelError(u_result)[m[K’:
[42.474s] [01m[K/workspace/ros2_ws/src/sllidar_ros2/sdk/src/sl_async_transceiver.h:90:41:[m[K [01;35m[Kwarning: [m[Kunused parameter ‘[01m[KerrCode[m[K’ [[01;35m[K-Wunused-parameter[m[K]
[42.475s]    90 |  virtual void   onChannelError([01;35m[Ku_result errCode[m[K) {}
[42.475s]       |                                [01;35m[K~~~~~~~~~^~~~~~~[m[K
[42.622s] [01m[K/workspace/ros2_ws/src/sllidar_ros2/sdk/src/sl_lidar_driver.cpp:[m[K In member function ‘[01m[Kvirtual sl_result sl::SlamtecLidarDriver::reset(sl_u32)[m[K’:
[42.623s] [01m[K/workspace/ros2_ws/src/sllidar_ros2/sdk/src/sl_lidar_driver.cpp:511:32:[m[K [01;35m[Kwarning: [m[Kunused parameter ‘[01m[KtimeoutInMs[m[K’ [[01;35m[K-Wunused-parameter[m[K]
[42.624s]   511 |         sl_result reset([01;35m[Ksl_u32 timeoutInMs = DEFAULT_TIMEOUT[m[K)
[42.624s]       |                         [01;35m[K~~~~~~~^~~~~~~~~~~~~~~~~~~~~~~~~~~~~[m[K
[42.649s] [01m[K/workspace/ros2_ws/src/sllidar_ros2/sdk/src/sl_lidar_driver.cpp:[m[K In member function ‘[01m[Kvirtual sl_result sl::SlamtecLidarDriver::startScan(bool, bool, sl_u32, sl::LidarScanMode*)[m[K’:
[42.650s] [01m[K/workspace/ros2_ws/src/sllidar_ros2/sdk/src/sl_lidar_driver.cpp:586:69:[m[K [01;35m[Kwarning: [m[Kunused parameter ‘[01m[Koptions[m[K’ [[01;35m[K-Wunused-parameter[m[K]
[42.651s]   586 |         sl_result startScan(bool force, bool useTypicalScan, [01;35m[Ksl_u32 options = 0[m[K, LidarScanMode* outUsedScanMode = nullptr)
[42.651s]       |                                                              [01;35m[K~~~~~~~^~~~~~~~~~~[m[K
[42.665s] [01m[K/workspace/ros2_ws/src/sllidar_ros2/sdk/src/sl_lidar_driver.cpp:[m[K In member function ‘[01m[Kvirtual sl_result sl::SlamtecLidarDriver::stop(sl_u32)[m[K’:
[42.666s] [01m[K/workspace/ros2_ws/src/sllidar_ros2/sdk/src/sl_lidar_driver.cpp:763:31:[m[K [01;35m[Kwarning: [m[Kunused parameter ‘[01m[Ktimeout[m[K’ [[01;35m[K-Wunused-parameter[m[K]
[42.667s]   763 |         sl_result stop([01;35m[Ksl_u32 timeout = DEFAULT_TIMEOUT[m[K)
[42.668s]       |                        [01;35m[K~~~~~~~^~~~~~~~~~~~~~~~~~~~~~~~~[m[K
[42.679s] [01m[K/workspace/ros2_ws/src/sllidar_ros2/sdk/src/sl_lidar_driver.cpp:[m[K In member function ‘[01m[Kvirtual sl_result sl::SlamtecLidarDriver::getFrequency(const sl::LidarScanMode&, const sl_lidar_response_measurement_node_hq_t*, size_t, float&)[m[K’:
[42.680s] [01m[K/workspace/ros2_ws/src/sllidar_ros2/sdk/src/sl_lidar_driver.cpp:880:110:[m[K [01;35m[Kwarning: [m[Kunused parameter ‘[01m[Knodes[m[K’ [[01;35m[K-Wunused-parameter[m[K]
[42.680s]   880 |         sl_result getFrequency(const LidarScanMode& scanMode, [01;35m[Kconst sl_lidar_response_measurement_node_hq_t* nodes[m[K, size_t count, float& frequency)
[42.681s]       |                                                               [01;35m[K~~~~~~~~~~~~~~~~~~~~~~~~~~~~~~~~~~~~~~~~~~~~~~~^~~~~[m[K
[42.695s] [01m[K/workspace/ros2_ws/src/sllidar_ros2/sdk/src/sl_lidar_driver.cpp:[m[K In member function ‘[01m[Kvirtual sl_result sl::SlamtecLidarDriver::getMotorInfo(sl::LidarMotorInfo&, sl_u32)[m[K’:
[42.696s] [01m[K/workspace/ros2_ws/src/sllidar_ros2/sdk/src/sl_lidar_driver.cpp:1023:66:[m[K [01;35m[Kwarning: [m[Kunused parameter ‘[01m[KtimeoutInMs[m[K’ [[01;35m[K-Wunused-parameter[m[K]
[42.697s]  1023 |         sl_result getMotorInfo(LidarMotorInfo &motorInfo, [01;35m[Ksl_u32 timeoutInMs[m[K)
[42.697s]       |                                                           [01;35m[K~~~~~~~^~~~~~~~~~~[m[K
[42.705s] [01m[K/workspace/ros2_ws/src/sllidar_ros2/sdk/src/sl_lidar_driver.cpp:[m[K In member function ‘[01m[Ku_result sl::SlamtecLidarDriver::getScanModeCount(sl_u16&, sl_u32)[m[K’:
[42.706s] [01m[K/workspace/ros2_ws/src/sllidar_ros2/sdk/src/sl_lidar_driver.cpp:1199:61:[m[K [01;35m[Kwarning: [m[Kunused parameter ‘[01m[KtimeoutInMs[m[K’ [[01;35m[K-Wunused-parameter[m[K]
[42.708s]  1199 |         u_result getScanModeCount(sl_u16& modeCount, [01;35m[Ksl_u32 timeoutInMs = DEFAULT_TIMEOUT[m[K)
[42.712s]       |                                                      [01;35m[K~~~~~~~^~~~~~~~~~~~~~~~~~~~~~~~~~~~~[m[K
[42.922s] In file included from [01m[K/workspace/ros2_ws/src/sllidar_ros2/./sdk/include/rplidar_protocol.h:36[m[K,
[42.924s]                  from [01m[K/workspace/ros2_ws/src/sllidar_ros2/./sdk/include/rplidar.h:39[m[K,
[42.924s]                  from [01m[K/workspace/ros2_ws/src/sllidar_ros2/sdk/src/sdkcommon.h:49[m[K,
[42.925s]                  from [01m[K/workspace/ros2_ws/src/sllidar_ros2/sdk/src/sl_lidarprotocol_codec.cpp:35[m[K:
[42.926s] [01m[K/workspace/ros2_ws/src/sllidar_ros2/./sdk/include/sl_lidar_protocol.h:66:16:[m[K [01;35m[Kwarning: [m[KISO C++ forbids zero-size array ‘[01m[Kdata[m[K’ [[01;35m[K-Wpedantic[m[K]
[42.927s]    66 |     sl_u8 data[[01;35m[K0[m[K];
[42.928s]       |                [01;35m[K^[m[K
[42.933s] In file included from [01m[K/workspace/ros2_ws/src/sllidar_ros2/./sdk/include/rplidar_cmd.h:36[m[K,
[42.934s]                  from [01m[K/workspace/ros2_ws/src/sllidar_ros2/./sdk/include/rplidar.h:40[m[K,
[42.935s]                  from [01m[K/workspace/ros2_ws/src/sllidar_ros2/sdk/src/sdkcommon.h:49[m[K,
[42.935s]                  from [01m[K/workspace/ros2_ws/src/sllidar_ros2/sdk/src/sl_lidarprotocol_codec.cpp:35[m[K:
[42.936s] [01m[K/workspace/ros2_ws/src/sllidar_ros2/./sdk/include/sl_lidar_cmd.h:324:20:[m[K [01;35m[Kwarning: [m[KISO C++ forbids zero-size array ‘[01m[Kpayload[m[K’ [[01;35m[K-Wpedantic[m[K]
[42.937s]   324 |     sl_u8  payload[[01;35m[K0[m[K];
[42.937s]       |                    [01;35m[K^[m[K
[42.969s] /workspace/ros2_ws/src/sllidar_ros2/sdk/src/sl_lidar_driver.cpp: In instantiation of ‘[01m[Kvoid sl::RawSampleNodeHolder<T>::pushNode(_u64, const T*) [with T = sl_lidar_response_measurement_node_hq_t; _u64 = long unsigned int][m[K’:
[42.970s] [01m[K/workspace/ros2_ws/src/sllidar_ros2/sdk/src/sl_lidar_driver.cpp:1648:61:[m[K   required from here
[42.970s] [01m[K/workspace/ros2_ws/src/sllidar_ros2/sdk/src/sl_lidar_driver.cpp:202:28:[m[K [01;35m[Kwarning: [m[Kunused parameter ‘[01m[Ktimestamp_uS[m[K’ [[01;35m[K-Wunused-parameter[m[K]
[42.971s]   202 |         void pushNode([01;35m[K_u64 timestamp_uS[m[K, const T* node)
[42.971s]       |                       [01;35m[K~~~~~^~~~~~~~~~~~[m[K
[43.822s] [01m[K/workspace/ros2_ws/src/sllidar_ros2/sdk/src/sl_lidar_driver.cpp:[m[K At global scope:
[43.823s] [01m[K/workspace/ros2_ws/src/sllidar_ros2/sdk/src/sl_lidar_driver.cpp:83:17:[m[K [01;35m[Kwarning: [m[K‘[01m[Kvoid sl::convert(const sl_lidar_response_measurement_node_hq_t&, sl_lidar_response_measurement_node_t&)[m[K’ defined but not used [[01;35m[K-Wunused-function[m[K]
[43.824s]    83 |     static void [01;35m[Kconvert[m[K(const sl_lidar_response_measurement_node_hq_t& from, sl_lidar_response_measurement_node_t& to)
[43.824s]       |                 [01;35m[K^~~~~~~[m[K
[43.825s] [01m[K/workspace/ros2_ws/src/sllidar_ros2/sdk/src/sl_lidar_driver.cpp:75:17:[m[K [01;35m[Kwarning: [m[K‘[01m[Kvoid sl::convert(const sl_lidar_response_measurement_node_t&, sl_lidar_response_measurement_node_hq_t&)[m[K’ defined but not used [[01;35m[K-Wunused-function[m[K]
[43.825s]    75 |     static void [01;35m[Kconvert[m[K(const sl_lidar_response_measurement_node_t& from, sl_lidar_response_measurement_node_hq_t& to)
[43.825s]       |                 [01;35m[K^~~~~~~[m[K
[43.826s] [01m[K/workspace/ros2_ws/src/sllidar_ros2/sdk/src/sl_lidar_driver.cpp:70:17:[m[K [01;35m[Kwarning: [m[K‘[01m[Kvoid sl::printDeprecationWarn(const char*, const char*)[m[K’ defined but not used [[01;35m[K-Wunused-function[m[K]
[43.826s]    70 |     static void [01;35m[KprintDeprecationWarn[m[K(const char* fn, const char* replacement)
[43.826s]       |                 [01;35m[K^~~~~~~~~~~~~~~~~~~~[m[K
[44.050s] In file included from [01m[K/workspace/ros2_ws/src/sllidar_ros2/sdk/src/sl_lidarprotocol_codec.cpp:49[m[K:
[44.051s] [01m[K/workspace/ros2_ws/src/sllidar_ros2/sdk/src/sl_async_transceiver.h:[m[K In member function ‘[01m[Kvirtual void sl::internal::IAsyncProtocolCodec::onChannelError(u_result)[m[K’:
[44.051s] [01m[K/workspace/ros2_ws/src/sllidar_ros2/sdk/src/sl_async_transceiver.h:90:41:[m[K [01;35m[Kwarning: [m[Kunused parameter ‘[01m[KerrCode[m[K’ [[01;35m[K-Wunused-parameter[m[K]
[44.052s]    90 |  virtual void   onChannelError([01;35m[Ku_result errCode[m[K) {}
[44.052s]       |                                [01;35m[K~~~~~~~~~^~~~~~~[m[K
[44.749s] [ 80%] [32mBuilding CXX object CMakeFiles/sllidar_node.dir/sdk/src/sl_serial_channel.cpp.o[0m
[46.341s] [ 85%] [32mBuilding CXX object CMakeFiles/sllidar_node.dir/sdk/src/sl_tcp_channel.cpp.o[0m
[46.948s] In file included from [01m[K/workspace/ros2_ws/src/sllidar_ros2/./sdk/include/sl_lidar_cmd.h:41[m[K,
[46.950s]                  from [01m[K/workspace/ros2_ws/src/sllidar_ros2/./sdk/include/sl_lidar_driver.h:54[m[K,
[46.950s]                  from [01m[K/workspace/ros2_ws/src/sllidar_ros2/sdk/src/sl_serial_channel.cpp:33[m[K:
[46.958s] [01m[K/workspace/ros2_ws/src/sllidar_ros2/./sdk/include/sl_lidar_protocol.h:66:16:[m[K [01;35m[Kwarning: [m[KISO C++ forbids zero-size array ‘[01m[Kdata[m[K’ [[01;35m[K-Wpedantic[m[K]
[46.958s]    66 |     sl_u8 data[[01;35m[K0[m[K];
[46.958s]       |                [01;35m[K^[m[K
[46.959s] In file included from [01m[K/workspace/ros2_ws/src/sllidar_ros2/./sdk/include/sl_lidar_driver.h:54[m[K,
[46.959s]                  from [01m[K/workspace/ros2_ws/src/sllidar_ros2/sdk/src/sl_serial_channel.cpp:33[m[K:
[46.959s] [01m[K/workspace/ros2_ws/src/sllidar_ros2/./sdk/include/sl_lidar_cmd.h:324:20:[m[K [01;35m[Kwarning: [m[KISO C++ forbids zero-size array ‘[01m[Kpayload[m[K’ [[01;35m[K-Wpedantic[m[K]
[46.960s]   324 |     sl_u8  payload[[01;35m[K0[m[K];
[46.960s]       |                    [01;35m[K^[m[K
[47.417s] [ 90%] [32mBuilding CXX object CMakeFiles/sllidar_node.dir/sdk/src/sl_udp_channel.cpp.o[0m
[48.593s] In file included from [01m[K/workspace/ros2_ws/src/sllidar_ros2/./sdk/include/sl_lidar_cmd.h:41[m[K,
[48.594s]                  from [01m[K/workspace/ros2_ws/src/sllidar_ros2/./sdk/include/sl_lidar_driver.h:54[m[K,
[48.594s]                  from [01m[K/workspace/ros2_ws/src/sllidar_ros2/sdk/src/sl_tcp_channel.cpp:33[m[K:
[48.594s] [01m[K/workspace/ros2_ws/src/sllidar_ros2/./sdk/include/sl_lidar_protocol.h:66:16:[m[K [01;35m[Kwarning: [m[KISO C++ forbids zero-size array ‘[01m[Kdata[m[K’ [[01;35m[K-Wpedantic[m[K]
[48.595s]    66 |     sl_u8 data[[01;35m[K0[m[K];
[48.595s]       |                [01;35m[K^[m[K
[48.608s] In file included from [01m[K/workspace/ros2_ws/src/sllidar_ros2/./sdk/include/sl_lidar_driver.h:54[m[K,
[48.608s]                  from [01m[K/workspace/ros2_ws/src/sllidar_ros2/sdk/src/sl_tcp_channel.cpp:33[m[K:
[48.609s] [01m[K/workspace/ros2_ws/src/sllidar_ros2/./sdk/include/sl_lidar_cmd.h:324:20:[m[K [01;35m[Kwarning: [m[KISO C++ forbids zero-size array ‘[01m[Kpayload[m[K’ [[01;35m[K-Wpedantic[m[K]
[48.609s]   324 |     sl_u8  payload[[01;35m[K0[m[K];
[48.609s]       |                    [01;35m[K^[m[K
[48.643s] [01m[K/workspace/ros2_ws/src/sllidar_ros2/sdk/src/sl_tcp_channel.cpp:[m[K In member function ‘[01m[Kvoid sl::TcpChannel::setStatus(_u32)[m[K’:
[48.644s] [01m[K/workspace/ros2_ws/src/sllidar_ros2/sdk/src/sl_tcp_channel.cpp:109:29:[m[K [01;35m[Kwarning: [m[Kunused parameter ‘[01m[Kflag[m[K’ [[01;35m[K-Wunused-parameter[m[K]
[48.644s]   109 |         void setStatus([01;35m[K_u32 flag[m[K){}
[48.644s]       |                        [01;35m[K~~~~~^~~~[m[K
[49.685s] In file included from [01m[K/workspace/ros2_ws/src/sllidar_ros2/./sdk/include/sl_lidar_cmd.h:41[m[K,
[49.685s]                  from [01m[K/workspace/ros2_ws/src/sllidar_ros2/./sdk/include/sl_lidar_driver.h:54[m[K,
[49.686s]                  from [01m[K/workspace/ros2_ws/src/sllidar_ros2/sdk/src/sl_udp_channel.cpp:33[m[K:
[49.690s] [01m[K/workspace/ros2_ws/src/sllidar_ros2/./sdk/include/sl_lidar_protocol.h:66:16:[m[K [01;35m[Kwarning: [m[KISO C++ forbids zero-size array ‘[01m[Kdata[m[K’ [[01;35m[K-Wpedantic[m[K]
[49.690s]    66 |     sl_u8 data[[01;35m[K0[m[K];
[49.690s]       |                [01;35m[K^[m[K
[49.691s] In file included from [01m[K/workspace/ros2_ws/src/sllidar_ros2/./sdk/include/sl_lidar_driver.h:54[m[K,
[49.691s]                  from [01m[K/workspace/ros2_ws/src/sllidar_ros2/sdk/src/sl_udp_channel.cpp:33[m[K:
[49.691s] [01m[K/workspace/ros2_ws/src/sllidar_ros2/./sdk/include/sl_lidar_cmd.h:324:20:[m[K [01;35m[Kwarning: [m[KISO C++ forbids zero-size array ‘[01m[Kpayload[m[K’ [[01;35m[K-Wpedantic[m[K]
[49.692s]   324 |     sl_u8  payload[[01;35m[K0[m[K];
[49.692s]       |                    [01;35m[K^[m[K
[49.717s] [01m[K/workspace/ros2_ws/src/sllidar_ros2/sdk/src/sl_udp_channel.cpp:[m[K In member function ‘[01m[Kvoid sl::UdpChannel::setStatus(_u32)[m[K’:
[49.718s] [01m[K/workspace/ros2_ws/src/sllidar_ros2/sdk/src/sl_udp_channel.cpp:112:29:[m[K [01;35m[Kwarning: [m[Kunused parameter ‘[01m[Kflag[m[K’ [[01;35m[K-Wunused-parameter[m[K]
[49.719s]   112 |         void setStatus([01;35m[K_u32 flag[m[K){}
[49.721s]       |                        [01;35m[K~~~~~^~~~[m[K
[50.001s] [ 95%] [32m[1mLinking CXX executable sllidar_node[0m
[51.482s] [ 95%] Built target sllidar_node
[62.861s] [100%] [32m[1mLinking CXX executable sllidar_client[0m
[64.701s] [100%] Built target sllidar_client
[64.739s] Invoked command in '/workspace/ros2_ws/build/sllidar_ros2' returned '0': /usr/local/bin/cmake --build /workspace/ros2_ws/build/sllidar_ros2 -- -j4 -l4
[65.273s] Invoking command in '/workspace/ros2_ws/build/sllidar_ros2': /usr/local/bin/cmake --install /workspace/ros2_ws/build/sllidar_ros2
[65.388s] -- Install configuration: ""
[65.391s] -- Execute custom install script
[65.396s] -- Symlinking: /workspace/ros2_ws/install/sllidar_ros2/share/sllidar_ros2/launch/sllidar_a1_launch.py
[65.410s] -- Symlinking: /workspace/ros2_ws/install/sllidar_ros2/share/sllidar_ros2/launch/sllidar_a2m12_launch .py
[65.423s] -- Symlinking: /workspace/ros2_ws/install/sllidar_ros2/share/sllidar_ros2/launch/sllidar_a2m7_launch.py
[65.436s] -- Symlinking: /workspace/ros2_ws/install/sllidar_ros2/share/sllidar_ros2/launch/sllidar_a2m8_launch.py
[65.450s] -- Symlinking: /workspace/ros2_ws/install/sllidar_ros2/share/sllidar_ros2/launch/sllidar_a3_launch.py
[65.464s] -- Symlinking: /workspace/ros2_ws/install/sllidar_ros2/share/sllidar_ros2/launch/sllidar_c1_launch.py
[65.479s] -- Symlinking: /workspace/ros2_ws/install/sllidar_ros2/share/sllidar_ros2/launch/sllidar_s1_launch.py
[65.492s] -- Symlinking: /workspace/ros2_ws/install/sllidar_ros2/share/sllidar_ros2/launch/sllidar_s1_tcp_launch.py
[65.507s] -- Symlinking: /workspace/ros2_ws/install/sllidar_ros2/share/sllidar_ros2/launch/sllidar_s2_launch.py
[65.521s] -- Symlinking: /workspace/ros2_ws/install/sllidar_ros2/share/sllidar_ros2/launch/sllidar_s2e_launch.py
[65.535s] -- Symlinking: /workspace/ros2_ws/install/sllidar_ros2/share/sllidar_ros2/launch/sllidar_s3_launch.py
[65.549s] -- Symlinking: /workspace/ros2_ws/install/sllidar_ros2/share/sllidar_ros2/launch/sllidar_t1_launch.py
[65.563s] -- Symlinking: /workspace/ros2_ws/install/sllidar_ros2/share/sllidar_ros2/launch/view_sllidar_a1_launch.py
[65.579s] -- Symlinking: /workspace/ros2_ws/install/sllidar_ros2/share/sllidar_ros2/launch/view_sllidar_a2m12_launch.py
[65.593s] -- Symlinking: /workspace/ros2_ws/install/sllidar_ros2/share/sllidar_ros2/launch/view_sllidar_a2m7_launch.py
[65.607s] -- Symlinking: /workspace/ros2_ws/install/sllidar_ros2/share/sllidar_ros2/launch/view_sllidar_a2m8_launch.py
[65.620s] -- Symlinking: /workspace/ros2_ws/install/sllidar_ros2/share/sllidar_ros2/launch/view_sllidar_a3_launch.py
[65.634s] -- Symlinking: /workspace/ros2_ws/install/sllidar_ros2/share/sllidar_ros2/launch/view_sllidar_c1_launch.py
[65.649s] -- Symlinking: /workspace/ros2_ws/install/sllidar_ros2/share/sllidar_ros2/launch/view_sllidar_s1_launch.py
[65.663s] -- Symlinking: /workspace/ros2_ws/install/sllidar_ros2/share/sllidar_ros2/launch/view_sllidar_s1_tcp_launch.py
[65.678s] -- Symlinking: /workspace/ros2_ws/install/sllidar_ros2/share/sllidar_ros2/launch/view_sllidar_s2_launch.py
[65.691s] -- Symlinking: /workspace/ros2_ws/install/sllidar_ros2/share/sllidar_ros2/launch/view_sllidar_s2e_launch.py
[65.705s] -- Symlinking: /workspace/ros2_ws/install/sllidar_ros2/share/sllidar_ros2/launch/view_sllidar_s3_launch.py
[65.719s] -- Symlinking: /workspace/ros2_ws/install/sllidar_ros2/share/sllidar_ros2/launch/view_sllidar_t1_launch.py
[65.734s] -- Symlinking: /workspace/ros2_ws/install/sllidar_ros2/share/sllidar_ros2/rviz/sllidar_ros2.rviz
[65.750s] -- Symlinking: /workspace/ros2_ws/install/sllidar_ros2/lib/sllidar_ros2/sllidar_node
[65.764s] -- Symlinking: /workspace/ros2_ws/install/sllidar_ros2/lib/sllidar_ros2/sllidar_client
[65.780s] -- Symlinking: /workspace/ros2_ws/install/sllidar_ros2/share/ament_index/resource_index/package_run_dependencies/sllidar_ros2
[65.795s] -- Symlinking: /workspace/ros2_ws/install/sllidar_ros2/share/ament_index/resource_index/parent_prefix_path/sllidar_ros2
[65.810s] -- Symlinking: /workspace/ros2_ws/install/sllidar_ros2/share/sllidar_ros2/environment/ament_prefix_path.sh
[65.825s] -- Symlinking: /workspace/ros2_ws/install/sllidar_ros2/share/sllidar_ros2/environment/ament_prefix_path.dsv
[65.839s] -- Symlinking: /workspace/ros2_ws/install/sllidar_ros2/share/sllidar_ros2/environment/path.sh
[65.854s] -- Symlinking: /workspace/ros2_ws/install/sllidar_ros2/share/sllidar_ros2/environment/path.dsv
[65.869s] -- Symlinking: /workspace/ros2_ws/install/sllidar_ros2/share/sllidar_ros2/local_setup.bash
[65.885s] -- Symlinking: /workspace/ros2_ws/install/sllidar_ros2/share/sllidar_ros2/local_setup.sh
[65.900s] -- Symlinking: /workspace/ros2_ws/install/sllidar_ros2/share/sllidar_ros2/local_setup.zsh
[65.914s] -- Symlinking: /workspace/ros2_ws/install/sllidar_ros2/share/sllidar_ros2/local_setup.dsv
[65.928s] -- Symlinking: /workspace/ros2_ws/install/sllidar_ros2/share/sllidar_ros2/package.dsv
[65.943s] -- Symlinking: /workspace/ros2_ws/install/sllidar_ros2/share/ament_index/resource_index/packages/sllidar_ros2
[65.958s] -- Symlinking: /workspace/ros2_ws/install/sllidar_ros2/share/sllidar_ros2/cmake/ament_cmake_export_dependencies-extras.cmake
[65.975s] -- Symlinking: /workspace/ros2_ws/install/sllidar_ros2/share/sllidar_ros2/cmake/ament_cmake_export_include_directories-extras.cmake
[65.988s] -- Symlinking: /workspace/ros2_ws/install/sllidar_ros2/share/sllidar_ros2/cmake/sllidar_ros2Config.cmake
[66.001s] -- Symlinking: /workspace/ros2_ws/install/sllidar_ros2/share/sllidar_ros2/cmake/sllidar_ros2Config-version.cmake
[66.015s] -- Symlinking: /workspace/ros2_ws/install/sllidar_ros2/share/sllidar_ros2/package.xml
[66.063s] Invoked command in '/workspace/ros2_ws/build/sllidar_ros2' returned '0': /usr/local/bin/cmake --install /workspace/ros2_ws/build/sllidar_ros2
