running develop
/usr/local/lib/python3.8/dist-packages/setuptools/command/develop.py:40: EasyInstallDeprecationWarning: easy_install command is deprecated.
!!

        ********************************************************************************
        Please avoid running ``setup.py`` and ``easy_install``.
        Instead, use pypa/build, pypa/installer or other
        standards-based tools.

        See https://github.com/pypa/setuptools/issues/917 for details.
        ********************************************************************************

!!
  easy_install.initialize_options(self)
/usr/local/lib/python3.8/dist-packages/setuptools/_distutils/cmd.py:66: SetuptoolsDeprecationWarning: setup.py install is deprecated.
!!

        ********************************************************************************
        Please avoid running ``setup.py`` directly.
        Instead, use pypa/build, pypa/installer or other
        standards-based tools.

        See https://blog.ganssle.io/articles/2021/10/setup-py-deprecated.html for details.
        ********************************************************************************

!!
  self.initialize_options()
running egg_info
creating movement_controller.egg-info
writing movement_controller.egg-info/PKG-INFO
writing dependency_links to movement_controller.egg-info/dependency_links.txt
writing entry points to movement_controller.egg-info/entry_points.txt
writing requirements to movement_controller.egg-info/requires.txt
writing top-level names to movement_controller.egg-info/top_level.txt
writing manifest file 'movement_controller.egg-info/SOURCES.txt'
reading manifest file 'movement_controller.egg-info/SOURCES.txt'
writing manifest file 'movement_controller.egg-info/SOURCES.txt'
running build_ext
Creating /workspace/ros2_ws/install/movement_controller/lib/python3.8/site-packages/movement-controller.egg-link (link to .)
Installing movement_controller script to /workspace/ros2_ws/install/movement_controller/lib/movement_controller

Installed /workspace/ros2_ws/build/movement_controller
