[6.859s] Invoking command in '/workspace/ros2_ws/build/movement_controller': PYTHONPATH=/workspace/ros2_ws/build/movement_controller/prefix_override:/workspace/ros2_ws/install/movement_controller/lib/python3.8/site-packages:${PYTHONPATH} /usr/bin/python3 setup.py develop --editable --build-directory /workspace/ros2_ws/build/movement_controller/build --no-deps
[8.877s] running develop
[8.889s] /usr/local/lib/python3.8/dist-packages/setuptools/command/develop.py:40: EasyInstallDeprecationWarning: easy_install command is deprecated.
[8.889s] !!
[8.890s] 
[8.890s]         ********************************************************************************
[8.891s]         Please avoid running ``setup.py`` and ``easy_install``.
[8.891s]         Instead, use pypa/build, pypa/installer or other
[8.891s]         standards-based tools.
[8.891s] 
[8.892s]         See https://github.com/pypa/setuptools/issues/917 for details.
[8.892s]         ********************************************************************************
[8.892s] 
[8.893s] !!
[8.893s]   easy_install.initialize_options(self)
[9.077s] /usr/local/lib/python3.8/dist-packages/setuptools/_distutils/cmd.py:66: SetuptoolsDeprecationWarning: setup.py install is deprecated.
[9.078s] !!
[9.078s] 
[9.078s]         ********************************************************************************
[9.079s]         Please avoid running ``setup.py`` directly.
[9.080s]         Instead, use pypa/build, pypa/installer or other
[9.080s]         standards-based tools.
[9.080s] 
[9.081s]         See https://blog.ganssle.io/articles/2021/10/setup-py-deprecated.html for details.
[9.081s]         ********************************************************************************
[9.081s] 
[9.082s] !!
[9.082s]   self.initialize_options()
[9.990s] running egg_info
[9.991s] creating movement_controller.egg-info
[10.073s] writing movement_controller.egg-info/PKG-INFO
[10.073s] writing dependency_links to movement_controller.egg-info/dependency_links.txt
[10.074s] writing entry points to movement_controller.egg-info/entry_points.txt
[10.074s] writing requirements to movement_controller.egg-info/requires.txt
[10.074s] writing top-level names to movement_controller.egg-info/top_level.txt
[10.075s] writing manifest file 'movement_controller.egg-info/SOURCES.txt'
[10.219s] reading manifest file 'movement_controller.egg-info/SOURCES.txt'
[10.220s] writing manifest file 'movement_controller.egg-info/SOURCES.txt'
[10.533s] running build_ext
[10.535s] Creating /workspace/ros2_ws/install/movement_controller/lib/python3.8/site-packages/movement-controller.egg-link (link to .)
[10.537s] Installing movement_controller script to /workspace/ros2_ws/install/movement_controller/lib/movement_controller
[10.539s] 
[10.539s] Installed /workspace/ros2_ws/build/movement_controller
[10.697s] Invoked command in '/workspace/ros2_ws/build/movement_controller' returned '0': PYTHONPATH=/workspace/ros2_ws/build/movement_controller/prefix_override:/workspace/ros2_ws/install/movement_controller/lib/python3.8/site-packages:${PYTHONPATH} /usr/bin/python3 setup.py develop --editable --build-directory /workspace/ros2_ws/build/movement_controller/build --no-deps
