[0.125s] Invoking command in '/workspace/ros2_ws/build/motor_control_node': CMAKE_PREFIX_PATH=${CMAKE_PREFIX_PATH}:/workspace/ros2_ws/install/keyboard_input /usr/local/bin/cmake /workspace/ros2_ws/src/motor_control_node -DAMENT_CMAKE_SYMLINK_INSTALL=1 -DCMAKE_INSTALL_PREFIX=/workspace/ros2_ws/install/motor_control_node
[0.751s] -- The C compiler identification is GNU 9.4.0
[1.250s] -- The CXX compiler identification is GNU 9.4.0
[1.415s] -- Detecting C compiler ABI info
[1.905s] -- Detecting C compiler ABI info - done
[1.982s] -- Check for working C compiler: /usr/bin/cc - skipped
[1.984s] -- Detecting C compile features
[1.988s] -- Detecting C compile features - done
[2.092s] -- Detecting CXX compiler ABI info
[2.626s] -- Detecting CXX compiler ABI info - done
[2.701s] -- Check for working CXX compiler: /usr/bin/c++ - skipped
[2.703s] -- Detecting CXX compile features
[2.707s] -- Detecting CXX compile features - done
[2.732s] -- Found ament_cmake: 1.3.5 (/opt/ros/humble/install/share/ament_cmake/cmake)
[7.122s] -- Found Python3: /usr/bin/python3.8 (found version "3.8.10") found components: Interpreter 
[7.439s] -- Override CMake install command with custom implementation using symlinks instead of copying resources
[7.598s] -- Found rclcpp: 16.0.5 (/opt/ros/humble/install/share/rclcpp/cmake)
[7.889s] -- Found rosidl_generator_c: 3.1.5 (/opt/ros/humble/install/share/rosidl_generator_c/cmake)
[7.925s] -- Found rosidl_adapter: 3.1.5 (/opt/ros/humble/install/share/rosidl_adapter/cmake)
[7.991s] -- Found rosidl_generator_cpp: 3.1.5 (/opt/ros/humble/install/share/rosidl_generator_cpp/cmake)
[8.105s] -- Using all available rosidl_typesupport_c: rosidl_typesupport_fastrtps_c;rosidl_typesupport_introspection_c
[8.258s] -- Using all available rosidl_typesupport_cpp: rosidl_typesupport_fastrtps_cpp;rosidl_typesupport_introspection_cpp
[8.743s] -- Found rmw_implementation_cmake: 6.1.1 (/opt/ros/humble/install/share/rmw_implementation_cmake/cmake)
[8.759s] -- Found rmw_fastrtps_cpp: 6.2.3 (/opt/ros/humble/install/share/rmw_fastrtps_cpp/cmake)
[9.391s] -- Found OpenSSL: /usr/lib/aarch64-linux-gnu/libcrypto.so (found version "1.1.1f")  
[9.513s] -- Found FastRTPS: /opt/ros/humble/install/include  
[9.751s] -- Using RMW implementation 'rmw_fastrtps_cpp' as default
[9.810s] -- Performing Test CMAKE_HAVE_LIBC_PTHREAD
[10.247s] -- Performing Test CMAKE_HAVE_LIBC_PTHREAD - Failed
[10.248s] -- Looking for pthread_create in pthreads
[10.580s] -- Looking for pthread_create in pthreads - not found
[10.581s] -- Looking for pthread_create in pthread
[10.972s] -- Looking for pthread_create in pthread - found
[10.979s] -- Found Threads: TRUE  
[11.948s] -- Found geometry_msgs: 4.2.3 (/opt/ros/humble/install/share/geometry_msgs/cmake)
[12.543s] -- Configuring done (12.3s)
[12.636s] -- Generating done (0.0s)
[12.650s] -- Build files have been written to: /workspace/ros2_ws/build/motor_control_node
[12.706s] Invoked command in '/workspace/ros2_ws/build/motor_control_node' returned '0': CMAKE_PREFIX_PATH=${CMAKE_PREFIX_PATH}:/workspace/ros2_ws/install/keyboard_input /usr/local/bin/cmake /workspace/ros2_ws/src/motor_control_node -DAMENT_CMAKE_SYMLINK_INSTALL=1 -DCMAKE_INSTALL_PREFIX=/workspace/ros2_ws/install/motor_control_node
[12.723s] Invoking command in '/workspace/ros2_ws/build/motor_control_node': CMAKE_PREFIX_PATH=${CMAKE_PREFIX_PATH}:/workspace/ros2_ws/install/keyboard_input /usr/local/bin/cmake --build /workspace/ros2_ws/build/motor_control_node -- -j6 -l6
[13.011s] [ 50%] [32mBuilding CXX object CMakeFiles/motor_control_node.dir/src/motor_control_node.cpp.o[0m
[82.144s] [100%] [32m[1mLinking CXX executable motor_control_node[0m
[85.766s] [100%] Built target motor_control_node
[85.806s] Invoked command in '/workspace/ros2_ws/build/motor_control_node' returned '0': CMAKE_PREFIX_PATH=${CMAKE_PREFIX_PATH}:/workspace/ros2_ws/install/keyboard_input /usr/local/bin/cmake --build /workspace/ros2_ws/build/motor_control_node -- -j6 -l6
[86.235s] Invoking command in '/workspace/ros2_ws/build/motor_control_node': CMAKE_PREFIX_PATH=${CMAKE_PREFIX_PATH}:/workspace/ros2_ws/install/keyboard_input /usr/local/bin/cmake --install /workspace/ros2_ws/build/motor_control_node
[86.376s] -- Install configuration: ""
[86.379s] -- Execute custom install script
[86.383s] -- Symlinking: /workspace/ros2_ws/install/motor_control_node/lib/motor_control_node/motor_control_node
[86.402s] -- Symlinking: /workspace/ros2_ws/install/motor_control_node/share/ament_index/resource_index/package_run_dependencies/motor_control_node
[86.421s] -- Symlinking: /workspace/ros2_ws/install/motor_control_node/share/ament_index/resource_index/parent_prefix_path/motor_control_node
[86.440s] -- Symlinking: /workspace/ros2_ws/install/motor_control_node/share/motor_control_node/environment/ament_prefix_path.sh
[86.458s] -- Symlinking: /workspace/ros2_ws/install/motor_control_node/share/motor_control_node/environment/ament_prefix_path.dsv
[86.475s] -- Symlinking: /workspace/ros2_ws/install/motor_control_node/share/motor_control_node/environment/path.sh
[86.493s] -- Symlinking: /workspace/ros2_ws/install/motor_control_node/share/motor_control_node/environment/path.dsv
[86.512s] -- Symlinking: /workspace/ros2_ws/install/motor_control_node/share/motor_control_node/local_setup.bash
[86.531s] -- Symlinking: /workspace/ros2_ws/install/motor_control_node/share/motor_control_node/local_setup.sh
[86.549s] -- Symlinking: /workspace/ros2_ws/install/motor_control_node/share/motor_control_node/local_setup.zsh
[86.567s] -- Symlinking: /workspace/ros2_ws/install/motor_control_node/share/motor_control_node/local_setup.dsv
[86.585s] -- Symlinking: /workspace/ros2_ws/install/motor_control_node/share/motor_control_node/package.dsv
[86.603s] -- Symlinking: /workspace/ros2_ws/install/motor_control_node/share/ament_index/resource_index/packages/motor_control_node
[86.622s] -- Symlinking: /workspace/ros2_ws/install/motor_control_node/share/motor_control_node/cmake/motor_control_nodeConfig.cmake
[86.639s] -- Symlinking: /workspace/ros2_ws/install/motor_control_node/share/motor_control_node/cmake/motor_control_nodeConfig-version.cmake
[86.658s] -- Symlinking: /workspace/ros2_ws/install/motor_control_node/share/motor_control_node/package.xml
[86.707s] Invoked command in '/workspace/ros2_ws/build/motor_control_node' returned '0': CMAKE_PREFIX_PATH=${CMAKE_PREFIX_PATH}:/workspace/ros2_ws/install/keyboard_input /usr/local/bin/cmake --install /workspace/ros2_ws/build/motor_control_node
