[0.128s] Invoking command in '/workspace/ros2_ws/build/sllidar_ros2': CMAKE_PREFIX_PATH=${CMAKE_PREFIX_PATH}:/workspace/ros2_ws/install/keyboard_input /usr/local/bin/cmake /workspace/ros2_ws/src/sllidar_ros2 -DAMENT_CMAKE_SYMLINK_INSTALL=1 -DCMAKE_INSTALL_PREFIX=/workspace/ros2_ws/install/sllidar_ros2
[0.666s] -- The C compiler identification is GNU 9.4.0
[1.002s] -- The CXX compiler identification is GNU 9.4.0
[1.117s] -- Detecting C compiler ABI info
[1.470s] -- Detecting C compiler ABI info - done
[1.515s] -- Check for working C compiler: /usr/bin/cc - skipped
[1.516s] -- Detecting C compile features
[1.519s] -- Detecting C compile features - done
[1.595s] -- Detecting CXX compiler ABI info
[1.993s] -- Detecting CXX compiler ABI info - done
[2.041s] -- Check for working CXX compiler: /usr/bin/c++ - skipped
[2.043s] -- Detecting CXX compile features
[2.045s] -- Detecting CXX compile features - done
[2.061s] -- Found ament_cmake: 1.3.5 (/opt/ros/humble/install/share/ament_cmake/cmake)
[5.673s] -- Found Python3: /usr/bin/python3.8 (found version "3.8.10") found components: Interpreter 
[5.934s] -- Override CMake install command with custom implementation using symlinks instead of copying resources
[6.050s] -- Found rclcpp: 16.0.5 (/opt/ros/humble/install/share/rclcpp/cmake)
[6.257s] -- Found rosidl_generator_c: 3.1.5 (/opt/ros/humble/install/share/rosidl_generator_c/cmake)
[6.282s] -- Found rosidl_adapter: 3.1.5 (/opt/ros/humble/install/share/rosidl_adapter/cmake)
[6.329s] -- Found rosidl_generator_cpp: 3.1.5 (/opt/ros/humble/install/share/rosidl_generator_cpp/cmake)
[6.414s] -- Using all available rosidl_typesupport_c: rosidl_typesupport_fastrtps_c;rosidl_typesupport_introspection_c
[6.530s] -- Using all available rosidl_typesupport_cpp: rosidl_typesupport_fastrtps_cpp;rosidl_typesupport_introspection_cpp
[6.906s] -- Found rmw_implementation_cmake: 6.1.1 (/opt/ros/humble/install/share/rmw_implementation_cmake/cmake)
[6.920s] -- Found rmw_fastrtps_cpp: 6.2.3 (/opt/ros/humble/install/share/rmw_fastrtps_cpp/cmake)
[7.423s] -- Found OpenSSL: /usr/lib/aarch64-linux-gnu/libcrypto.so (found version "1.1.1f")  
[7.530s] -- Found FastRTPS: /opt/ros/humble/install/include  
[7.726s] -- Using RMW implementation 'rmw_fastrtps_cpp' as default
[7.775s] -- Performing Test CMAKE_HAVE_LIBC_PTHREAD
[8.106s] -- Performing Test CMAKE_HAVE_LIBC_PTHREAD - Failed
[8.107s] -- Looking for pthread_create in pthreads
[8.364s] -- Looking for pthread_create in pthreads - not found
[8.364s] -- Looking for pthread_create in pthread
[8.665s] -- Looking for pthread_create in pthread - found
[8.672s] -- Found Threads: TRUE  
[9.470s] -- Found sensor_msgs: 4.2.3 (/opt/ros/humble/install/share/sensor_msgs/cmake)
[10.066s] -- Found std_srvs: 4.2.3 (/opt/ros/humble/install/share/std_srvs/cmake)
[10.450s] -- Configuring done (10.2s)
[10.561s] -- Generating done (0.1s)
[10.572s] -- Build files have been written to: /workspace/ros2_ws/build/sllidar_ros2
[10.614s] Invoked command in '/workspace/ros2_ws/build/sllidar_ros2' returned '0': CMAKE_PREFIX_PATH=${CMAKE_PREFIX_PATH}:/workspace/ros2_ws/install/keyboard_input /usr/local/bin/cmake /workspace/ros2_ws/src/sllidar_ros2 -DAMENT_CMAKE_SYMLINK_INSTALL=1 -DCMAKE_INSTALL_PREFIX=/workspace/ros2_ws/install/sllidar_ros2
[10.628s] Invoking command in '/workspace/ros2_ws/build/sllidar_ros2': CMAKE_PREFIX_PATH=${CMAKE_PREFIX_PATH}:/workspace/ros2_ws/install/keyboard_input /usr/local/bin/cmake --build /workspace/ros2_ws/build/sllidar_ros2 -- -j4 -l4
[10.859s] [  5%] [32mBuilding CXX object CMakeFiles/sllidar_client.dir/src/sllidar_client.cpp.o[0m
[10.861s] [ 10%] [32mBuilding CXX object CMakeFiles/sllidar_node.dir/src/sllidar_node.cpp.o[0m
[10.862s] [ 15%] [32mBuilding CXX object CMakeFiles/sllidar_node.dir/sdk/src/arch/linux/net_serial.cpp.o[0m
[10.875s] [ 20%] [32mBuilding CXX object CMakeFiles/sllidar_node.dir/sdk/src/arch/linux/net_socket.cpp.o[0m
[14.604s] In file included from [01m[K/workspace/ros2_ws/src/sllidar_ros2/./sdk/include/rplidar_protocol.h:36[m[K,
[14.605s]                  from [01m[K/workspace/ros2_ws/src/sllidar_ros2/./sdk/include/rplidar.h:39[m[K,
[14.606s]                  from [01m[K/workspace/ros2_ws/src/sllidar_ros2/./sdk/src/sdkcommon.h:49[m[K,
[14.606s]                  from [01m[K/workspace/ros2_ws/src/sllidar_ros2/sdk/src/arch/linux/net_socket.cpp:10[m[K:
[14.607s] [01m[K/workspace/ros2_ws/src/sllidar_ros2/./sdk/include/sl_lidar_protocol.h:66:16:[m[K [01;35m[Kwarning: [m[KISO C++ forbids zero-size array ‘[01m[Kdata[m[K’ [[01;35m[K-Wpedantic[m[K]
[14.608s]    66 |     sl_u8 data[[01;35m[K0[m[K];
[14.609s]       |                [01;35m[K^[m[K
[14.613s] In file included from [01m[K/workspace/ros2_ws/src/sllidar_ros2/./sdk/include/rplidar_cmd.h:36[m[K,
[14.613s]                  from [01m[K/workspace/ros2_ws/src/sllidar_ros2/./sdk/include/rplidar.h:40[m[K,
[14.614s]                  from [01m[K/workspace/ros2_ws/src/sllidar_ros2/./sdk/src/sdkcommon.h:49[m[K,
[14.614s]                  from [01m[K/workspace/ros2_ws/src/sllidar_ros2/sdk/src/arch/linux/net_socket.cpp:10[m[K:
[14.615s] [01m[K/workspace/ros2_ws/src/sllidar_ros2/./sdk/include/sl_lidar_cmd.h:324:20:[m[K [01;35m[Kwarning: [m[KISO C++ forbids zero-size array ‘[01m[Kpayload[m[K’ [[01;35m[K-Wpedantic[m[K]
[14.615s]   324 |     sl_u8  payload[[01;35m[K0[m[K];
[14.615s]       |                    [01;35m[K^[m[K
[14.894s] [01m[K/workspace/ros2_ws/src/sllidar_ros2/sdk/src/arch/linux/net_serial.cpp:[m[K In member function ‘[01m[Kbool rp::arch::net::raw_serial::open(const char*, uint32_t, uint32_t)[m[K’:
[14.895s] [01m[K/workspace/ros2_ws/src/sllidar_ros2/sdk/src/arch/linux/net_serial.cpp:97:74:[m[K [01;35m[Kwarning: [m[Kunused parameter ‘[01m[Kflags[m[K’ [[01;35m[K-Wunused-parameter[m[K]
[14.895s]    97 | bool raw_serial::open(const char * portname, uint32_t baudrate, [01;35m[Kuint32_t flags[m[K)
[14.896s]       |                                                                 [01;35m[K~~~~~~~~~^~~~~[m[K
[14.897s] [01m[K/workspace/ros2_ws/src/sllidar_ros2/sdk/src/arch/linux/net_serial.cpp:[m[K In member function ‘[01m[Kvirtual void rp::arch::net::raw_serial::flush(_u32)[m[K’:
[14.897s] [01m[K/workspace/ros2_ws/src/sllidar_ros2/sdk/src/arch/linux/net_serial.cpp:281:30:[m[K [01;35m[Kwarning: [m[Kunused parameter ‘[01m[Kflags[m[K’ [[01;35m[K-Wunused-parameter[m[K]
[14.898s]   281 | void raw_serial::flush( [01;35m[K_u32 flags[m[K)
[14.898s]       |                         [01;35m[K~~~~~^~~~~[m[K
[14.899s] [01m[K/workspace/ros2_ws/src/sllidar_ros2/sdk/src/arch/linux/net_serial.cpp:[m[K In member function ‘[01m[Kvirtual int rp::arch::net::raw_serial::waitforsent(_u32, size_t*)[m[K’:
[14.899s] [01m[K/workspace/ros2_ws/src/sllidar_ros2/sdk/src/arch/linux/net_serial.cpp:286:34:[m[K [01;35m[Kwarning: [m[Kunused parameter ‘[01m[Ktimeout[m[K’ [[01;35m[K-Wunused-parameter[m[K]
[14.900s]   286 | int raw_serial::waitforsent([01;35m[K_u32 timeout[m[K, size_t * returned_size)
[14.900s]       |                             [01;35m[K~~~~~^~~~~~~[m[K
[14.900s] [01m[K/workspace/ros2_ws/src/sllidar_ros2/sdk/src/arch/linux/net_serial.cpp:[m[K In member function ‘[01m[Kvirtual int rp::arch::net::raw_serial::waitforrecv(_u32, size_t*)[m[K’:
[14.901s] [01m[K/workspace/ros2_ws/src/sllidar_ros2/sdk/src/arch/linux/net_serial.cpp:292:34:[m[K [01;35m[Kwarning: [m[Kunused parameter ‘[01m[Ktimeout[m[K’ [[01;35m[K-Wunused-parameter[m[K]
[14.901s]   292 | int raw_serial::waitforrecv([01;35m[K_u32 timeout[m[K, size_t * returned_size)
[14.901s]       |                             [01;35m[K~~~~~^~~~~~~[m[K
[14.917s] [01m[K/workspace/ros2_ws/src/sllidar_ros2/sdk/src/arch/linux/net_serial.cpp:[m[K In member function ‘[01m[Kvirtual void rp::arch::net::raw_serial::cancelOperation()[m[K’:
[14.917s] [01m[K/workspace/ros2_ws/src/sllidar_ros2/sdk/src/arch/linux/net_serial.cpp:427:5:[m[K [01;35m[Kwarning: [m[Kvalue computed is not used [[01;35m[K-Wunused-value[m[K]
[14.918s]   427 |     [01;35m[K(int)::write(_selfpipe[1], "x", 1)[m[K;
[14.918s]       |     [01;35m[K^~~~~~~~~~~~~~~~~~~~~~~~~~~~~~~~~~[m[K
[15.038s] In file included from [01m[K/workspace/ros2_ws/src/sllidar_ros2/./sdk/src/arch/linux/arch_linux.h:42[m[K,
[15.038s]                  from [01m[K/workspace/ros2_ws/src/sllidar_ros2/./sdk/src/sdkcommon.h:41[m[K,
[15.039s]                  from [01m[K/workspace/ros2_ws/src/sllidar_ros2/sdk/src/arch/linux/net_socket.cpp:10[m[K:
[15.039s] [01m[K/workspace/ros2_ws/src/sllidar_ros2/sdk/src/arch/linux/net_socket.cpp:[m[K In member function ‘[01m[Kvirtual u_result rp::arch::net::DGramSocketImpl::sendTo(const rp::net::SocketAddress*, const void*, size_t)[m[K’:
[15.040s] [01m[K/workspace/ros2_ws/src/sllidar_ros2/sdk/src/arch/linux/net_socket.cpp:733:24:[m[K [01;35m[Kwarning: [m[Kcomparison of integer expressions of different signedness: ‘[01m[Kint[m[K’ and ‘[01m[Ksize_t[m[K’ {aka ‘[01m[Klong unsigned int[m[K’} [[01;35m[K-Wsign-compare[m[K]
[15.040s]   733 |             assert([01;35m[Kans == len[m[K);
[15.040s]       |                    [01;35m[K~~~~^~~~~~[m[K
[15.638s] [ 25%] [32mBuilding CXX object CMakeFiles/sllidar_node.dir/sdk/src/arch/linux/timer.cpp.o[0m
[16.158s] [ 30%] [32mBuilding CXX object CMakeFiles/sllidar_node.dir/sdk/src/dataunpacker/dataunpacker.cpp.o[0m
[18.995s] [ 35%] [32mBuilding CXX object CMakeFiles/sllidar_node.dir/sdk/src/dataunpacker/unpacker/handler_capsules.cpp.o[0m
[19.570s] In file included from [01m[K/workspace/ros2_ws/src/sllidar_ros2/./sdk/include/rplidar_protocol.h:36[m[K,
[19.570s]                  from [01m[K/workspace/ros2_ws/src/sllidar_ros2/./sdk/include/rplidar.h:39[m[K,
[19.570s]                  from [01m[K/workspace/ros2_ws/src/sllidar_ros2/./sdk/src/sdkcommon.h:49[m[K,
[19.571s]                  from [01m[K/workspace/ros2_ws/src/sllidar_ros2/sdk/src/dataunpacker/dataunnpacker_commondef.h:41[m[K,
[19.571s]                  from [01m[K/workspace/ros2_ws/src/sllidar_ros2/sdk/src/dataunpacker/dataunpacker.cpp:39[m[K:
[19.571s] [01m[K/workspace/ros2_ws/src/sllidar_ros2/./sdk/include/sl_lidar_protocol.h:66:16:[m[K [01;35m[Kwarning: [m[KISO C++ forbids zero-size array ‘[01m[Kdata[m[K’ [[01;35m[K-Wpedantic[m[K]
[19.572s]    66 |     sl_u8 data[[01;35m[K0[m[K];
[19.572s]       |                [01;35m[K^[m[K
[19.576s] In file included from [01m[K/workspace/ros2_ws/src/sllidar_ros2/./sdk/include/rplidar_cmd.h:36[m[K,
[19.576s]                  from [01m[K/workspace/ros2_ws/src/sllidar_ros2/./sdk/include/rplidar.h:40[m[K,
[19.577s]                  from [01m[K/workspace/ros2_ws/src/sllidar_ros2/./sdk/src/sdkcommon.h:49[m[K,
[19.577s]                  from [01m[K/workspace/ros2_ws/src/sllidar_ros2/sdk/src/dataunpacker/dataunnpacker_commondef.h:41[m[K,
[19.577s]                  from [01m[K/workspace/ros2_ws/src/sllidar_ros2/sdk/src/dataunpacker/dataunpacker.cpp:39[m[K:
[19.578s] [01m[K/workspace/ros2_ws/src/sllidar_ros2/./sdk/include/sl_lidar_cmd.h:324:20:[m[K [01;35m[Kwarning: [m[KISO C++ forbids zero-size array ‘[01m[Kpayload[m[K’ [[01;35m[K-Wpedantic[m[K]
[19.578s]   324 |     sl_u8  payload[[01;35m[K0[m[K];
[19.578s]       |                    [01;35m[K^[m[K
[20.616s] In file included from [01m[K/workspace/ros2_ws/src/sllidar_ros2/sdk/src/dataunpacker/dataunpacker.cpp:40[m[K:
[20.616s] [01m[K/workspace/ros2_ws/src/sllidar_ros2/sdk/src/dataunpacker/dataunpacker.h:[m[K In member function ‘[01m[Kvirtual void sl::internal::LIDARSampleDataListener::onCustomSampleDataDecoded(_u8, _u32, const void*, size_t)[m[K’:
[20.616s] [01m[K/workspace/ros2_ws/src/sllidar_ros2/sdk/src/dataunpacker/dataunpacker.h:54:45:[m[K [01;35m[Kwarning: [m[Kunused parameter ‘[01m[KansType[m[K’ [[01;35m[K-Wunused-parameter[m[K]
[20.617s]    54 |  virtual void onCustomSampleDataDecoded([01;35m[K_u8 ansType[m[K, _u32 customCode, const void* data, size_t size) {}
[20.617s]       |                                         [01;35m[K~~~~^~~~~~~[m[K
[20.617s] [01m[K/workspace/ros2_ws/src/sllidar_ros2/sdk/src/dataunpacker/dataunpacker.h:54:59:[m[K [01;35m[Kwarning: [m[Kunused parameter ‘[01m[KcustomCode[m[K’ [[01;35m[K-Wunused-parameter[m[K]
[20.618s]    54 |  virtual void onCustomSampleDataDecoded(_u8 ansType, [01;35m[K_u32 customCode[m[K, const void* data, size_t size) {}
[20.618s]       |                                                      [01;35m[K~~~~~^~~~~~~~~~[m[K
[20.618s] [01m[K/workspace/ros2_ws/src/sllidar_ros2/sdk/src/dataunpacker/dataunpacker.h:54:83:[m[K [01;35m[Kwarning: [m[Kunused parameter ‘[01m[Kdata[m[K’ [[01;35m[K-Wunused-parameter[m[K]
[20.619s]    54 |  virtual void onCustomSampleDataDecoded(_u8 ansType, _u32 customCode, [01;35m[Kconst void* data[m[K, size_t size) {}
[20.620s]       |                                                                       [01;35m[K~~~~~~~~~~~~^~~~[m[K
[20.620s] [01m[K/workspace/ros2_ws/src/sllidar_ros2/sdk/src/dataunpacker/dataunpacker.h:54:96:[m[K [01;35m[Kwarning: [m[Kunused parameter ‘[01m[Ksize[m[K’ [[01;35m[K-Wunused-parameter[m[K]
[20.620s]    54 |  virtual void onCustomSampleDataDecoded(_u8 ansType, _u32 customCode, const void* data, [01;35m[Ksize_t size[m[K) {}
[20.621s]       |                                                                                         [01;35m[K~~~~~~~^~~~[m[K
[20.622s] [01m[K/workspace/ros2_ws/src/sllidar_ros2/sdk/src/dataunpacker/dataunpacker.h:[m[K In member function ‘[01m[Kvirtual void sl::internal::LIDARSampleDataListener::onDecodingError(int, _u8, const void*, size_t)[m[K’:
[20.622s] [01m[K/workspace/ros2_ws/src/sllidar_ros2/sdk/src/dataunpacker/dataunpacker.h:56:35:[m[K [01;35m[Kwarning: [m[Kunused parameter ‘[01m[KerrMsg[m[K’ [[01;35m[K-Wunused-parameter[m[K]
[20.623s]    56 |  virtual void onDecodingError([01;35m[Kint errMsg[m[K, _u8 ansType, const void* payload, size_t size) {}
[20.624s]       |                               [01;35m[K~~~~^~~~~~[m[K
[20.624s] [01m[K/workspace/ros2_ws/src/sllidar_ros2/sdk/src/dataunpacker/dataunpacker.h:56:47:[m[K [01;35m[Kwarning: [m[Kunused parameter ‘[01m[KansType[m[K’ [[01;35m[K-Wunused-parameter[m[K]
[20.624s]    56 |  virtual void onDecodingError(int errMsg, [01;35m[K_u8 ansType[m[K, const void* payload, size_t size) {}
[20.625s]       |                                           [01;35m[K~~~~^~~~~~~[m[K
[20.636s] [01m[K/workspace/ros2_ws/src/sllidar_ros2/sdk/src/dataunpacker/dataunpacker.h:56:68:[m[K [01;35m[Kwarning: [m[Kunused parameter ‘[01m[Kpayload[m[K’ [[01;35m[K-Wunused-parameter[m[K]
[20.636s]    56 |  virtual void onDecodingError(int errMsg, _u8 ansType, [01;35m[Kconst void* payload[m[K, size_t size) {}
[20.637s]       |                                                        [01;35m[K~~~~~~~~~~~~^~~~~~~[m[K
[20.637s] [01m[K/workspace/ros2_ws/src/sllidar_ros2/sdk/src/dataunpacker/dataunpacker.h:56:84:[m[K [01;35m[Kwarning: [m[Kunused parameter ‘[01m[Ksize[m[K’ [[01;35m[K-Wunused-parameter[m[K]
[20.637s]    56 |  virtual void onDecodingError(int errMsg, _u8 ansType, const void* payload, [01;35m[Ksize_t size[m[K) {}
[20.638s]       |                                                                             [01;35m[K~~~~~~~^~~~[m[K
[22.097s] In file included from [01m[K/workspace/ros2_ws/src/sllidar_ros2/./sdk/include/rplidar_protocol.h:36[m[K,
[22.098s]                  from [01m[K/workspace/ros2_ws/src/sllidar_ros2/./sdk/include/rplidar.h:39[m[K,
[22.098s]                  from [01m[K/workspace/ros2_ws/src/sllidar_ros2/./sdk/src/sdkcommon.h:49[m[K,
[22.099s]                  from [01m[K/workspace/ros2_ws/src/sllidar_ros2/sdk/src/dataunpacker/unpacker/../dataunnpacker_commondef.h:41[m[K,
[22.100s]                  from [01m[K/workspace/ros2_ws/src/sllidar_ros2/sdk/src/dataunpacker/unpacker/handler_capsules.cpp:39[m[K:
[22.101s] [01m[K/workspace/ros2_ws/src/sllidar_ros2/./sdk/include/sl_lidar_protocol.h:66:16:[m[K [01;35m[Kwarning: [m[KISO C++ forbids zero-size array ‘[01m[Kdata[m[K’ [[01;35m[K-Wpedantic[m[K]
[22.101s]    66 |     sl_u8 data[[01;35m[K0[m[K];
[22.102s]       |                [01;35m[K^[m[K
[22.107s] In file included from [01m[K/workspace/ros2_ws/src/sllidar_ros2/./sdk/include/rplidar_cmd.h:36[m[K,
[22.108s]                  from [01m[K/workspace/ros2_ws/src/sllidar_ros2/./sdk/include/rplidar.h:40[m[K,
[22.109s]                  from [01m[K/workspace/ros2_ws/src/sllidar_ros2/./sdk/src/sdkcommon.h:49[m[K,
[22.110s]                  from [01m[K/workspace/ros2_ws/src/sllidar_ros2/sdk/src/dataunpacker/unpacker/../dataunnpacker_commondef.h:41[m[K,
[22.111s]                  from [01m[K/workspace/ros2_ws/src/sllidar_ros2/sdk/src/dataunpacker/unpacker/handler_capsules.cpp:39[m[K:
[22.111s] [01m[K/workspace/ros2_ws/src/sllidar_ros2/./sdk/include/sl_lidar_cmd.h:324:20:[m[K [01;35m[Kwarning: [m[KISO C++ forbids zero-size array ‘[01m[Kpayload[m[K’ [[01;35m[K-Wpedantic[m[K]
[22.112s]   324 |     sl_u8  payload[[01;35m[K0[m[K];
[22.113s]       |                    [01;35m[K^[m[K
[22.153s] [ 40%] [32mBuilding CXX object CMakeFiles/sllidar_node.dir/sdk/src/dataunpacker/unpacker/handler_hqnode.cpp.o[0m
[23.300s] In file included from [01m[K/workspace/ros2_ws/src/sllidar_ros2/sdk/src/dataunpacker/unpacker/handler_capsules.cpp:40[m[K:
[23.301s] [01m[K/workspace/ros2_ws/src/sllidar_ros2/sdk/src/dataunpacker/unpacker/../dataunpacker.h:[m[K In member function ‘[01m[Kvirtual void sl::internal::LIDARSampleDataListener::onCustomSampleDataDecoded(_u8, _u32, const void*, size_t)[m[K’:
[23.302s] [01m[K/workspace/ros2_ws/src/sllidar_ros2/sdk/src/dataunpacker/unpacker/../dataunpacker.h:54:45:[m[K [01;35m[Kwarning: [m[Kunused parameter ‘[01m[KansType[m[K’ [[01;35m[K-Wunused-parameter[m[K]
[23.303s]    54 |  virtual void onCustomSampleDataDecoded([01;35m[K_u8 ansType[m[K, _u32 customCode, const void* data, size_t size) {}
[23.303s]       |                                         [01;35m[K~~~~^~~~~~~[m[K
[23.304s] [01m[K/workspace/ros2_ws/src/sllidar_ros2/sdk/src/dataunpacker/unpacker/../dataunpacker.h:54:59:[m[K [01;35m[Kwarning: [m[Kunused parameter ‘[01m[KcustomCode[m[K’ [[01;35m[K-Wunused-parameter[m[K]
[23.304s]    54 |  virtual void onCustomSampleDataDecoded(_u8 ansType, [01;35m[K_u32 customCode[m[K, const void* data, size_t size) {}
[23.306s]       |                                                      [01;35m[K~~~~~^~~~~~~~~~[m[K
[23.307s] [01m[K/workspace/ros2_ws/src/sllidar_ros2/sdk/src/dataunpacker/unpacker/../dataunpacker.h:54:83:[m[K [01;35m[Kwarning: [m[Kunused parameter ‘[01m[Kdata[m[K’ [[01;35m[K-Wunused-parameter[m[K]
[23.307s]    54 |  virtual void onCustomSampleDataDecoded(_u8 ansType, _u32 customCode, [01;35m[Kconst void* data[m[K, size_t size) {}
[23.307s]       |                                                                       [01;35m[K~~~~~~~~~~~~^~~~[m[K
[23.308s] [01m[K/workspace/ros2_ws/src/sllidar_ros2/sdk/src/dataunpacker/unpacker/../dataunpacker.h:54:96:[m[K [01;35m[Kwarning: [m[Kunused parameter ‘[01m[Ksize[m[K’ [[01;35m[K-Wunused-parameter[m[K]
[23.308s]    54 |  virtual void onCustomSampleDataDecoded(_u8 ansType, _u32 customCode, const void* data, [01;35m[Ksize_t size[m[K) {}
[23.308s]       |                                                                                         [01;35m[K~~~~~~~^~~~[m[K
[23.309s] [01m[K/workspace/ros2_ws/src/sllidar_ros2/sdk/src/dataunpacker/unpacker/../dataunpacker.h:[m[K In member function ‘[01m[Kvirtual void sl::internal::LIDARSampleDataListener::onDecodingError(int, _u8, const void*, size_t)[m[K’:
[23.309s] [01m[K/workspace/ros2_ws/src/sllidar_ros2/sdk/src/dataunpacker/unpacker/../dataunpacker.h:56:35:[m[K [01;35m[Kwarning: [m[Kunused parameter ‘[01m[KerrMsg[m[K’ [[01;35m[K-Wunused-parameter[m[K]
[23.309s]    56 |  virtual void onDecodingError([01;35m[Kint errMsg[m[K, _u8 ansType, const void* payload, size_t size) {}
[23.310s]       |                               [01;35m[K~~~~^~~~~~[m[K
[23.310s] [01m[K/workspace/ros2_ws/src/sllidar_ros2/sdk/src/dataunpacker/unpacker/../dataunpacker.h:56:47:[m[K [01;35m[Kwarning: [m[Kunused parameter ‘[01m[KansType[m[K’ [[01;35m[K-Wunused-parameter[m[K]
[23.310s]    56 |  virtual void onDecodingError(int errMsg, [01;35m[K_u8 ansType[m[K, const void* payload, size_t size) {}
[23.311s]       |                                           [01;35m[K~~~~^~~~~~~[m[K
[23.311s] [01m[K/workspace/ros2_ws/src/sllidar_ros2/sdk/src/dataunpacker/unpacker/../dataunpacker.h:56:68:[m[K [01;35m[Kwarning: [m[Kunused parameter ‘[01m[Kpayload[m[K’ [[01;35m[K-Wunused-parameter[m[K]
[23.324s]    56 |  virtual void onDecodingError(int errMsg, _u8 ansType, [01;35m[Kconst void* payload[m[K, size_t size) {}
[23.324s]       |                                                        [01;35m[K~~~~~~~~~~~~^~~~~~~[m[K
[23.325s] [01m[K/workspace/ros2_ws/src/sllidar_ros2/sdk/src/dataunpacker/unpacker/../dataunpacker.h:56:84:[m[K [01;35m[Kwarning: [m[Kunused parameter ‘[01m[Ksize[m[K’ [[01;35m[K-Wunused-parameter[m[K]
[23.325s]    56 |  virtual void onDecodingError(int errMsg, _u8 ansType, const void* payload, [01;35m[Ksize_t size[m[K) {}
[23.326s]       |                                                                             [01;35m[K~~~~~~~^~~~[m[K
[23.350s] [01m[K/workspace/ros2_ws/src/sllidar_ros2/sdk/src/dataunpacker/unpacker/handler_capsules.cpp:[m[K In member function ‘[01m[Kvoid sl::internal::unpacker::UnpackerHandler_DenseCapsuleNode::_onScanNodeDenseCapsuleData(rplidar_response_dense_capsule_measurement_nodes_t&, sl::internal::LIDARSampleDataUnpackerInner*)[m[K’:
[23.351s] [01m[K/workspace/ros2_ws/src/sllidar_ros2/sdk/src/dataunpacker/unpacker/handler_capsules.cpp:763:108:[m[K [01;35m[Kwarning: [m[Ktype qualifiers ignored on cast result type [[01;35m[K-Wignored-qualifiers[m[K]
[23.351s]   763 |             const int dist = static_cast<const int>(_cached_previous_dense_capsuledata.cabins[pos].distance[01;35m[K)[m[K;
[23.352s]       |                                                                                                            [01;35m[K^[m[K
[24.476s] [ 45%] [32mBuilding CXX object CMakeFiles/sllidar_node.dir/sdk/src/dataunpacker/unpacker/handler_normalnode.cpp.o[0m
[25.242s] In file included from [01m[K/workspace/ros2_ws/src/sllidar_ros2/./sdk/include/rplidar_protocol.h:36[m[K,
[25.242s]                  from [01m[K/workspace/ros2_ws/src/sllidar_ros2/./sdk/include/rplidar.h:39[m[K,
[25.242s]                  from [01m[K/workspace/ros2_ws/src/sllidar_ros2/./sdk/src/sdkcommon.h:49[m[K,
[25.243s]                  from [01m[K/workspace/ros2_ws/src/sllidar_ros2/sdk/src/dataunpacker/unpacker/../dataunnpacker_commondef.h:41[m[K,
[25.243s]                  from [01m[K/workspace/ros2_ws/src/sllidar_ros2/sdk/src/dataunpacker/unpacker/handler_hqnode.cpp:39[m[K:
[25.243s] [01m[K/workspace/ros2_ws/src/sllidar_ros2/./sdk/include/sl_lidar_protocol.h:66:16:[m[K [01;35m[Kwarning: [m[KISO C++ forbids zero-size array ‘[01m[Kdata[m[K’ [[01;35m[K-Wpedantic[m[K]
[25.244s]    66 |     sl_u8 data[[01;35m[K0[m[K];
[25.244s]       |                [01;35m[K^[m[K
[25.246s] In file included from [01m[K/workspace/ros2_ws/src/sllidar_ros2/./sdk/include/rplidar_cmd.h:36[m[K,
[25.246s]                  from [01m[K/workspace/ros2_ws/src/sllidar_ros2/./sdk/include/rplidar.h:40[m[K,
[25.247s]                  from [01m[K/workspace/ros2_ws/src/sllidar_ros2/./sdk/src/sdkcommon.h:49[m[K,
[25.247s]                  from [01m[K/workspace/ros2_ws/src/sllidar_ros2/sdk/src/dataunpacker/unpacker/../dataunnpacker_commondef.h:41[m[K,
[25.247s]                  from [01m[K/workspace/ros2_ws/src/sllidar_ros2/sdk/src/dataunpacker/unpacker/handler_hqnode.cpp:39[m[K:
[25.248s] [01m[K/workspace/ros2_ws/src/sllidar_ros2/./sdk/include/sl_lidar_cmd.h:324:20:[m[K [01;35m[Kwarning: [m[KISO C++ forbids zero-size array ‘[01m[Kpayload[m[K’ [[01;35m[K-Wpedantic[m[K]
[25.248s]   324 |     sl_u8  payload[[01;35m[K0[m[K];
[25.248s]       |                    [01;35m[K^[m[K
[26.396s] In file included from [01m[K/workspace/ros2_ws/src/sllidar_ros2/sdk/src/dataunpacker/unpacker/handler_hqnode.cpp:40[m[K:
[26.397s] [01m[K/workspace/ros2_ws/src/sllidar_ros2/sdk/src/dataunpacker/unpacker/../dataunpacker.h:[m[K In member function ‘[01m[Kvirtual void sl::internal::LIDARSampleDataListener::onCustomSampleDataDecoded(_u8, _u32, const void*, size_t)[m[K’:
[26.398s] [01m[K/workspace/ros2_ws/src/sllidar_ros2/sdk/src/dataunpacker/unpacker/../dataunpacker.h:54:45:[m[K [01;35m[Kwarning: [m[Kunused parameter ‘[01m[KansType[m[K’ [[01;35m[K-Wunused-parameter[m[K]
[26.399s]    54 |  virtual void onCustomSampleDataDecoded([01;35m[K_u8 ansType[m[K, _u32 customCode, const void* data, size_t size) {}
[26.399s]       |                                         [01;35m[K~~~~^~~~~~~[m[K
[26.400s] [01m[K/workspace/ros2_ws/src/sllidar_ros2/sdk/src/dataunpacker/unpacker/../dataunpacker.h:54:59:[m[K [01;35m[Kwarning: [m[Kunused parameter ‘[01m[KcustomCode[m[K’ [[01;35m[K-Wunused-parameter[m[K]
[26.401s]    54 |  virtual void onCustomSampleDataDecoded(_u8 ansType, [01;35m[K_u32 customCode[m[K, const void* data, size_t size) {}
[26.401s]       |                                                      [01;35m[K~~~~~^~~~~~~~~~[m[K
[26.402s] [01m[K/workspace/ros2_ws/src/sllidar_ros2/sdk/src/dataunpacker/unpacker/../dataunpacker.h:54:83:[m[K [01;35m[Kwarning: [m[Kunused parameter ‘[01m[Kdata[m[K’ [[01;35m[K-Wunused-parameter[m[K]
[26.403s]    54 |  virtual void onCustomSampleDataDecoded(_u8 ansType, _u32 customCode, [01;35m[Kconst void* data[m[K, size_t size) {}
[26.403s]       |                                                                       [01;35m[K~~~~~~~~~~~~^~~~[m[K
[26.404s] [01m[K/workspace/ros2_ws/src/sllidar_ros2/sdk/src/dataunpacker/unpacker/../dataunpacker.h:54:96:[m[K [01;35m[Kwarning: [m[Kunused parameter ‘[01m[Ksize[m[K’ [[01;35m[K-Wunused-parameter[m[K]
[26.405s]    54 |  virtual void onCustomSampleDataDecoded(_u8 ansType, _u32 customCode, const void* data, [01;35m[Ksize_t size[m[K) {}
[26.405s]       |                                                                                         [01;35m[K~~~~~~~^~~~[m[K
[26.406s] [01m[K/workspace/ros2_ws/src/sllidar_ros2/sdk/src/dataunpacker/unpacker/../dataunpacker.h:[m[K In member function ‘[01m[Kvirtual void sl::internal::LIDARSampleDataListener::onDecodingError(int, _u8, const void*, size_t)[m[K’:
[26.407s] [01m[K/workspace/ros2_ws/src/sllidar_ros2/sdk/src/dataunpacker/unpacker/../dataunpacker.h:56:35:[m[K [01;35m[Kwarning: [m[Kunused parameter ‘[01m[KerrMsg[m[K’ [[01;35m[K-Wunused-parameter[m[K]
[26.408s]    56 |  virtual void onDecodingError([01;35m[Kint errMsg[m[K, _u8 ansType, const void* payload, size_t size) {}
[26.409s]       |                               [01;35m[K~~~~^~~~~~[m[K
[26.409s] [01m[K/workspace/ros2_ws/src/sllidar_ros2/sdk/src/dataunpacker/unpacker/../dataunpacker.h:56:47:[m[K [01;35m[Kwarning: [m[Kunused parameter ‘[01m[KansType[m[K’ [[01;35m[K-Wunused-parameter[m[K]
[26.410s]    56 |  virtual void onDecodingError(int errMsg, [01;35m[K_u8 ansType[m[K, const void* payload, size_t size) {}
[26.410s]       |                                           [01;35m[K~~~~^~~~~~~[m[K
[26.411s] [01m[K/workspace/ros2_ws/src/sllidar_ros2/sdk/src/dataunpacker/unpacker/../dataunpacker.h:56:68:[m[K [01;35m[Kwarning: [m[Kunused parameter ‘[01m[Kpayload[m[K’ [[01;35m[K-Wunused-parameter[m[K]
[26.412s]    56 |  virtual void onDecodingError(int errMsg, _u8 ansType, [01;35m[Kconst void* payload[m[K, size_t size) {}
[26.420s]       |                                                        [01;35m[K~~~~~~~~~~~~^~~~~~~[m[K
[26.420s] [01m[K/workspace/ros2_ws/src/sllidar_ros2/sdk/src/dataunpacker/unpacker/../dataunpacker.h:56:84:[m[K [01;35m[Kwarning: [m[Kunused parameter ‘[01m[Ksize[m[K’ [[01;35m[K-Wunused-parameter[m[K]
[26.421s]    56 |  virtual void onDecodingError(int errMsg, _u8 ansType, const void* payload, [01;35m[Ksize_t size[m[K) {}
[26.421s]       |                                                                             [01;35m[K~~~~~~~^~~~[m[K
[27.371s] [ 50%] [32mBuilding CXX object CMakeFiles/sllidar_node.dir/sdk/src/hal/thread.cpp.o[0m
[27.796s] In file included from [01m[K/workspace/ros2_ws/src/sllidar_ros2/./sdk/include/rplidar_protocol.h:36[m[K,
[27.797s]                  from [01m[K/workspace/ros2_ws/src/sllidar_ros2/./sdk/include/rplidar.h:39[m[K,
[27.798s]                  from [01m[K/workspace/ros2_ws/src/sllidar_ros2/./sdk/src/sdkcommon.h:49[m[K,
[27.798s]                  from [01m[K/workspace/ros2_ws/src/sllidar_ros2/sdk/src/dataunpacker/unpacker/../dataunnpacker_commondef.h:41[m[K,
[27.798s]                  from [01m[K/workspace/ros2_ws/src/sllidar_ros2/sdk/src/dataunpacker/unpacker/handler_normalnode.cpp:39[m[K:
[27.799s] [01m[K/workspace/ros2_ws/src/sllidar_ros2/./sdk/include/sl_lidar_protocol.h:66:16:[m[K [01;35m[Kwarning: [m[KISO C++ forbids zero-size array ‘[01m[Kdata[m[K’ [[01;35m[K-Wpedantic[m[K]
[27.800s]    66 |     sl_u8 data[[01;35m[K0[m[K];
[27.800s]       |                [01;35m[K^[m[K
[27.800s] In file included from [01m[K/workspace/ros2_ws/src/sllidar_ros2/./sdk/include/rplidar_cmd.h:36[m[K,
[27.801s]                  from [01m[K/workspace/ros2_ws/src/sllidar_ros2/./sdk/include/rplidar.h:40[m[K,
[27.801s]                  from [01m[K/workspace/ros2_ws/src/sllidar_ros2/./sdk/src/sdkcommon.h:49[m[K,
[27.801s]                  from [01m[K/workspace/ros2_ws/src/sllidar_ros2/sdk/src/dataunpacker/unpacker/../dataunnpacker_commondef.h:41[m[K,
[27.801s]                  from [01m[K/workspace/ros2_ws/src/sllidar_ros2/sdk/src/dataunpacker/unpacker/handler_normalnode.cpp:39[m[K:
[27.802s] [01m[K/workspace/ros2_ws/src/sllidar_ros2/./sdk/include/sl_lidar_cmd.h:324:20:[m[K [01;35m[Kwarning: [m[KISO C++ forbids zero-size array ‘[01m[Kpayload[m[K’ [[01;35m[K-Wpedantic[m[K]
[27.802s]   324 |     sl_u8  payload[[01;35m[K0[m[K];
[27.802s]       |                    [01;35m[K^[m[K
[28.250s] In file included from [01m[K/workspace/ros2_ws/src/sllidar_ros2/./sdk/include/sl_lidar_cmd.h:41[m[K,
[28.251s]                  from [01m[K/workspace/ros2_ws/src/sllidar_ros2/./sdk/include/sl_lidar_driver.h:54[m[K,
[28.251s]                  from [01m[K/workspace/ros2_ws/src/sllidar_ros2/./sdk/include/sl_lidar.h:36[m[K,
[28.251s]                  from [01m[K/workspace/ros2_ws/src/sllidar_ros2/src/sllidar_node.cpp:38[m[K:
[28.252s] [01m[K/workspace/ros2_ws/src/sllidar_ros2/./sdk/include/sl_lidar_protocol.h:66:16:[m[K [01;35m[Kwarning: [m[KISO C++ forbids zero-size array ‘[01m[Kdata[m[K’ [[01;35m[K-Wpedantic[m[K]
[28.252s]    66 |     sl_u8 data[[01;35m[K0[m[K];
[28.252s]       |                [01;35m[K^[m[K
[28.254s] In file included from [01m[K/workspace/ros2_ws/src/sllidar_ros2/./sdk/include/sl_lidar_driver.h:54[m[K,
[28.254s]                  from [01m[K/workspace/ros2_ws/src/sllidar_ros2/./sdk/include/sl_lidar.h:36[m[K,
[28.255s]                  from [01m[K/workspace/ros2_ws/src/sllidar_ros2/src/sllidar_node.cpp:38[m[K:
[28.255s] [01m[K/workspace/ros2_ws/src/sllidar_ros2/./sdk/include/sl_lidar_cmd.h:324:20:[m[K [01;35m[Kwarning: [m[KISO C++ forbids zero-size array ‘[01m[Kpayload[m[K’ [[01;35m[K-Wpedantic[m[K]
[28.256s]   324 |     sl_u8  payload[[01;35m[K0[m[K];
[28.256s]       |                    [01;35m[K^[m[K
[29.056s] In file included from [01m[K/workspace/ros2_ws/src/sllidar_ros2/sdk/src/dataunpacker/unpacker/handler_normalnode.cpp:40[m[K:
[29.057s] [01m[K/workspace/ros2_ws/src/sllidar_ros2/sdk/src/dataunpacker/unpacker/../dataunpacker.h:[m[K In member function ‘[01m[Kvirtual void sl::internal::LIDARSampleDataListener::onCustomSampleDataDecoded(_u8, _u32, const void*, size_t)[m[K’:
[29.057s] [01m[K/workspace/ros2_ws/src/sllidar_ros2/sdk/src/dataunpacker/unpacker/../dataunpacker.h:54:45:[m[K [01;35m[Kwarning: [m[Kunused parameter ‘[01m[KansType[m[K’ [[01;35m[K-Wunused-parameter[m[K]
[29.058s]    54 |  virtual void onCustomSampleDataDecoded([01;35m[K_u8 ansType[m[K, _u32 customCode, const void* data, size_t size) {}
[29.059s]       |                                         [01;35m[K~~~~^~~~~~~[m[K
[29.060s] [01m[K/workspace/ros2_ws/src/sllidar_ros2/sdk/src/dataunpacker/unpacker/../dataunpacker.h:54:59:[m[K [01;35m[Kwarning: [m[Kunused parameter ‘[01m[KcustomCode[m[K’ [[01;35m[K-Wunused-parameter[m[K]
[29.061s]    54 |  virtual void onCustomSampleDataDecoded(_u8 ansType, [01;35m[K_u32 customCode[m[K, const void* data, size_t size) {}
[29.061s]       |                                                      [01;35m[K~~~~~^~~~~~~~~~[m[K
[29.062s] [01m[K/workspace/ros2_ws/src/sllidar_ros2/sdk/src/dataunpacker/unpacker/../dataunpacker.h:54:83:[m[K [01;35m[Kwarning: [m[Kunused parameter ‘[01m[Kdata[m[K’ [[01;35m[K-Wunused-parameter[m[K]
[29.063s]    54 |  virtual void onCustomSampleDataDecoded(_u8 ansType, _u32 customCode, [01;35m[Kconst void* data[m[K, size_t size) {}
[29.064s]       |                                                                       [01;35m[K~~~~~~~~~~~~^~~~[m[K
[29.064s] [01m[K/workspace/ros2_ws/src/sllidar_ros2/sdk/src/dataunpacker/unpacker/../dataunpacker.h:54:96:[m[K [01;35m[Kwarning: [m[Kunused parameter ‘[01m[Ksize[m[K’ [[01;35m[K-Wunused-parameter[m[K]
[29.065s]    54 |  virtual void onCustomSampleDataDecoded(_u8 ansType, _u32 customCode, const void* data, [01;35m[Ksize_t size[m[K) {}
[29.066s]       |                                                                                         [01;35m[K~~~~~~~^~~~[m[K
[29.067s] [01m[K/workspace/ros2_ws/src/sllidar_ros2/sdk/src/dataunpacker/unpacker/../dataunpacker.h:[m[K In member function ‘[01m[Kvirtual void sl::internal::LIDARSampleDataListener::onDecodingError(int, _u8, const void*, size_t)[m[K’:
[29.067s] [01m[K/workspace/ros2_ws/src/sllidar_ros2/sdk/src/dataunpacker/unpacker/../dataunpacker.h:56:35:[m[K [01;35m[Kwarning: [m[Kunused parameter ‘[01m[KerrMsg[m[K’ [[01;35m[K-Wunused-parameter[m[K]
[29.068s]    56 |  virtual void onDecodingError([01;35m[Kint errMsg[m[K, _u8 ansType, const void* payload, size_t size) {}
[29.069s]       |                               [01;35m[K~~~~^~~~~~[m[K
[29.069s] [01m[K/workspace/ros2_ws/src/sllidar_ros2/sdk/src/dataunpacker/unpacker/../dataunpacker.h:56:47:[m[K [01;35m[Kwarning: [m[Kunused parameter ‘[01m[KansType[m[K’ [[01;35m[K-Wunused-parameter[m[K]
[29.070s]    56 |  virtual void onDecodingError(int errMsg, [01;35m[K_u8 ansType[m[K, const void* payload, size_t size) {}
[29.071s]       |                                           [01;35m[K~~~~^~~~~~~[m[K
[29.072s] [01m[K/workspace/ros2_ws/src/sllidar_ros2/sdk/src/dataunpacker/unpacker/../dataunpacker.h:56:68:[m[K [01;35m[Kwarning: [m[Kunused parameter ‘[01m[Kpayload[m[K’ [[01;35m[K-Wunused-parameter[m[K]
[29.072s]    56 |  virtual void onDecodingError(int errMsg, _u8 ansType, [01;35m[Kconst void* payload[m[K, size_t size) {}
[29.073s]       |                                                        [01;35m[K~~~~~~~~~~~~^~~~~~~[m[K
[29.088s] [01m[K/workspace/ros2_ws/src/sllidar_ros2/sdk/src/dataunpacker/unpacker/../dataunpacker.h:56:84:[m[K [01;35m[Kwarning: [m[Kunused parameter ‘[01m[Ksize[m[K’ [[01;35m[K-Wunused-parameter[m[K]
[29.088s]    56 |  virtual void onDecodingError(int errMsg, _u8 ansType, const void* payload, [01;35m[Ksize_t size[m[K) {}
[29.089s]       |                                                                             [01;35m[K~~~~~~~^~~~[m[K
[29.885s] [ 55%] [32mBuilding CXX object CMakeFiles/sllidar_node.dir/sdk/src/rplidar_driver.cpp.o[0m
[30.331s] In file included from [01m[K/workspace/ros2_ws/src/sllidar_ros2/./sdk/include/rplidar_protocol.h:36[m[K,
[30.332s]                  from [01m[K/workspace/ros2_ws/src/sllidar_ros2/./sdk/include/rplidar.h:39[m[K,
[30.332s]                  from [01m[K/workspace/ros2_ws/src/sllidar_ros2/./sdk/src/sdkcommon.h:49[m[K,
[30.333s]                  from [01m[K/workspace/ros2_ws/src/sllidar_ros2/sdk/src/hal/thread.cpp:35[m[K:
[30.333s] [01m[K/workspace/ros2_ws/src/sllidar_ros2/./sdk/include/sl_lidar_protocol.h:66:16:[m[K [01;35m[Kwarning: [m[KISO C++ forbids zero-size array ‘[01m[Kdata[m[K’ [[01;35m[K-Wpedantic[m[K]
[30.333s]    66 |     sl_u8 data[[01;35m[K0[m[K];
[30.334s]       |                [01;35m[K^[m[K
[30.338s] In file included from [01m[K/workspace/ros2_ws/src/sllidar_ros2/./sdk/include/rplidar_cmd.h:36[m[K,
[30.338s]                  from [01m[K/workspace/ros2_ws/src/sllidar_ros2/./sdk/include/rplidar.h:40[m[K,
[30.338s]                  from [01m[K/workspace/ros2_ws/src/sllidar_ros2/./sdk/src/sdkcommon.h:49[m[K,
[30.339s]                  from [01m[K/workspace/ros2_ws/src/sllidar_ros2/sdk/src/hal/thread.cpp:35[m[K:
[30.339s] [01m[K/workspace/ros2_ws/src/sllidar_ros2/./sdk/include/sl_lidar_cmd.h:324:20:[m[K [01;35m[Kwarning: [m[KISO C++ forbids zero-size array ‘[01m[Kpayload[m[K’ [[01;35m[K-Wpedantic[m[K]
[30.340s]   324 |     sl_u8  payload[[01;35m[K0[m[K];
[30.340s]       |                    [01;35m[K^[m[K
[30.610s] In file included from [01m[K/workspace/ros2_ws/src/sllidar_ros2/sdk/src/hal/thread.cpp:43[m[K:
[30.611s] [01m[K/workspace/ros2_ws/src/sllidar_ros2/./sdk/src/arch/linux/thread.hpp:[m[K In static member function ‘[01m[Kstatic rp::hal::Thread rp::hal::Thread::create(thread_proc_t, void*)[m[K’:
[30.611s] [01m[K/workspace/ros2_ws/src/sllidar_ros2/./sdk/src/arch/linux/thread.hpp:52:77:[m[K [01;35m[Kwarning: [m[Kcast between incompatible function types from ‘[01m[Kthread_proc_t[m[K’ {aka ‘[01m[Klong unsigned int (*)(void*)[m[K’} to ‘[01m[Kvoid* (*)(void*)[m[K’ [[01;35m[K-Wcast-function-type[m[K]
[30.611s]    52 |     pthread_create((pthread_t *)&newborn._handle, NULL, (void * (*)(void *))[01;35m[Kproc[m[K, data);
[30.612s]       |                                                                             [01;35m[K^~~~[m[K
[30.618s] [01m[K/workspace/ros2_ws/src/sllidar_ros2/./sdk/src/arch/linux/thread.hpp:[m[K In member function ‘[01m[Ku_result rp::hal::Thread::join(long unsigned int)[m[K’:
[30.618s] [01m[K/workspace/ros2_ws/src/sllidar_ros2/./sdk/src/arch/linux/thread.hpp:176:37:[m[K [01;35m[Kwarning: [m[Kunused parameter ‘[01m[Ktimeout[m[K’ [[01;35m[K-Wunused-parameter[m[K]
[30.618s]   176 | u_result Thread::join([01;35m[Kunsigned long timeout[m[K)
[30.619s]       |                       [01;35m[K~~~~~~~~~~~~~~^~~~~~~[m[K
[31.428s] [ 60%] [32mBuilding CXX object CMakeFiles/sllidar_node.dir/sdk/src/sl_async_transceiver.cpp.o[0m
[33.296s] In file included from [01m[K/workspace/ros2_ws/src/sllidar_ros2/./sdk/include/rplidar_protocol.h:36[m[K,
[33.297s]                  from [01m[K/workspace/ros2_ws/src/sllidar_ros2/./sdk/include/rplidar.h:39[m[K,
[33.297s]                  from [01m[K/workspace/ros2_ws/src/sllidar_ros2/sdk/src/sdkcommon.h:49[m[K,
[33.297s]                  from [01m[K/workspace/ros2_ws/src/sllidar_ros2/sdk/src/rplidar_driver.cpp:33[m[K:
[33.306s] [01m[K/workspace/ros2_ws/src/sllidar_ros2/./sdk/include/sl_lidar_protocol.h:66:16:[m[K [01;35m[Kwarning: [m[KISO C++ forbids zero-size array ‘[01m[Kdata[m[K’ [[01;35m[K-Wpedantic[m[K]
[33.307s]    66 |     sl_u8 data[[01;35m[K0[m[K];
[33.307s]       |                [01;35m[K^[m[K
[33.307s] In file included from [01m[K/workspace/ros2_ws/src/sllidar_ros2/./sdk/include/rplidar_cmd.h:36[m[K,
[33.308s]                  from [01m[K/workspace/ros2_ws/src/sllidar_ros2/./sdk/include/rplidar.h:40[m[K,
[33.308s]                  from [01m[K/workspace/ros2_ws/src/sllidar_ros2/sdk/src/sdkcommon.h:49[m[K,
[33.308s]                  from [01m[K/workspace/ros2_ws/src/sllidar_ros2/sdk/src/rplidar_driver.cpp:33[m[K:
[33.309s] [01m[K/workspace/ros2_ws/src/sllidar_ros2/./sdk/include/sl_lidar_cmd.h:324:20:[m[K [01;35m[Kwarning: [m[KISO C++ forbids zero-size array ‘[01m[Kpayload[m[K’ [[01;35m[K-Wpedantic[m[K]
[33.309s]   324 |     sl_u8  payload[[01;35m[K0[m[K];
[33.309s]       |                    [01;35m[K^[m[K
[34.238s] In file included from [01m[K/workspace/ros2_ws/src/sllidar_ros2/./sdk/include/rplidar_protocol.h:36[m[K,
[34.238s]                  from [01m[K/workspace/ros2_ws/src/sllidar_ros2/./sdk/include/rplidar.h:39[m[K,
[34.239s]                  from [01m[K/workspace/ros2_ws/src/sllidar_ros2/sdk/src/sdkcommon.h:49[m[K,
[34.239s]                  from [01m[K/workspace/ros2_ws/src/sllidar_ros2/sdk/src/sl_async_transceiver.cpp:35[m[K:
[34.240s] [01m[K/workspace/ros2_ws/src/sllidar_ros2/./sdk/include/sl_lidar_protocol.h:66:16:[m[K [01;35m[Kwarning: [m[KISO C++ forbids zero-size array ‘[01m[Kdata[m[K’ [[01;35m[K-Wpedantic[m[K]
[34.240s]    66 |     sl_u8 data[[01;35m[K0[m[K];
[34.240s]       |                [01;35m[K^[m[K
[34.242s] In file included from [01m[K/workspace/ros2_ws/src/sllidar_ros2/./sdk/include/rplidar_cmd.h:36[m[K,
[34.243s]                  from [01m[K/workspace/ros2_ws/src/sllidar_ros2/./sdk/include/rplidar.h:40[m[K,
[34.243s]                  from [01m[K/workspace/ros2_ws/src/sllidar_ros2/sdk/src/sdkcommon.h:49[m[K,
[34.243s]                  from [01m[K/workspace/ros2_ws/src/sllidar_ros2/sdk/src/sl_async_transceiver.cpp:35[m[K:
[34.244s] [01m[K/workspace/ros2_ws/src/sllidar_ros2/./sdk/include/sl_lidar_cmd.h:324:20:[m[K [01;35m[Kwarning: [m[KISO C++ forbids zero-size array ‘[01m[Kpayload[m[K’ [[01;35m[K-Wpedantic[m[K]
[34.244s]   324 |     sl_u8  payload[[01;35m[K0[m[K];
[34.244s]       |                    [01;35m[K^[m[K
[34.386s] [01m[K/workspace/ros2_ws/src/sllidar_ros2/sdk/src/rplidar_driver.cpp:[m[K In member function ‘[01m[Ku_result rp::standalone::rplidar::RPlidarDriver::connect(const char*, _u32, _u32)[m[K’:
[34.386s] [01m[K/workspace/ros2_ws/src/sllidar_ros2/sdk/src/rplidar_driver.cpp:67:77:[m[K [01;35m[Kwarning: [m[Kunused parameter ‘[01m[Kflag[m[K’ [[01;35m[K-Wunused-parameter[m[K]
[34.387s]    67 |     u_result RPlidarDriver::connect(const char *path, _u32 portOrBaud, [01;35m[K_u32 flag[m[K)
[34.388s]       |                                                                        [01;35m[K~~~~~^~~~[m[K
[34.388s] [01m[K/workspace/ros2_ws/src/sllidar_ros2/sdk/src/rplidar_driver.cpp:[m[K In member function ‘[01m[Ku_result rp::standalone::rplidar::RPlidarDriver::reset(_u32)[m[K’:
[34.388s] [01m[K/workspace/ros2_ws/src/sllidar_ros2/sdk/src/rplidar_driver.cpp:101:40:[m[K [01;35m[Kwarning: [m[Kunused parameter ‘[01m[Ktimeout[m[K’ [[01;35m[K-Wunused-parameter[m[K]
[34.389s]   101 |     u_result RPlidarDriver::reset([01;35m[K_u32 timeout[m[K)
[34.389s]       |                                   [01;35m[K~~~~~^~~~~~~[m[K
[34.393s] [01m[K/workspace/ros2_ws/src/sllidar_ros2/sdk/src/rplidar_driver.cpp:[m[K In member function ‘[01m[Ku_result rp::standalone::rplidar::RPlidarDriver::getScanDataWithInterval(rplidar_response_measurement_node_t*, size_t&)[m[K’:
[34.393s] [01m[K/workspace/ros2_ws/src/sllidar_ros2/sdk/src/rplidar_driver.cpp:180:91:[m[K [01;35m[Kwarning: [m[Kunused parameter ‘[01m[Knodebuffer[m[K’ [[01;35m[K-Wunused-parameter[m[K]
[34.394s]   180 |     u_result RPlidarDriver::getScanDataWithInterval([01;35m[Krplidar_response_measurement_node_t * nodebuffer[m[K, size_t & count)
[34.394s]       |                                                     [01;35m[K~~~~~~~~~~~~~~~~~~~~~~~~~~~~~~~~~~~~~~^~~~~~~~~~[m[K
[34.394s] [01m[K/workspace/ros2_ws/src/sllidar_ros2/sdk/src/rplidar_driver.cpp:180:112:[m[K [01;35m[Kwarning: [m[Kunused parameter ‘[01m[Kcount[m[K’ [[01;35m[K-Wunused-parameter[m[K]
[34.395s]   180 |     u_result RPlidarDriver::getScanDataWithInterval(rplidar_response_measurement_node_t * nodebuffer, [01;35m[Ksize_t & count[m[K)
[34.395s]       |                                                                                                       [01;35m[K~~~~~~~~~^~~~~[m[K
[34.898s] In file included from [01m[K/workspace/ros2_ws/src/sllidar_ros2/sdk/src/sl_async_transceiver.cpp:44[m[K:
[34.900s] [01m[K/workspace/ros2_ws/src/sllidar_ros2/sdk/src/sl_async_transceiver.h:[m[K In member function ‘[01m[Kvirtual void sl::internal::IAsyncProtocolCodec::onChannelError(u_result)[m[K’:
[34.900s] [01m[K/workspace/ros2_ws/src/sllidar_ros2/sdk/src/sl_async_transceiver.h:90:41:[m[K [01;35m[Kwarning: [m[Kunused parameter ‘[01m[KerrCode[m[K’ [[01;35m[K-Wunused-parameter[m[K]
[34.900s]    90 |  virtual void   onChannelError([01;35m[Ku_result errCode[m[K) {}
[34.901s]       |                                [01;35m[K~~~~~~~~~^~~~~~~[m[K
[35.250s] [ 65%] [32mBuilding CXX object CMakeFiles/sllidar_node.dir/sdk/src/sl_crc.cpp.o[0m
[35.396s] In file included from [01m[K/workspace/ros2_ws/src/sllidar_ros2/./sdk/include/sl_lidar_cmd.h:41[m[K,
[35.397s]                  from [01m[K/workspace/ros2_ws/src/sllidar_ros2/./sdk/include/sl_crc.h:36[m[K,
[35.398s]                  from [01m[K/workspace/ros2_ws/src/sllidar_ros2/sdk/src/sl_crc.cpp:33[m[K:
[35.399s] [01m[K/workspace/ros2_ws/src/sllidar_ros2/./sdk/include/sl_lidar_protocol.h:66:16:[m[K [01;35m[Kwarning: [m[KISO C++ forbids zero-size array ‘[01m[Kdata[m[K’ [[01;35m[K-Wpedantic[m[K]
[35.400s]    66 |     sl_u8 data[[01;35m[K0[m[K];
[35.401s]       |                [01;35m[K^[m[K
[35.406s] In file included from [01m[K/workspace/ros2_ws/src/sllidar_ros2/./sdk/include/sl_crc.h:36[m[K,
[35.407s]                  from [01m[K/workspace/ros2_ws/src/sllidar_ros2/sdk/src/sl_crc.cpp:33[m[K:
[35.408s] [01m[K/workspace/ros2_ws/src/sllidar_ros2/./sdk/include/sl_lidar_cmd.h:324:20:[m[K [01;35m[Kwarning: [m[KISO C++ forbids zero-size array ‘[01m[Kpayload[m[K’ [[01;35m[K-Wpedantic[m[K]
[35.409s]   324 |     sl_u8  payload[[01;35m[K0[m[K];
[35.409s]       |                    [01;35m[K^[m[K
[35.539s] [ 70%] [32mBuilding CXX object CMakeFiles/sllidar_node.dir/sdk/src/sl_lidar_driver.cpp.o[0m
[36.005s] [ 75%] [32mBuilding CXX object CMakeFiles/sllidar_node.dir/sdk/src/sl_lidarprotocol_codec.cpp.o[0m
[39.116s] In file included from [01m[K/workspace/ros2_ws/src/sllidar_ros2/./sdk/include/rplidar_protocol.h:36[m[K,
[39.116s]                  from [01m[K/workspace/ros2_ws/src/sllidar_ros2/./sdk/include/rplidar.h:39[m[K,
[39.116s]                  from [01m[K/workspace/ros2_ws/src/sllidar_ros2/sdk/src/sdkcommon.h:49[m[K,
[39.117s]                  from [01m[K/workspace/ros2_ws/src/sllidar_ros2/sdk/src/sl_lidar_driver.cpp:33[m[K:
[39.117s] [01m[K/workspace/ros2_ws/src/sllidar_ros2/./sdk/include/sl_lidar_protocol.h:66:16:[m[K [01;35m[Kwarning: [m[KISO C++ forbids zero-size array ‘[01m[Kdata[m[K’ [[01;35m[K-Wpedantic[m[K]
[39.117s]    66 |     sl_u8 data[[01;35m[K0[m[K];
[39.118s]       |                [01;35m[K^[m[K
[39.128s] In file included from [01m[K/workspace/ros2_ws/src/sllidar_ros2/./sdk/include/rplidar_cmd.h:36[m[K,
[39.129s]                  from [01m[K/workspace/ros2_ws/src/sllidar_ros2/./sdk/include/rplidar.h:40[m[K,
[39.129s]                  from [01m[K/workspace/ros2_ws/src/sllidar_ros2/sdk/src/sdkcommon.h:49[m[K,
[39.129s]                  from [01m[K/workspace/ros2_ws/src/sllidar_ros2/sdk/src/sl_lidar_driver.cpp:33[m[K:
[39.130s] [01m[K/workspace/ros2_ws/src/sllidar_ros2/./sdk/include/sl_lidar_cmd.h:324:20:[m[K [01;35m[Kwarning: [m[KISO C++ forbids zero-size array ‘[01m[Kpayload[m[K’ [[01;35m[K-Wpedantic[m[K]
[39.130s]   324 |     sl_u8  payload[[01;35m[K0[m[K];
[39.131s]       |                    [01;35m[K^[m[K
[39.510s] In file included from [01m[K/workspace/ros2_ws/src/sllidar_ros2/./sdk/include/rplidar_protocol.h:36[m[K,
[39.511s]                  from [01m[K/workspace/ros2_ws/src/sllidar_ros2/./sdk/include/rplidar.h:39[m[K,
[39.511s]                  from [01m[K/workspace/ros2_ws/src/sllidar_ros2/sdk/src/sdkcommon.h:49[m[K,
[39.512s]                  from [01m[K/workspace/ros2_ws/src/sllidar_ros2/sdk/src/sl_lidarprotocol_codec.cpp:35[m[K:
[39.512s] [01m[K/workspace/ros2_ws/src/sllidar_ros2/./sdk/include/sl_lidar_protocol.h:66:16:[m[K [01;35m[Kwarning: [m[KISO C++ forbids zero-size array ‘[01m[Kdata[m[K’ [[01;35m[K-Wpedantic[m[K]
[39.512s]    66 |     sl_u8 data[[01;35m[K0[m[K];
[39.513s]       |                [01;35m[K^[m[K
[39.517s] In file included from [01m[K/workspace/ros2_ws/src/sllidar_ros2/./sdk/include/rplidar_cmd.h:36[m[K,
[39.517s]                  from [01m[K/workspace/ros2_ws/src/sllidar_ros2/./sdk/include/rplidar.h:40[m[K,
[39.518s]                  from [01m[K/workspace/ros2_ws/src/sllidar_ros2/sdk/src/sdkcommon.h:49[m[K,
[39.518s]                  from [01m[K/workspace/ros2_ws/src/sllidar_ros2/sdk/src/sl_lidarprotocol_codec.cpp:35[m[K:
[39.518s] [01m[K/workspace/ros2_ws/src/sllidar_ros2/./sdk/include/sl_lidar_cmd.h:324:20:[m[K [01;35m[Kwarning: [m[KISO C++ forbids zero-size array ‘[01m[Kpayload[m[K’ [[01;35m[K-Wpedantic[m[K]
[39.518s]   324 |     sl_u8  payload[[01;35m[K0[m[K];
[39.519s]       |                    [01;35m[K^[m[K
[40.593s] In file included from [01m[K/workspace/ros2_ws/src/sllidar_ros2/sdk/src/sl_lidar_driver.cpp:50[m[K:
[40.593s] [01m[K/workspace/ros2_ws/src/sllidar_ros2/sdk/src/dataunpacker/dataunpacker.h:[m[K In member function ‘[01m[Kvirtual void sl::internal::LIDARSampleDataListener::onCustomSampleDataDecoded(_u8, _u32, const void*, size_t)[m[K’:
[40.593s] [01m[K/workspace/ros2_ws/src/sllidar_ros2/sdk/src/dataunpacker/dataunpacker.h:54:45:[m[K [01;35m[Kwarning: [m[Kunused parameter ‘[01m[KansType[m[K’ [[01;35m[K-Wunused-parameter[m[K]
[40.594s]    54 |  virtual void onCustomSampleDataDecoded([01;35m[K_u8 ansType[m[K, _u32 customCode, const void* data, size_t size) {}
[40.594s]       |                                         [01;35m[K~~~~^~~~~~~[m[K
[40.595s] [01m[K/workspace/ros2_ws/src/sllidar_ros2/sdk/src/dataunpacker/dataunpacker.h:54:59:[m[K [01;35m[Kwarning: [m[Kunused parameter ‘[01m[KcustomCode[m[K’ [[01;35m[K-Wunused-parameter[m[K]
[40.595s]    54 |  virtual void onCustomSampleDataDecoded(_u8 ansType, [01;35m[K_u32 customCode[m[K, const void* data, size_t size) {}
[40.596s]       |                                                      [01;35m[K~~~~~^~~~~~~~~~[m[K
[40.596s] [01m[K/workspace/ros2_ws/src/sllidar_ros2/sdk/src/dataunpacker/dataunpacker.h:54:83:[m[K [01;35m[Kwarning: [m[Kunused parameter ‘[01m[Kdata[m[K’ [[01;35m[K-Wunused-parameter[m[K]
[40.596s]    54 |  virtual void onCustomSampleDataDecoded(_u8 ansType, _u32 customCode, [01;35m[Kconst void* data[m[K, size_t size) {}
[40.597s]       |                                                                       [01;35m[K~~~~~~~~~~~~^~~~[m[K
[40.597s] [01m[K/workspace/ros2_ws/src/sllidar_ros2/sdk/src/dataunpacker/dataunpacker.h:54:96:[m[K [01;35m[Kwarning: [m[Kunused parameter ‘[01m[Ksize[m[K’ [[01;35m[K-Wunused-parameter[m[K]
[40.597s]    54 |  virtual void onCustomSampleDataDecoded(_u8 ansType, _u32 customCode, const void* data, [01;35m[Ksize_t size[m[K) {}
[40.598s]       |                                                                                         [01;35m[K~~~~~~~^~~~[m[K
[40.598s] [01m[K/workspace/ros2_ws/src/sllidar_ros2/sdk/src/dataunpacker/dataunpacker.h:[m[K In member function ‘[01m[Kvirtual void sl::internal::LIDARSampleDataListener::onDecodingError(int, _u8, const void*, size_t)[m[K’:
[40.598s] [01m[K/workspace/ros2_ws/src/sllidar_ros2/sdk/src/dataunpacker/dataunpacker.h:56:35:[m[K [01;35m[Kwarning: [m[Kunused parameter ‘[01m[KerrMsg[m[K’ [[01;35m[K-Wunused-parameter[m[K]
[40.599s]    56 |  virtual void onDecodingError([01;35m[Kint errMsg[m[K, _u8 ansType, const void* payload, size_t size) {}
[40.599s]       |                               [01;35m[K~~~~^~~~~~[m[K
[40.599s] [01m[K/workspace/ros2_ws/src/sllidar_ros2/sdk/src/dataunpacker/dataunpacker.h:56:47:[m[K [01;35m[Kwarning: [m[Kunused parameter ‘[01m[KansType[m[K’ [[01;35m[K-Wunused-parameter[m[K]
[40.600s]    56 |  virtual void onDecodingError(int errMsg, [01;35m[K_u8 ansType[m[K, const void* payload, size_t size) {}
[40.601s]       |                                           [01;35m[K~~~~^~~~~~~[m[K
[40.602s] [01m[K/workspace/ros2_ws/src/sllidar_ros2/sdk/src/dataunpacker/dataunpacker.h:56:68:[m[K [01;35m[Kwarning: [m[Kunused parameter ‘[01m[Kpayload[m[K’ [[01;35m[K-Wunused-parameter[m[K]
[40.602s]    56 |  virtual void onDecodingError(int errMsg, _u8 ansType, [01;35m[Kconst void* payload[m[K, size_t size) {}
[40.602s]       |                                                        [01;35m[K~~~~~~~~~~~~^~~~~~~[m[K
[40.603s] [01m[K/workspace/ros2_ws/src/sllidar_ros2/sdk/src/dataunpacker/dataunpacker.h:56:84:[m[K [01;35m[Kwarning: [m[Kunused parameter ‘[01m[Ksize[m[K’ [[01;35m[K-Wunused-parameter[m[K]
[40.603s]    56 |  virtual void onDecodingError(int errMsg, _u8 ansType, const void* payload, [01;35m[Ksize_t size[m[K) {}
[40.603s]       |                                                                             [01;35m[K~~~~~~~^~~~[m[K
[40.644s] In file included from [01m[K/workspace/ros2_ws/src/sllidar_ros2/sdk/src/sl_lidar_driver.cpp:51[m[K:
[40.645s] [01m[K/workspace/ros2_ws/src/sllidar_ros2/sdk/src/sl_async_transceiver.h:[m[K In member function ‘[01m[Kvirtual void sl::internal::IAsyncProtocolCodec::onChannelError(u_result)[m[K’:
[40.645s] [01m[K/workspace/ros2_ws/src/sllidar_ros2/sdk/src/sl_async_transceiver.h:90:41:[m[K [01;35m[Kwarning: [m[Kunused parameter ‘[01m[KerrCode[m[K’ [[01;35m[K-Wunused-parameter[m[K]
[40.645s]    90 |  virtual void   onChannelError([01;35m[Ku_result errCode[m[K) {}
[40.646s]       |                                [01;35m[K~~~~~~~~~^~~~~~~[m[K
[40.717s] In file included from [01m[K/workspace/ros2_ws/src/sllidar_ros2/sdk/src/sl_lidarprotocol_codec.cpp:49[m[K:
[40.718s] [01m[K/workspace/ros2_ws/src/sllidar_ros2/sdk/src/sl_async_transceiver.h:[m[K In member function ‘[01m[Kvirtual void sl::internal::IAsyncProtocolCodec::onChannelError(u_result)[m[K’:
[40.719s] [01m[K/workspace/ros2_ws/src/sllidar_ros2/sdk/src/sl_async_transceiver.h:90:41:[m[K [01;35m[Kwarning: [m[Kunused parameter ‘[01m[KerrCode[m[K’ [[01;35m[K-Wunused-parameter[m[K]
[40.721s]    90 |  virtual void   onChannelError([01;35m[Ku_result errCode[m[K) {}
[40.722s]       |                                [01;35m[K~~~~~~~~~^~~~~~~[m[K
[40.769s] [01m[K/workspace/ros2_ws/src/sllidar_ros2/sdk/src/sl_lidar_driver.cpp:[m[K In member function ‘[01m[Kvirtual sl_result sl::SlamtecLidarDriver::reset(sl_u32)[m[K’:
[40.770s] [01m[K/workspace/ros2_ws/src/sllidar_ros2/sdk/src/sl_lidar_driver.cpp:511:32:[m[K [01;35m[Kwarning: [m[Kunused parameter ‘[01m[KtimeoutInMs[m[K’ [[01;35m[K-Wunused-parameter[m[K]
[40.771s]   511 |         sl_result reset([01;35m[Ksl_u32 timeoutInMs = DEFAULT_TIMEOUT[m[K)
[40.772s]       |                         [01;35m[K~~~~~~~^~~~~~~~~~~~~~~~~~~~~~~~~~~~~[m[K
[40.800s] [01m[K/workspace/ros2_ws/src/sllidar_ros2/sdk/src/sl_lidar_driver.cpp:[m[K In member function ‘[01m[Kvirtual sl_result sl::SlamtecLidarDriver::startScan(bool, bool, sl_u32, sl::LidarScanMode*)[m[K’:
[40.801s] [01m[K/workspace/ros2_ws/src/sllidar_ros2/sdk/src/sl_lidar_driver.cpp:586:69:[m[K [01;35m[Kwarning: [m[Kunused parameter ‘[01m[Koptions[m[K’ [[01;35m[K-Wunused-parameter[m[K]
[40.801s]   586 |         sl_result startScan(bool force, bool useTypicalScan, [01;35m[Ksl_u32 options = 0[m[K, LidarScanMode* outUsedScanMode = nullptr)
[40.801s]       |                                                              [01;35m[K~~~~~~~^~~~~~~~~~~[m[K
[40.814s] [01m[K/workspace/ros2_ws/src/sllidar_ros2/sdk/src/sl_lidar_driver.cpp:[m[K In member function ‘[01m[Kvirtual sl_result sl::SlamtecLidarDriver::stop(sl_u32)[m[K’:
[40.815s] [01m[K/workspace/ros2_ws/src/sllidar_ros2/sdk/src/sl_lidar_driver.cpp:763:31:[m[K [01;35m[Kwarning: [m[Kunused parameter ‘[01m[Ktimeout[m[K’ [[01;35m[K-Wunused-parameter[m[K]
[40.815s]   763 |         sl_result stop([01;35m[Ksl_u32 timeout = DEFAULT_TIMEOUT[m[K)
[40.816s]       |                        [01;35m[K~~~~~~~^~~~~~~~~~~~~~~~~~~~~~~~~[m[K
[40.828s] [01m[K/workspace/ros2_ws/src/sllidar_ros2/sdk/src/sl_lidar_driver.cpp:[m[K In member function ‘[01m[Kvirtual sl_result sl::SlamtecLidarDriver::getFrequency(const sl::LidarScanMode&, const sl_lidar_response_measurement_node_hq_t*, size_t, float&)[m[K’:
[40.829s] [01m[K/workspace/ros2_ws/src/sllidar_ros2/sdk/src/sl_lidar_driver.cpp:880:110:[m[K [01;35m[Kwarning: [m[Kunused parameter ‘[01m[Knodes[m[K’ [[01;35m[K-Wunused-parameter[m[K]
[40.829s]   880 |         sl_result getFrequency(const LidarScanMode& scanMode, [01;35m[Kconst sl_lidar_response_measurement_node_hq_t* nodes[m[K, size_t count, float& frequency)
[40.830s]       |                                                               [01;35m[K~~~~~~~~~~~~~~~~~~~~~~~~~~~~~~~~~~~~~~~~~~~~~~~^~~~~[m[K
[40.846s] [01m[K/workspace/ros2_ws/src/sllidar_ros2/sdk/src/sl_lidar_driver.cpp:[m[K In member function ‘[01m[Kvirtual sl_result sl::SlamtecLidarDriver::getMotorInfo(sl::LidarMotorInfo&, sl_u32)[m[K’:
[40.847s] [01m[K/workspace/ros2_ws/src/sllidar_ros2/sdk/src/sl_lidar_driver.cpp:1023:66:[m[K [01;35m[Kwarning: [m[Kunused parameter ‘[01m[KtimeoutInMs[m[K’ [[01;35m[K-Wunused-parameter[m[K]
[40.848s]  1023 |         sl_result getMotorInfo(LidarMotorInfo &motorInfo, [01;35m[Ksl_u32 timeoutInMs[m[K)
[40.848s]       |                                                           [01;35m[K~~~~~~~^~~~~~~~~~~[m[K
[40.856s] [01m[K/workspace/ros2_ws/src/sllidar_ros2/sdk/src/sl_lidar_driver.cpp:[m[K In member function ‘[01m[Ku_result sl::SlamtecLidarDriver::getScanModeCount(sl_u16&, sl_u32)[m[K’:
[40.857s] [01m[K/workspace/ros2_ws/src/sllidar_ros2/sdk/src/sl_lidar_driver.cpp:1199:61:[m[K [01;35m[Kwarning: [m[Kunused parameter ‘[01m[KtimeoutInMs[m[K’ [[01;35m[K-Wunused-parameter[m[K]
[40.857s]  1199 |         u_result getScanModeCount(sl_u16& modeCount, [01;35m[Ksl_u32 timeoutInMs = DEFAULT_TIMEOUT[m[K)
[40.858s]       |                                                      [01;35m[K~~~~~~~^~~~~~~~~~~~~~~~~~~~~~~~~~~~~[m[K
[41.096s] /workspace/ros2_ws/src/sllidar_ros2/sdk/src/sl_lidar_driver.cpp: In instantiation of ‘[01m[Kvoid sl::RawSampleNodeHolder<T>::pushNode(_u64, const T*) [with T = sl_lidar_response_measurement_node_hq_t; _u64 = long unsigned int][m[K’:
[41.097s] [01m[K/workspace/ros2_ws/src/sllidar_ros2/sdk/src/sl_lidar_driver.cpp:1648:61:[m[K   required from here
[41.098s] [01m[K/workspace/ros2_ws/src/sllidar_ros2/sdk/src/sl_lidar_driver.cpp:202:28:[m[K [01;35m[Kwarning: [m[Kunused parameter ‘[01m[Ktimestamp_uS[m[K’ [[01;35m[K-Wunused-parameter[m[K]
[41.098s]   202 |         void pushNode([01;35m[K_u64 timestamp_uS[m[K, const T* node)
[41.099s]       |                       [01;35m[K~~~~~^~~~~~~~~~~~[m[K
[41.598s] [ 80%] [32mBuilding CXX object CMakeFiles/sllidar_node.dir/sdk/src/sl_serial_channel.cpp.o[0m
[41.791s] [01m[K/workspace/ros2_ws/src/sllidar_ros2/sdk/src/sl_lidar_driver.cpp:[m[K At global scope:
[41.795s] [01m[K/workspace/ros2_ws/src/sllidar_ros2/sdk/src/sl_lidar_driver.cpp:83:17:[m[K [01;35m[Kwarning: [m[K‘[01m[Kvoid sl::convert(const sl_lidar_response_measurement_node_hq_t&, sl_lidar_response_measurement_node_t&)[m[K’ defined but not used [[01;35m[K-Wunused-function[m[K]
[41.796s]    83 |     static void [01;35m[Kconvert[m[K(const sl_lidar_response_measurement_node_hq_t& from, sl_lidar_response_measurement_node_t& to)
[41.797s]       |                 [01;35m[K^~~~~~~[m[K
[41.798s] [01m[K/workspace/ros2_ws/src/sllidar_ros2/sdk/src/sl_lidar_driver.cpp:75:17:[m[K [01;35m[Kwarning: [m[K‘[01m[Kvoid sl::convert(const sl_lidar_response_measurement_node_t&, sl_lidar_response_measurement_node_hq_t&)[m[K’ defined but not used [[01;35m[K-Wunused-function[m[K]
[41.798s]    75 |     static void [01;35m[Kconvert[m[K(const sl_lidar_response_measurement_node_t& from, sl_lidar_response_measurement_node_hq_t& to)
[41.799s]       |                 [01;35m[K^~~~~~~[m[K
[41.800s] [01m[K/workspace/ros2_ws/src/sllidar_ros2/sdk/src/sl_lidar_driver.cpp:70:17:[m[K [01;35m[Kwarning: [m[K‘[01m[Kvoid sl::printDeprecationWarn(const char*, const char*)[m[K’ defined but not used [[01;35m[K-Wunused-function[m[K]
[41.801s]    70 |     static void [01;35m[KprintDeprecationWarn[m[K(const char* fn, const char* replacement)
[41.801s]       |                 [01;35m[K^~~~~~~~~~~~~~~~~~~~[m[K
[43.867s] [ 85%] [32mBuilding CXX object CMakeFiles/sllidar_node.dir/sdk/src/sl_tcp_channel.cpp.o[0m
[43.959s] In file included from [01m[K/workspace/ros2_ws/src/sllidar_ros2/./sdk/include/sl_lidar_cmd.h:41[m[K,
[43.959s]                  from [01m[K/workspace/ros2_ws/src/sllidar_ros2/./sdk/include/sl_lidar_driver.h:54[m[K,
[43.960s]                  from [01m[K/workspace/ros2_ws/src/sllidar_ros2/sdk/src/sl_serial_channel.cpp:33[m[K:
[43.960s] [01m[K/workspace/ros2_ws/src/sllidar_ros2/./sdk/include/sl_lidar_protocol.h:66:16:[m[K [01;35m[Kwarning: [m[KISO C++ forbids zero-size array ‘[01m[Kdata[m[K’ [[01;35m[K-Wpedantic[m[K]
[43.960s]    66 |     sl_u8 data[[01;35m[K0[m[K];
[43.961s]       |                [01;35m[K^[m[K
[43.963s] In file included from [01m[K/workspace/ros2_ws/src/sllidar_ros2/./sdk/include/sl_lidar_driver.h:54[m[K,
[43.964s]                  from [01m[K/workspace/ros2_ws/src/sllidar_ros2/sdk/src/sl_serial_channel.cpp:33[m[K:
[43.964s] [01m[K/workspace/ros2_ws/src/sllidar_ros2/./sdk/include/sl_lidar_cmd.h:324:20:[m[K [01;35m[Kwarning: [m[KISO C++ forbids zero-size array ‘[01m[Kpayload[m[K’ [[01;35m[K-Wpedantic[m[K]
[43.964s]   324 |     sl_u8  payload[[01;35m[K0[m[K];
[43.965s]       |                    [01;35m[K^[m[K
[44.475s] [ 90%] [32mBuilding CXX object CMakeFiles/sllidar_node.dir/sdk/src/sl_udp_channel.cpp.o[0m
[46.402s] In file included from [01m[K/workspace/ros2_ws/src/sllidar_ros2/./sdk/include/sl_lidar_cmd.h:41[m[K,
[46.403s]                  from [01m[K/workspace/ros2_ws/src/sllidar_ros2/./sdk/include/sl_lidar_driver.h:54[m[K,
[46.407s]                  from [01m[K/workspace/ros2_ws/src/sllidar_ros2/sdk/src/sl_tcp_channel.cpp:33[m[K:
[46.408s] [01m[K/workspace/ros2_ws/src/sllidar_ros2/./sdk/include/sl_lidar_protocol.h:66:16:[m[K [01;35m[Kwarning: [m[KISO C++ forbids zero-size array ‘[01m[Kdata[m[K’ [[01;35m[K-Wpedantic[m[K]
[46.408s]    66 |     sl_u8 data[[01;35m[K0[m[K];
[46.409s]       |                [01;35m[K^[m[K
[46.413s] In file included from [01m[K/workspace/ros2_ws/src/sllidar_ros2/./sdk/include/sl_lidar_driver.h:54[m[K,
[46.414s]                  from [01m[K/workspace/ros2_ws/src/sllidar_ros2/sdk/src/sl_tcp_channel.cpp:33[m[K:
[46.415s] [01m[K/workspace/ros2_ws/src/sllidar_ros2/./sdk/include/sl_lidar_cmd.h:324:20:[m[K [01;35m[Kwarning: [m[KISO C++ forbids zero-size array ‘[01m[Kpayload[m[K’ [[01;35m[K-Wpedantic[m[K]
[46.416s]   324 |     sl_u8  payload[[01;35m[K0[m[K];
[46.417s]       |                    [01;35m[K^[m[K
[46.449s] [01m[K/workspace/ros2_ws/src/sllidar_ros2/sdk/src/sl_tcp_channel.cpp:[m[K In member function ‘[01m[Kvoid sl::TcpChannel::setStatus(_u32)[m[K’:
[46.450s] [01m[K/workspace/ros2_ws/src/sllidar_ros2/sdk/src/sl_tcp_channel.cpp:109:29:[m[K [01;35m[Kwarning: [m[Kunused parameter ‘[01m[Kflag[m[K’ [[01;35m[K-Wunused-parameter[m[K]
[46.451s]   109 |         void setStatus([01;35m[K_u32 flag[m[K){}
[46.452s]       |                        [01;35m[K~~~~~^~~~[m[K
[46.532s] In file included from [01m[K/workspace/ros2_ws/src/sllidar_ros2/./sdk/include/sl_lidar_cmd.h:41[m[K,
[46.533s]                  from [01m[K/workspace/ros2_ws/src/sllidar_ros2/./sdk/include/sl_lidar_driver.h:54[m[K,
[46.533s]                  from [01m[K/workspace/ros2_ws/src/sllidar_ros2/sdk/src/sl_udp_channel.cpp:33[m[K:
[46.533s] [01m[K/workspace/ros2_ws/src/sllidar_ros2/./sdk/include/sl_lidar_protocol.h:66:16:[m[K [01;35m[Kwarning: [m[KISO C++ forbids zero-size array ‘[01m[Kdata[m[K’ [[01;35m[K-Wpedantic[m[K]
[46.534s]    66 |     sl_u8 data[[01;35m[K0[m[K];
[46.539s]       |                [01;35m[K^[m[K
[46.540s] In file included from [01m[K/workspace/ros2_ws/src/sllidar_ros2/./sdk/include/sl_lidar_driver.h:54[m[K,
[46.541s]                  from [01m[K/workspace/ros2_ws/src/sllidar_ros2/sdk/src/sl_udp_channel.cpp:33[m[K:
[46.541s] [01m[K/workspace/ros2_ws/src/sllidar_ros2/./sdk/include/sl_lidar_cmd.h:324:20:[m[K [01;35m[Kwarning: [m[KISO C++ forbids zero-size array ‘[01m[Kpayload[m[K’ [[01;35m[K-Wpedantic[m[K]
[46.543s]   324 |     sl_u8  payload[[01;35m[K0[m[K];
[46.543s]       |                    [01;35m[K^[m[K
[46.567s] [01m[K/workspace/ros2_ws/src/sllidar_ros2/sdk/src/sl_udp_channel.cpp:[m[K In member function ‘[01m[Kvoid sl::UdpChannel::setStatus(_u32)[m[K’:
[46.568s] [01m[K/workspace/ros2_ws/src/sllidar_ros2/sdk/src/sl_udp_channel.cpp:112:29:[m[K [01;35m[Kwarning: [m[Kunused parameter ‘[01m[Kflag[m[K’ [[01;35m[K-Wunused-parameter[m[K]
[46.568s]   112 |         void setStatus([01;35m[K_u32 flag[m[K){}
[46.568s]       |                        [01;35m[K~~~~~^~~~[m[K
[47.562s] [ 95%] [32m[1mLinking CXX executable sllidar_node[0m
[48.855s] [ 95%] Built target sllidar_node
[60.414s] [100%] [32m[1mLinking CXX executable sllidar_client[0m
[62.132s] [100%] Built target sllidar_client
[62.167s] Invoked command in '/workspace/ros2_ws/build/sllidar_ros2' returned '0': CMAKE_PREFIX_PATH=${CMAKE_PREFIX_PATH}:/workspace/ros2_ws/install/keyboard_input /usr/local/bin/cmake --build /workspace/ros2_ws/build/sllidar_ros2 -- -j4 -l4
[62.711s] Invoking command in '/workspace/ros2_ws/build/sllidar_ros2': CMAKE_PREFIX_PATH=${CMAKE_PREFIX_PATH}:/workspace/ros2_ws/install/keyboard_input /usr/local/bin/cmake --install /workspace/ros2_ws/build/sllidar_ros2
[62.831s] -- Install configuration: ""
[62.833s] -- Execute custom install script
[62.838s] -- Symlinking: /workspace/ros2_ws/install/sllidar_ros2/share/sllidar_ros2/launch/sllidar_a1_launch.py
[62.851s] -- Symlinking: /workspace/ros2_ws/install/sllidar_ros2/share/sllidar_ros2/launch/sllidar_a2m12_launch .py
[62.868s] -- Symlinking: /workspace/ros2_ws/install/sllidar_ros2/share/sllidar_ros2/launch/sllidar_a2m7_launch.py
[62.880s] -- Symlinking: /workspace/ros2_ws/install/sllidar_ros2/share/sllidar_ros2/launch/sllidar_a2m8_launch.py
[62.893s] -- Symlinking: /workspace/ros2_ws/install/sllidar_ros2/share/sllidar_ros2/launch/sllidar_a3_launch.py
[62.907s] -- Symlinking: /workspace/ros2_ws/install/sllidar_ros2/share/sllidar_ros2/launch/sllidar_c1_launch.py
[62.920s] -- Symlinking: /workspace/ros2_ws/install/sllidar_ros2/share/sllidar_ros2/launch/sllidar_s1_launch.py
[62.933s] -- Symlinking: /workspace/ros2_ws/install/sllidar_ros2/share/sllidar_ros2/launch/sllidar_s1_tcp_launch.py
[62.946s] -- Symlinking: /workspace/ros2_ws/install/sllidar_ros2/share/sllidar_ros2/launch/sllidar_s2_launch.py
[62.961s] -- Symlinking: /workspace/ros2_ws/install/sllidar_ros2/share/sllidar_ros2/launch/sllidar_s2e_launch.py
[62.976s] -- Symlinking: /workspace/ros2_ws/install/sllidar_ros2/share/sllidar_ros2/launch/sllidar_s3_launch.py
[62.990s] -- Symlinking: /workspace/ros2_ws/install/sllidar_ros2/share/sllidar_ros2/launch/sllidar_t1_launch.py
[63.003s] -- Symlinking: /workspace/ros2_ws/install/sllidar_ros2/share/sllidar_ros2/launch/view_sllidar_a1_launch.py
[63.017s] -- Symlinking: /workspace/ros2_ws/install/sllidar_ros2/share/sllidar_ros2/launch/view_sllidar_a2m12_launch.py
[63.031s] -- Symlinking: /workspace/ros2_ws/install/sllidar_ros2/share/sllidar_ros2/launch/view_sllidar_a2m7_launch.py
[63.045s] -- Symlinking: /workspace/ros2_ws/install/sllidar_ros2/share/sllidar_ros2/launch/view_sllidar_a2m8_launch.py
[63.060s] -- Symlinking: /workspace/ros2_ws/install/sllidar_ros2/share/sllidar_ros2/launch/view_sllidar_a3_launch.py
[63.075s] -- Symlinking: /workspace/ros2_ws/install/sllidar_ros2/share/sllidar_ros2/launch/view_sllidar_c1_launch.py
[63.089s] -- Symlinking: /workspace/ros2_ws/install/sllidar_ros2/share/sllidar_ros2/launch/view_sllidar_s1_launch.py
[63.102s] -- Symlinking: /workspace/ros2_ws/install/sllidar_ros2/share/sllidar_ros2/launch/view_sllidar_s1_tcp_launch.py
[63.116s] -- Symlinking: /workspace/ros2_ws/install/sllidar_ros2/share/sllidar_ros2/launch/view_sllidar_s2_launch.py
[63.130s] -- Symlinking: /workspace/ros2_ws/install/sllidar_ros2/share/sllidar_ros2/launch/view_sllidar_s2e_launch.py
[63.143s] -- Symlinking: /workspace/ros2_ws/install/sllidar_ros2/share/sllidar_ros2/launch/view_sllidar_s3_launch.py
[63.160s] -- Symlinking: /workspace/ros2_ws/install/sllidar_ros2/share/sllidar_ros2/launch/view_sllidar_t1_launch.py
[63.176s] -- Symlinking: /workspace/ros2_ws/install/sllidar_ros2/share/sllidar_ros2/rviz/sllidar_ros2.rviz
[63.191s] -- Symlinking: /workspace/ros2_ws/install/sllidar_ros2/lib/sllidar_ros2/sllidar_node
[63.204s] -- Symlinking: /workspace/ros2_ws/install/sllidar_ros2/lib/sllidar_ros2/sllidar_client
[63.218s] -- Symlinking: /workspace/ros2_ws/install/sllidar_ros2/share/ament_index/resource_index/package_run_dependencies/sllidar_ros2
[63.233s] -- Symlinking: /workspace/ros2_ws/install/sllidar_ros2/share/ament_index/resource_index/parent_prefix_path/sllidar_ros2
[63.247s] -- Symlinking: /workspace/ros2_ws/install/sllidar_ros2/share/sllidar_ros2/environment/ament_prefix_path.sh
[63.261s] -- Symlinking: /workspace/ros2_ws/install/sllidar_ros2/share/sllidar_ros2/environment/ament_prefix_path.dsv
[63.277s] -- Symlinking: /workspace/ros2_ws/install/sllidar_ros2/share/sllidar_ros2/environment/path.sh
[63.293s] -- Symlinking: /workspace/ros2_ws/install/sllidar_ros2/share/sllidar_ros2/environment/path.dsv
[63.307s] -- Symlinking: /workspace/ros2_ws/install/sllidar_ros2/share/sllidar_ros2/local_setup.bash
[63.322s] -- Symlinking: /workspace/ros2_ws/install/sllidar_ros2/share/sllidar_ros2/local_setup.sh
[63.338s] -- Symlinking: /workspace/ros2_ws/install/sllidar_ros2/share/sllidar_ros2/local_setup.zsh
[63.353s] -- Symlinking: /workspace/ros2_ws/install/sllidar_ros2/share/sllidar_ros2/local_setup.dsv
[63.368s] -- Symlinking: /workspace/ros2_ws/install/sllidar_ros2/share/sllidar_ros2/package.dsv
[63.383s] -- Symlinking: /workspace/ros2_ws/install/sllidar_ros2/share/ament_index/resource_index/packages/sllidar_ros2
[63.397s] -- Symlinking: /workspace/ros2_ws/install/sllidar_ros2/share/sllidar_ros2/cmake/ament_cmake_export_dependencies-extras.cmake
[63.411s] -- Symlinking: /workspace/ros2_ws/install/sllidar_ros2/share/sllidar_ros2/cmake/ament_cmake_export_include_directories-extras.cmake
[63.425s] -- Symlinking: /workspace/ros2_ws/install/sllidar_ros2/share/sllidar_ros2/cmake/sllidar_ros2Config.cmake
[63.440s] -- Symlinking: /workspace/ros2_ws/install/sllidar_ros2/share/sllidar_ros2/cmake/sllidar_ros2Config-version.cmake
[63.456s] -- Symlinking: /workspace/ros2_ws/install/sllidar_ros2/share/sllidar_ros2/package.xml
[63.498s] Invoked command in '/workspace/ros2_ws/build/sllidar_ros2' returned '0': CMAKE_PREFIX_PATH=${CMAKE_PREFIX_PATH}:/workspace/ros2_ws/install/keyboard_input /usr/local/bin/cmake --install /workspace/ros2_ws/build/sllidar_ros2
