[1.244s] Invoking command in '/workspace/ros2_ws/build/motor_control_node': /usr/local/bin/cmake --build /workspace/ros2_ws/build/motor_control_node -- -j6 -l6
[1.792s] [100%] Built target motor_control_node
[1.833s] Invoked command in '/workspace/ros2_ws/build/motor_control_node' returned '0': /usr/local/bin/cmake --build /workspace/ros2_ws/build/motor_control_node -- -j6 -l6
[2.274s] Invoking command in '/workspace/ros2_ws/build/motor_control_node': /usr/local/bin/cmake --install /workspace/ros2_ws/build/motor_control_node
[2.424s] -- Install configuration: ""
[2.430s] -- Execute custom install script
[2.434s] -- Up-to-date symlink: /workspace/ros2_ws/install/motor_control_node/lib/motor_control_node/motor_control_node
[2.437s] -- Up-to-date symlink: /workspace/ros2_ws/install/motor_control_node/share/ament_index/resource_index/package_run_dependencies/motor_control_node
[2.440s] -- Up-to-date symlink: /workspace/ros2_ws/install/motor_control_node/share/ament_index/resource_index/parent_prefix_path/motor_control_node
[2.443s] -- Up-to-date symlink: /workspace/ros2_ws/install/motor_control_node/share/motor_control_node/environment/ament_prefix_path.sh
[2.445s] -- Up-to-date symlink: /workspace/ros2_ws/install/motor_control_node/share/motor_control_node/environment/ament_prefix_path.dsv
[2.447s] -- Up-to-date symlink: /workspace/ros2_ws/install/motor_control_node/share/motor_control_node/environment/path.sh
[2.449s] -- Up-to-date symlink: /workspace/ros2_ws/install/motor_control_node/share/motor_control_node/environment/path.dsv
[2.451s] -- Up-to-date symlink: /workspace/ros2_ws/install/motor_control_node/share/motor_control_node/local_setup.bash
[2.453s] -- Up-to-date symlink: /workspace/ros2_ws/install/motor_control_node/share/motor_control_node/local_setup.sh
[2.454s] -- Up-to-date symlink: /workspace/ros2_ws/install/motor_control_node/share/motor_control_node/local_setup.zsh
[2.456s] -- Up-to-date symlink: /workspace/ros2_ws/install/motor_control_node/share/motor_control_node/local_setup.dsv
[2.457s] -- Symlinking: /workspace/ros2_ws/install/motor_control_node/share/motor_control_node/package.dsv
[2.477s] -- Up-to-date symlink: /workspace/ros2_ws/install/motor_control_node/share/ament_index/resource_index/packages/motor_control_node
[2.479s] -- Up-to-date symlink: /workspace/ros2_ws/install/motor_control_node/share/motor_control_node/cmake/motor_control_nodeConfig.cmake
[2.480s] -- Up-to-date symlink: /workspace/ros2_ws/install/motor_control_node/share/motor_control_node/cmake/motor_control_nodeConfig-version.cmake
[2.482s] -- Up-to-date symlink: /workspace/ros2_ws/install/motor_control_node/share/motor_control_node/package.xml
[2.514s] Invoked command in '/workspace/ros2_ws/build/motor_control_node' returned '0': /usr/local/bin/cmake --install /workspace/ros2_ws/build/motor_control_node
