[1.418s] DEBUG:colcon:Command line arguments: ['/usr/bin/colcon', 'build', '--symlink-install', '--packages-select', 'motor_control_node']
[1.419s] DEBUG:colcon:Parsed command line arguments: Namespace(ament_cmake_args=None, base_paths=['.'], build_base='build', catkin_cmake_args=None, catkin_skip_building_tests=False, cmake_args=None, cmake_clean_cache=False, cmake_clean_first=False, cmake_force_configure=False, cmake_target=None, cmake_target_skip_unavailable=False, continue_on_error=False, event_handlers=None, executor='parallel', ignore_user_meta=False, install_base='install', log_base=None, log_level=None, main=<bound method BuildVerb.main of <colcon_core.verb.build.BuildVerb object at 0xffff88126d00>>, merge_install=False, metas=['./colcon.meta'], packages_above=None, packages_above_and_dependencies=None, packages_above_depth=None, packages_end=None, packages_ignore=None, packages_ignore_regex=None, packages_select=['motor_control_node'], packages_select_build_failed=False, packages_select_by_dep=None, packages_select_regex=None, packages_select_test_failures=False, packages_skip=None, packages_skip_build_finished=False, packages_skip_by_dep=None, packages_skip_regex=None, packages_skip_test_passed=False, packages_skip_up_to=None, packages_start=None, packages_up_to=None, packages_up_to_regex=None, parallel_workers=6, paths=None, symlink_install=True, test_result_base=None, verb_extension=<colcon_core.verb.build.BuildVerb object at 0xffff88126d00>, verb_name='build', verb_parser=<colcon_defaults.argument_parser.defaults.DefaultArgumentsDecorator object at 0xffff8804a550>)
[1.642s] Level 1:colcon.colcon_core.package_discovery:discover_packages(colcon_meta) check parameters
[1.643s] Level 1:colcon.colcon_core.package_discovery:discover_packages(recursive) check parameters
[1.643s] Level 1:colcon.colcon_core.package_discovery:discover_packages(ignore) check parameters
[1.643s] Level 1:colcon.colcon_core.package_discovery:discover_packages(path) check parameters
[1.643s] Level 1:colcon.colcon_core.package_discovery:discover_packages(colcon_meta) discover
[1.644s] Level 1:colcon.colcon_core.package_discovery:discover_packages(recursive) discover
[1.644s] INFO:colcon.colcon_core.package_discovery:Crawling recursively for packages in '/workspace/ros2_ws'
[1.644s] Level 1:colcon.colcon_core.package_identification:_identify(.) by extensions ['ignore', 'ignore_ament_install']
[1.645s] Level 1:colcon.colcon_core.package_identification:_identify(.) by extension 'ignore'
[1.645s] Level 1:colcon.colcon_core.package_identification:_identify(.) by extension 'ignore_ament_install'
[1.646s] Level 1:colcon.colcon_core.package_identification:_identify(.) by extensions ['colcon_pkg']
[1.646s] Level 1:colcon.colcon_core.package_identification:_identify(.) by extension 'colcon_pkg'
[1.646s] Level 1:colcon.colcon_core.package_identification:_identify(.) by extensions ['colcon_meta']
[1.646s] Level 1:colcon.colcon_core.package_identification:_identify(.) by extension 'colcon_meta'
[1.646s] Level 1:colcon.colcon_core.package_identification:_identify(.) by extensions ['ros']
[1.647s] Level 1:colcon.colcon_core.package_identification:_identify(.) by extension 'ros'
[1.722s] Level 1:colcon.colcon_core.package_identification:_identify(.) by extensions ['cmake', 'python']
[1.722s] Level 1:colcon.colcon_core.package_identification:_identify(.) by extension 'cmake'
[1.723s] Level 1:colcon.colcon_core.package_identification:_identify(.) by extension 'python'
[1.723s] Level 1:colcon.colcon_core.package_identification:_identify(.) by extensions ['python_setup_py']
[1.723s] Level 1:colcon.colcon_core.package_identification:_identify(.) by extension 'python_setup_py'
[1.724s] Level 1:colcon.colcon_core.package_identification:_identify(build) by extensions ['ignore', 'ignore_ament_install']
[1.724s] Level 1:colcon.colcon_core.package_identification:_identify(build) by extension 'ignore'
[1.725s] Level 1:colcon.colcon_core.package_identification:_identify(build) ignored
[1.725s] Level 1:colcon.colcon_core.package_identification:_identify(install) by extensions ['ignore', 'ignore_ament_install']
[1.726s] Level 1:colcon.colcon_core.package_identification:_identify(install) by extension 'ignore'
[1.726s] Level 1:colcon.colcon_core.package_identification:_identify(install) ignored
[1.727s] Level 1:colcon.colcon_core.package_identification:_identify(log) by extensions ['ignore', 'ignore_ament_install']
[1.727s] Level 1:colcon.colcon_core.package_identification:_identify(log) by extension 'ignore'
[1.727s] Level 1:colcon.colcon_core.package_identification:_identify(log) ignored
[1.728s] Level 1:colcon.colcon_core.package_identification:_identify(src) by extensions ['ignore', 'ignore_ament_install']
[1.728s] Level 1:colcon.colcon_core.package_identification:_identify(src) by extension 'ignore'
[1.728s] Level 1:colcon.colcon_core.package_identification:_identify(src) by extension 'ignore_ament_install'
[1.729s] Level 1:colcon.colcon_core.package_identification:_identify(src) by extensions ['colcon_pkg']
[1.729s] Level 1:colcon.colcon_core.package_identification:_identify(src) by extension 'colcon_pkg'
[1.729s] Level 1:colcon.colcon_core.package_identification:_identify(src) by extensions ['colcon_meta']
[1.729s] Level 1:colcon.colcon_core.package_identification:_identify(src) by extension 'colcon_meta'
[1.729s] Level 1:colcon.colcon_core.package_identification:_identify(src) by extensions ['ros']
[1.730s] Level 1:colcon.colcon_core.package_identification:_identify(src) by extension 'ros'
[1.730s] Level 1:colcon.colcon_core.package_identification:_identify(src) by extensions ['cmake', 'python']
[1.730s] Level 1:colcon.colcon_core.package_identification:_identify(src) by extension 'cmake'
[1.730s] Level 1:colcon.colcon_core.package_identification:_identify(src) by extension 'python'
[1.731s] Level 1:colcon.colcon_core.package_identification:_identify(src) by extensions ['python_setup_py']
[1.731s] Level 1:colcon.colcon_core.package_identification:_identify(src) by extension 'python_setup_py'
[1.731s] Level 1:colcon.colcon_core.package_identification:_identify(src/keyboard_input) by extensions ['ignore', 'ignore_ament_install']
[1.732s] Level 1:colcon.colcon_core.package_identification:_identify(src/keyboard_input) by extension 'ignore'
[1.732s] Level 1:colcon.colcon_core.package_identification:_identify(src/keyboard_input) by extension 'ignore_ament_install'
[1.732s] Level 1:colcon.colcon_core.package_identification:_identify(src/keyboard_input) by extensions ['colcon_pkg']
[1.733s] Level 1:colcon.colcon_core.package_identification:_identify(src/keyboard_input) by extension 'colcon_pkg'
[1.733s] Level 1:colcon.colcon_core.package_identification:_identify(src/keyboard_input) by extensions ['colcon_meta']
[1.733s] Level 1:colcon.colcon_core.package_identification:_identify(src/keyboard_input) by extension 'colcon_meta'
[1.733s] Level 1:colcon.colcon_core.package_identification:_identify(src/keyboard_input) by extensions ['ros']
[1.733s] Level 1:colcon.colcon_core.package_identification:_identify(src/keyboard_input) by extension 'ros'
[1.744s] DEBUG:colcon.colcon_core.package_identification:Package 'src/keyboard_input' with type 'ros.ament_python' and name 'keyboard_input'
[1.745s] Level 1:colcon.colcon_core.package_identification:_identify(src/log) by extensions ['ignore', 'ignore_ament_install']
[1.745s] Level 1:colcon.colcon_core.package_identification:_identify(src/log) by extension 'ignore'
[1.746s] Level 1:colcon.colcon_core.package_identification:_identify(src/log) ignored
[1.746s] Level 1:colcon.colcon_core.package_identification:_identify(src/motor_control_node) by extensions ['ignore', 'ignore_ament_install']
[1.746s] Level 1:colcon.colcon_core.package_identification:_identify(src/motor_control_node) by extension 'ignore'
[1.747s] Level 1:colcon.colcon_core.package_identification:_identify(src/motor_control_node) by extension 'ignore_ament_install'
[1.747s] Level 1:colcon.colcon_core.package_identification:_identify(src/motor_control_node) by extensions ['colcon_pkg']
[1.747s] Level 1:colcon.colcon_core.package_identification:_identify(src/motor_control_node) by extension 'colcon_pkg'
[1.747s] Level 1:colcon.colcon_core.package_identification:_identify(src/motor_control_node) by extensions ['colcon_meta']
[1.748s] Level 1:colcon.colcon_core.package_identification:_identify(src/motor_control_node) by extension 'colcon_meta'
[1.748s] Level 1:colcon.colcon_core.package_identification:_identify(src/motor_control_node) by extensions ['ros']
[1.748s] Level 1:colcon.colcon_core.package_identification:_identify(src/motor_control_node) by extension 'ros'
[1.752s] DEBUG:colcon.colcon_core.package_identification:Package 'src/motor_control_node' with type 'ros.ament_cmake' and name 'motor_control_node'
[1.752s] Level 1:colcon.colcon_core.package_discovery:discover_packages(recursive) using defaults
[1.753s] Level 1:colcon.colcon_core.package_discovery:discover_packages(ignore) discover
[1.753s] Level 1:colcon.colcon_core.package_discovery:discover_packages(ignore) using defaults
[1.753s] Level 1:colcon.colcon_core.package_discovery:discover_packages(path) discover
[1.753s] Level 1:colcon.colcon_core.package_discovery:discover_packages(path) using defaults
[1.882s] INFO:colcon.colcon_core.package_selection:Skipping not selected package 'keyboard_input' in 'src/keyboard_input'
[1.890s] Level 5:colcon.colcon_core.verb:set package 'motor_control_node' build argument 'cmake_args' from command line to 'None'
[1.890s] Level 5:colcon.colcon_core.verb:set package 'motor_control_node' build argument 'cmake_target' from command line to 'None'
[1.890s] Level 5:colcon.colcon_core.verb:set package 'motor_control_node' build argument 'cmake_target_skip_unavailable' from command line to 'False'
[1.890s] Level 5:colcon.colcon_core.verb:set package 'motor_control_node' build argument 'cmake_clean_cache' from command line to 'False'
[1.890s] Level 5:colcon.colcon_core.verb:set package 'motor_control_node' build argument 'cmake_clean_first' from command line to 'False'
[1.891s] Level 5:colcon.colcon_core.verb:set package 'motor_control_node' build argument 'cmake_force_configure' from command line to 'False'
[1.891s] Level 5:colcon.colcon_core.verb:set package 'motor_control_node' build argument 'ament_cmake_args' from command line to 'None'
[1.891s] Level 5:colcon.colcon_core.verb:set package 'motor_control_node' build argument 'catkin_cmake_args' from command line to 'None'
[1.891s] Level 5:colcon.colcon_core.verb:set package 'motor_control_node' build argument 'catkin_skip_building_tests' from command line to 'False'
[1.891s] DEBUG:colcon.colcon_core.verb:Building package 'motor_control_node' with the following arguments: {'ament_cmake_args': None, 'build_base': '/workspace/ros2_ws/build/motor_control_node', 'catkin_cmake_args': None, 'catkin_skip_building_tests': False, 'cmake_args': None, 'cmake_clean_cache': False, 'cmake_clean_first': False, 'cmake_force_configure': False, 'cmake_target': None, 'cmake_target_skip_unavailable': False, 'install_base': '/workspace/ros2_ws/install/motor_control_node', 'merge_install': False, 'path': '/workspace/ros2_ws/src/motor_control_node', 'symlink_install': True, 'test_result_base': None}
[1.897s] INFO:colcon.colcon_core.executor:Executing jobs using 'parallel' executor
[1.928s] DEBUG:colcon.colcon_parallel_executor.executor.parallel:run_until_complete
[1.930s] INFO:colcon.colcon_ros.task.ament_cmake.build:Building ROS package in '/workspace/ros2_ws/src/motor_control_node' with build type 'ament_cmake'
[1.931s] INFO:colcon.colcon_cmake.task.cmake.build:Building CMake package in '/workspace/ros2_ws/src/motor_control_node'
[1.957s] INFO:colcon.colcon_core.plugin_system:Skipping extension 'colcon_core.shell.bat': Not used on non-Windows systems
[1.958s] INFO:colcon.colcon_core.shell:Skip shell extension 'powershell' for command environment: Not usable outside of PowerShell
[1.958s] DEBUG:colcon.colcon_core.shell:Skip shell extension 'dsv' for command environment
[2.058s] DEBUG:colcon.colcon_core.event_handler.log_command:Invoking command in '/workspace/ros2_ws/build/motor_control_node': CMAKE_PREFIX_PATH=${CMAKE_PREFIX_PATH}:/workspace/ros2_ws/install/keyboard_input /usr/local/bin/cmake /workspace/ros2_ws/src/motor_control_node -DAMENT_CMAKE_SYMLINK_INSTALL=1 -DCMAKE_INSTALL_PREFIX=/workspace/ros2_ws/install/motor_control_node
[14.639s] DEBUG:colcon.colcon_core.event_handler.log_command:Invoked command in '/workspace/ros2_ws/build/motor_control_node' returned '0': CMAKE_PREFIX_PATH=${CMAKE_PREFIX_PATH}:/workspace/ros2_ws/install/keyboard_input /usr/local/bin/cmake /workspace/ros2_ws/src/motor_control_node -DAMENT_CMAKE_SYMLINK_INSTALL=1 -DCMAKE_INSTALL_PREFIX=/workspace/ros2_ws/install/motor_control_node
[14.658s] DEBUG:colcon.colcon_core.event_handler.log_command:Invoking command in '/workspace/ros2_ws/build/motor_control_node': CMAKE_PREFIX_PATH=${CMAKE_PREFIX_PATH}:/workspace/ros2_ws/install/keyboard_input /usr/local/bin/cmake --build /workspace/ros2_ws/build/motor_control_node -- -j6 -l6
[87.740s] DEBUG:colcon.colcon_core.event_handler.log_command:Invoked command in '/workspace/ros2_ws/build/motor_control_node' returned '0': CMAKE_PREFIX_PATH=${CMAKE_PREFIX_PATH}:/workspace/ros2_ws/install/keyboard_input /usr/local/bin/cmake --build /workspace/ros2_ws/build/motor_control_node -- -j6 -l6
[88.170s] DEBUG:colcon.colcon_core.event_handler.log_command:Invoking command in '/workspace/ros2_ws/build/motor_control_node': CMAKE_PREFIX_PATH=${CMAKE_PREFIX_PATH}:/workspace/ros2_ws/install/keyboard_input /usr/local/bin/cmake --install /workspace/ros2_ws/build/motor_control_node
[88.628s] Level 1:colcon.colcon_core.environment:create_environment_scripts_only(motor_control_node)
[88.641s] DEBUG:colcon.colcon_core.event_handler.log_command:Invoked command in '/workspace/ros2_ws/build/motor_control_node' returned '0': CMAKE_PREFIX_PATH=${CMAKE_PREFIX_PATH}:/workspace/ros2_ws/install/keyboard_input /usr/local/bin/cmake --install /workspace/ros2_ws/build/motor_control_node
[88.678s] Level 1:colcon.colcon_core.environment:checking '/workspace/ros2_ws/install/motor_control_node' for CMake module files
[88.682s] Level 1:colcon.colcon_core.environment:checking '/workspace/ros2_ws/install/motor_control_node' for CMake config files
[88.683s] Level 1:colcon.colcon_core.shell:create_environment_hook('motor_control_node', 'cmake_prefix_path')
[88.697s] INFO:colcon.colcon_core.shell:Creating environment hook '/workspace/ros2_ws/install/motor_control_node/share/motor_control_node/hook/cmake_prefix_path.ps1'
[88.701s] INFO:colcon.colcon_core.shell:Creating environment descriptor '/workspace/ros2_ws/install/motor_control_node/share/motor_control_node/hook/cmake_prefix_path.dsv'
[88.703s] INFO:colcon.colcon_core.shell:Creating environment hook '/workspace/ros2_ws/install/motor_control_node/share/motor_control_node/hook/cmake_prefix_path.sh'
[88.708s] Level 1:colcon.colcon_core.environment:checking '/workspace/ros2_ws/install/motor_control_node/lib'
[88.709s] Level 1:colcon.colcon_core.environment:checking '/workspace/ros2_ws/install/motor_control_node/bin'
[88.709s] Level 1:colcon.colcon_core.environment:checking '/workspace/ros2_ws/install/motor_control_node/lib/pkgconfig/motor_control_node.pc'
[88.719s] Level 1:colcon.colcon_core.environment:checking '/workspace/ros2_ws/install/motor_control_node/lib/python3.8/site-packages'
[88.720s] Level 1:colcon.colcon_core.environment:checking '/workspace/ros2_ws/install/motor_control_node/bin'
[88.733s] INFO:colcon.colcon_core.shell:Creating package script '/workspace/ros2_ws/install/motor_control_node/share/motor_control_node/package.ps1'
[88.737s] INFO:colcon.colcon_core.shell:Creating package descriptor '/workspace/ros2_ws/install/motor_control_node/share/motor_control_node/package.dsv'
[88.740s] INFO:colcon.colcon_core.shell:Creating package script '/workspace/ros2_ws/install/motor_control_node/share/motor_control_node/package.sh'
[88.744s] INFO:colcon.colcon_core.shell:Creating package script '/workspace/ros2_ws/install/motor_control_node/share/motor_control_node/package.bash'
[88.748s] INFO:colcon.colcon_core.shell:Creating package script '/workspace/ros2_ws/install/motor_control_node/share/motor_control_node/package.zsh'
[88.751s] Level 1:colcon.colcon_core.environment:create_file_with_runtime_dependencies(/workspace/ros2_ws/install/motor_control_node/share/colcon-core/packages/motor_control_node)
[89.023s] Level 1:colcon.colcon_core.environment:create_environment_scripts_only(motor_control_node)
[89.044s] Level 1:colcon.colcon_core.environment:checking '/workspace/ros2_ws/install/motor_control_node' for CMake module files
[89.048s] Level 1:colcon.colcon_core.environment:checking '/workspace/ros2_ws/install/motor_control_node' for CMake config files
[89.051s] Level 1:colcon.colcon_core.shell:create_environment_hook('motor_control_node', 'cmake_prefix_path')
[89.065s] INFO:colcon.colcon_core.shell:Creating environment hook '/workspace/ros2_ws/install/motor_control_node/share/motor_control_node/hook/cmake_prefix_path.ps1'
[89.068s] INFO:colcon.colcon_core.shell:Creating environment descriptor '/workspace/ros2_ws/install/motor_control_node/share/motor_control_node/hook/cmake_prefix_path.dsv'
[89.070s] INFO:colcon.colcon_core.shell:Creating environment hook '/workspace/ros2_ws/install/motor_control_node/share/motor_control_node/hook/cmake_prefix_path.sh'
[89.073s] Level 1:colcon.colcon_core.environment:checking '/workspace/ros2_ws/install/motor_control_node/lib'
[89.074s] Level 1:colcon.colcon_core.environment:checking '/workspace/ros2_ws/install/motor_control_node/bin'
[89.074s] Level 1:colcon.colcon_core.environment:checking '/workspace/ros2_ws/install/motor_control_node/lib/pkgconfig/motor_control_node.pc'
[89.076s] Level 1:colcon.colcon_core.environment:checking '/workspace/ros2_ws/install/motor_control_node/lib/python3.8/site-packages'
[89.076s] Level 1:colcon.colcon_core.environment:checking '/workspace/ros2_ws/install/motor_control_node/bin'
[89.090s] INFO:colcon.colcon_core.shell:Creating package script '/workspace/ros2_ws/install/motor_control_node/share/motor_control_node/package.ps1'
[89.093s] INFO:colcon.colcon_core.shell:Creating package descriptor '/workspace/ros2_ws/install/motor_control_node/share/motor_control_node/package.dsv'
[89.095s] INFO:colcon.colcon_core.shell:Creating package script '/workspace/ros2_ws/install/motor_control_node/share/motor_control_node/package.sh'
[89.098s] INFO:colcon.colcon_core.shell:Creating package script '/workspace/ros2_ws/install/motor_control_node/share/motor_control_node/package.bash'
[89.100s] INFO:colcon.colcon_core.shell:Creating package script '/workspace/ros2_ws/install/motor_control_node/share/motor_control_node/package.zsh'
[89.102s] Level 1:colcon.colcon_core.environment:create_file_with_runtime_dependencies(/workspace/ros2_ws/install/motor_control_node/share/colcon-core/packages/motor_control_node)
[89.104s] DEBUG:colcon.colcon_parallel_executor.executor.parallel:closing loop
[89.106s] DEBUG:colcon.colcon_parallel_executor.executor.parallel:loop closed
[89.107s] DEBUG:colcon.colcon_parallel_executor.executor.parallel:run_until_complete finished with '0'
[89.107s] DEBUG:colcon.colcon_core.event_reactor:joining thread
[89.139s] INFO:colcon.colcon_core.plugin_system:Skipping extension 'colcon_notification.desktop_notification.notify_send': Could not find 'notify-send'
[89.140s] INFO:colcon.colcon_core.plugin_system:Skipping extension 'colcon_notification.desktop_notification.terminal_notifier': Not used on non-Darwin systems
[89.140s] INFO:colcon.colcon_core.plugin_system:Skipping extension 'colcon_notification.desktop_notification.win32': Not used on non-Windows systems
[89.140s] INFO:colcon.colcon_notification.desktop_notification:Sending desktop notification using 'notify2'
[89.150s] DEBUG:colcon.colcon_notification.desktop_notification.notify2:Failed to initialize notify2: org.freedesktop.DBus.Error.Spawn.ExecFailed: /usr/bin/dbus-launch terminated abnormally without any error message
[89.152s] DEBUG:colcon.colcon_core.event_reactor:joined thread
[89.172s] INFO:colcon.colcon_core.shell:Creating prefix script '/workspace/ros2_ws/install/local_setup.ps1'
[89.180s] INFO:colcon.colcon_core.shell:Creating prefix util module '/workspace/ros2_ws/install/_local_setup_util_ps1.py'
[89.186s] INFO:colcon.colcon_core.shell:Creating prefix chain script '/workspace/ros2_ws/install/setup.ps1'
[89.194s] INFO:colcon.colcon_core.shell:Creating prefix script '/workspace/ros2_ws/install/local_setup.sh'
[89.197s] INFO:colcon.colcon_core.shell:Creating prefix util module '/workspace/ros2_ws/install/_local_setup_util_sh.py'
[89.200s] INFO:colcon.colcon_core.shell:Creating prefix chain script '/workspace/ros2_ws/install/setup.sh'
[89.208s] INFO:colcon.colcon_core.shell:Creating prefix script '/workspace/ros2_ws/install/local_setup.bash'
[89.210s] INFO:colcon.colcon_core.shell:Creating prefix chain script '/workspace/ros2_ws/install/setup.bash'
[89.218s] INFO:colcon.colcon_core.shell:Creating prefix script '/workspace/ros2_ws/install/local_setup.zsh'
[89.220s] INFO:colcon.colcon_core.shell:Creating prefix chain script '/workspace/ros2_ws/install/setup.zsh'
