[1.403s] DEBUG:colcon:Command line arguments: ['/usr/bin/colcon', 'build', '--symlink-install', '--packages-select', 'keyboard_input']
[1.403s] DEBUG:colcon:Parsed command line arguments: Namespace(ament_cmake_args=None, base_paths=['.'], build_base='build', catkin_cmake_args=None, catkin_skip_building_tests=False, cmake_args=None, cmake_clean_cache=False, cmake_clean_first=False, cmake_force_configure=False, cmake_target=None, cmake_target_skip_unavailable=False, continue_on_error=False, event_handlers=None, executor='parallel', ignore_user_meta=False, install_base='install', log_base=None, log_level=None, main=<bound method BuildVerb.main of <colcon_core.verb.build.BuildVerb object at 0xffffb3d42fd0>>, merge_install=False, metas=['./colcon.meta'], packages_above=None, packages_above_and_dependencies=None, packages_above_depth=None, packages_end=None, packages_ignore=None, packages_ignore_regex=None, packages_select=['keyboard_input'], packages_select_build_failed=False, packages_select_by_dep=None, packages_select_regex=None, packages_select_test_failures=False, packages_skip=None, packages_skip_build_finished=False, packages_skip_by_dep=None, packages_skip_regex=None, packages_skip_test_passed=False, packages_skip_up_to=None, packages_start=None, packages_up_to=None, packages_up_to_regex=None, parallel_workers=6, paths=None, symlink_install=True, test_result_base=None, verb_extension=<colcon_core.verb.build.BuildVerb object at 0xffffb3d42fd0>, verb_name='build', verb_parser=<colcon_defaults.argument_parser.defaults.DefaultArgumentsDecorator object at 0xffffb35edf10>)
[1.622s] Level 1:colcon.colcon_core.package_discovery:discover_packages(colcon_meta) check parameters
[1.622s] Level 1:colcon.colcon_core.package_discovery:discover_packages(recursive) check parameters
[1.622s] Level 1:colcon.colcon_core.package_discovery:discover_packages(ignore) check parameters
[1.623s] Level 1:colcon.colcon_core.package_discovery:discover_packages(path) check parameters
[1.623s] Level 1:colcon.colcon_core.package_discovery:discover_packages(colcon_meta) discover
[1.623s] Level 1:colcon.colcon_core.package_discovery:discover_packages(recursive) discover
[1.623s] INFO:colcon.colcon_core.package_discovery:Crawling recursively for packages in '/workspace/ros2_ws'
[1.624s] Level 1:colcon.colcon_core.package_identification:_identify(.) by extensions ['ignore', 'ignore_ament_install']
[1.624s] Level 1:colcon.colcon_core.package_identification:_identify(.) by extension 'ignore'
[1.625s] Level 1:colcon.colcon_core.package_identification:_identify(.) by extension 'ignore_ament_install'
[1.625s] Level 1:colcon.colcon_core.package_identification:_identify(.) by extensions ['colcon_pkg']
[1.625s] Level 1:colcon.colcon_core.package_identification:_identify(.) by extension 'colcon_pkg'
[1.626s] Level 1:colcon.colcon_core.package_identification:_identify(.) by extensions ['colcon_meta']
[1.626s] Level 1:colcon.colcon_core.package_identification:_identify(.) by extension 'colcon_meta'
[1.626s] Level 1:colcon.colcon_core.package_identification:_identify(.) by extensions ['ros']
[1.626s] Level 1:colcon.colcon_core.package_identification:_identify(.) by extension 'ros'
[1.700s] Level 1:colcon.colcon_core.package_identification:_identify(.) by extensions ['cmake', 'python']
[1.700s] Level 1:colcon.colcon_core.package_identification:_identify(.) by extension 'cmake'
[1.701s] Level 1:colcon.colcon_core.package_identification:_identify(.) by extension 'python'
[1.701s] Level 1:colcon.colcon_core.package_identification:_identify(.) by extensions ['python_setup_py']
[1.701s] Level 1:colcon.colcon_core.package_identification:_identify(.) by extension 'python_setup_py'
[1.702s] Level 1:colcon.colcon_core.package_identification:_identify(build) by extensions ['ignore', 'ignore_ament_install']
[1.702s] Level 1:colcon.colcon_core.package_identification:_identify(build) by extension 'ignore'
[1.702s] Level 1:colcon.colcon_core.package_identification:_identify(build) ignored
[1.703s] Level 1:colcon.colcon_core.package_identification:_identify(install) by extensions ['ignore', 'ignore_ament_install']
[1.703s] Level 1:colcon.colcon_core.package_identification:_identify(install) by extension 'ignore'
[1.704s] Level 1:colcon.colcon_core.package_identification:_identify(install) ignored
[1.704s] Level 1:colcon.colcon_core.package_identification:_identify(log) by extensions ['ignore', 'ignore_ament_install']
[1.704s] Level 1:colcon.colcon_core.package_identification:_identify(log) by extension 'ignore'
[1.705s] Level 1:colcon.colcon_core.package_identification:_identify(log) ignored
[1.705s] Level 1:colcon.colcon_core.package_identification:_identify(src) by extensions ['ignore', 'ignore_ament_install']
[1.706s] Level 1:colcon.colcon_core.package_identification:_identify(src) by extension 'ignore'
[1.706s] Level 1:colcon.colcon_core.package_identification:_identify(src) by extension 'ignore_ament_install'
[1.706s] Level 1:colcon.colcon_core.package_identification:_identify(src) by extensions ['colcon_pkg']
[1.706s] Level 1:colcon.colcon_core.package_identification:_identify(src) by extension 'colcon_pkg'
[1.706s] Level 1:colcon.colcon_core.package_identification:_identify(src) by extensions ['colcon_meta']
[1.707s] Level 1:colcon.colcon_core.package_identification:_identify(src) by extension 'colcon_meta'
[1.707s] Level 1:colcon.colcon_core.package_identification:_identify(src) by extensions ['ros']
[1.707s] Level 1:colcon.colcon_core.package_identification:_identify(src) by extension 'ros'
[1.708s] Level 1:colcon.colcon_core.package_identification:_identify(src) by extensions ['cmake', 'python']
[1.708s] Level 1:colcon.colcon_core.package_identification:_identify(src) by extension 'cmake'
[1.708s] Level 1:colcon.colcon_core.package_identification:_identify(src) by extension 'python'
[1.708s] Level 1:colcon.colcon_core.package_identification:_identify(src) by extensions ['python_setup_py']
[1.708s] Level 1:colcon.colcon_core.package_identification:_identify(src) by extension 'python_setup_py'
[1.709s] Level 1:colcon.colcon_core.package_identification:_identify(src/keyboard_input) by extensions ['ignore', 'ignore_ament_install']
[1.709s] Level 1:colcon.colcon_core.package_identification:_identify(src/keyboard_input) by extension 'ignore'
[1.710s] Level 1:colcon.colcon_core.package_identification:_identify(src/keyboard_input) by extension 'ignore_ament_install'
[1.710s] Level 1:colcon.colcon_core.package_identification:_identify(src/keyboard_input) by extensions ['colcon_pkg']
[1.710s] Level 1:colcon.colcon_core.package_identification:_identify(src/keyboard_input) by extension 'colcon_pkg'
[1.710s] Level 1:colcon.colcon_core.package_identification:_identify(src/keyboard_input) by extensions ['colcon_meta']
[1.710s] Level 1:colcon.colcon_core.package_identification:_identify(src/keyboard_input) by extension 'colcon_meta'
[1.711s] Level 1:colcon.colcon_core.package_identification:_identify(src/keyboard_input) by extensions ['ros']
[1.711s] Level 1:colcon.colcon_core.package_identification:_identify(src/keyboard_input) by extension 'ros'
[1.721s] DEBUG:colcon.colcon_core.package_identification:Package 'src/keyboard_input' with type 'ros.ament_python' and name 'keyboard_input'
[1.722s] Level 1:colcon.colcon_core.package_identification:_identify(src/log) by extensions ['ignore', 'ignore_ament_install']
[1.722s] Level 1:colcon.colcon_core.package_identification:_identify(src/log) by extension 'ignore'
[1.723s] Level 1:colcon.colcon_core.package_identification:_identify(src/log) ignored
[1.723s] Level 1:colcon.colcon_core.package_identification:_identify(src/motor_control_node) by extensions ['ignore', 'ignore_ament_install']
[1.723s] Level 1:colcon.colcon_core.package_identification:_identify(src/motor_control_node) by extension 'ignore'
[1.724s] Level 1:colcon.colcon_core.package_identification:_identify(src/motor_control_node) by extension 'ignore_ament_install'
[1.724s] Level 1:colcon.colcon_core.package_identification:_identify(src/motor_control_node) by extensions ['colcon_pkg']
[1.724s] Level 1:colcon.colcon_core.package_identification:_identify(src/motor_control_node) by extension 'colcon_pkg'
[1.724s] Level 1:colcon.colcon_core.package_identification:_identify(src/motor_control_node) by extensions ['colcon_meta']
[1.725s] Level 1:colcon.colcon_core.package_identification:_identify(src/motor_control_node) by extension 'colcon_meta'
[1.725s] Level 1:colcon.colcon_core.package_identification:_identify(src/motor_control_node) by extensions ['ros']
[1.725s] Level 1:colcon.colcon_core.package_identification:_identify(src/motor_control_node) by extension 'ros'
[1.728s] DEBUG:colcon.colcon_core.package_identification:Package 'src/motor_control_node' with type 'ros.ament_cmake' and name 'motor_control_node'
[1.728s] Level 1:colcon.colcon_core.package_discovery:discover_packages(recursive) using defaults
[1.729s] Level 1:colcon.colcon_core.package_discovery:discover_packages(ignore) discover
[1.729s] Level 1:colcon.colcon_core.package_discovery:discover_packages(ignore) using defaults
[1.729s] Level 1:colcon.colcon_core.package_discovery:discover_packages(path) discover
[1.729s] Level 1:colcon.colcon_core.package_discovery:discover_packages(path) using defaults
[1.856s] INFO:colcon.colcon_core.package_selection:Skipping not selected package 'motor_control_node' in 'src/motor_control_node'
[1.864s] Level 5:colcon.colcon_core.verb:set package 'keyboard_input' build argument 'cmake_args' from command line to 'None'
[1.865s] Level 5:colcon.colcon_core.verb:set package 'keyboard_input' build argument 'cmake_target' from command line to 'None'
[1.865s] Level 5:colcon.colcon_core.verb:set package 'keyboard_input' build argument 'cmake_target_skip_unavailable' from command line to 'False'
[1.865s] Level 5:colcon.colcon_core.verb:set package 'keyboard_input' build argument 'cmake_clean_cache' from command line to 'False'
[1.865s] Level 5:colcon.colcon_core.verb:set package 'keyboard_input' build argument 'cmake_clean_first' from command line to 'False'
[1.865s] Level 5:colcon.colcon_core.verb:set package 'keyboard_input' build argument 'cmake_force_configure' from command line to 'False'
[1.866s] Level 5:colcon.colcon_core.verb:set package 'keyboard_input' build argument 'ament_cmake_args' from command line to 'None'
[1.866s] Level 5:colcon.colcon_core.verb:set package 'keyboard_input' build argument 'catkin_cmake_args' from command line to 'None'
[1.866s] Level 5:colcon.colcon_core.verb:set package 'keyboard_input' build argument 'catkin_skip_building_tests' from command line to 'False'
[1.866s] DEBUG:colcon.colcon_core.verb:Building package 'keyboard_input' with the following arguments: {'ament_cmake_args': None, 'build_base': '/workspace/ros2_ws/build/keyboard_input', 'catkin_cmake_args': None, 'catkin_skip_building_tests': False, 'cmake_args': None, 'cmake_clean_cache': False, 'cmake_clean_first': False, 'cmake_force_configure': False, 'cmake_target': None, 'cmake_target_skip_unavailable': False, 'install_base': '/workspace/ros2_ws/install/keyboard_input', 'merge_install': False, 'path': '/workspace/ros2_ws/src/keyboard_input', 'symlink_install': True, 'test_result_base': None}
[1.871s] INFO:colcon.colcon_core.executor:Executing jobs using 'parallel' executor
[1.902s] DEBUG:colcon.colcon_parallel_executor.executor.parallel:run_until_complete
[1.904s] INFO:colcon.colcon_ros.task.ament_python.build:Building ROS package in '/workspace/ros2_ws/src/keyboard_input' with build type 'ament_python'
[1.905s] Level 1:colcon.colcon_core.shell:create_environment_hook('keyboard_input', 'ament_prefix_path')
[1.933s] INFO:colcon.colcon_core.plugin_system:Skipping extension 'colcon_core.shell.bat': Not used on non-Windows systems
[1.934s] INFO:colcon.colcon_core.shell:Creating environment hook '/workspace/ros2_ws/install/keyboard_input/share/keyboard_input/hook/ament_prefix_path.ps1'
[1.939s] INFO:colcon.colcon_core.shell:Creating environment descriptor '/workspace/ros2_ws/install/keyboard_input/share/keyboard_input/hook/ament_prefix_path.dsv'
[1.941s] INFO:colcon.colcon_core.shell:Creating environment hook '/workspace/ros2_ws/install/keyboard_input/share/keyboard_input/hook/ament_prefix_path.sh'
[1.957s] INFO:colcon.colcon_core.shell:Skip shell extension 'powershell' for command environment: Not usable outside of PowerShell
[1.957s] DEBUG:colcon.colcon_core.shell:Skip shell extension 'dsv' for command environment
[3.029s] INFO:colcon.colcon_core.task.python.build:Building Python package in '/workspace/ros2_ws/src/keyboard_input'
[3.048s] INFO:colcon.colcon_core.shell:Skip shell extension 'powershell' for command environment: Not usable outside of PowerShell
[3.049s] DEBUG:colcon.colcon_core.shell:Skip shell extension 'dsv' for command environment
[6.212s] DEBUG:colcon.colcon_core.event_handler.log_command:Invoking command in '/workspace/ros2_ws/build/keyboard_input': PYTHONPATH=/workspace/ros2_ws/build/keyboard_input/prefix_override:/workspace/ros2_ws/install/keyboard_input/lib/python3.8/site-packages:${PYTHONPATH} /usr/bin/python3 setup.py develop --editable --build-directory /workspace/ros2_ws/build/keyboard_input/build --no-deps install_data
[9.200s] Level 1:colcon.colcon_core.shell:create_environment_hook('keyboard_input', 'pythonpath_develop')
[9.218s] DEBUG:colcon.colcon_core.event_handler.log_command:Invoked command in '/workspace/ros2_ws/build/keyboard_input' returned '0': PYTHONPATH=/workspace/ros2_ws/build/keyboard_input/prefix_override:/workspace/ros2_ws/install/keyboard_input/lib/python3.8/site-packages:${PYTHONPATH} /usr/bin/python3 setup.py develop --editable --build-directory /workspace/ros2_ws/build/keyboard_input/build --no-deps install_data
[9.226s] INFO:colcon.colcon_core.shell:Creating environment hook '/workspace/ros2_ws/build/keyboard_input/share/keyboard_input/hook/pythonpath_develop.ps1'
[9.231s] INFO:colcon.colcon_core.shell:Creating environment descriptor '/workspace/ros2_ws/build/keyboard_input/share/keyboard_input/hook/pythonpath_develop.dsv'
[9.233s] INFO:colcon.colcon_core.shell:Creating environment hook '/workspace/ros2_ws/build/keyboard_input/share/keyboard_input/hook/pythonpath_develop.sh'
[9.279s] Level 1:colcon.colcon_core.environment:checking '/workspace/ros2_ws/install/keyboard_input' for CMake module files
[9.283s] Level 1:colcon.colcon_core.environment:checking '/workspace/ros2_ws/install/keyboard_input' for CMake config files
[9.287s] Level 1:colcon.colcon_core.environment:checking '/workspace/ros2_ws/install/keyboard_input/lib'
[9.288s] Level 1:colcon.colcon_core.environment:checking '/workspace/ros2_ws/install/keyboard_input/bin'
[9.289s] Level 1:colcon.colcon_core.environment:checking '/workspace/ros2_ws/install/keyboard_input/lib/pkgconfig/keyboard_input.pc'
[9.290s] Level 1:colcon.colcon_core.environment:checking '/workspace/ros2_ws/install/keyboard_input/lib/python3.8/site-packages'
[9.291s] Level 1:colcon.colcon_core.shell:create_environment_hook('keyboard_input', 'pythonpath')
[9.304s] INFO:colcon.colcon_core.shell:Creating environment hook '/workspace/ros2_ws/install/keyboard_input/share/keyboard_input/hook/pythonpath.ps1'
[9.306s] INFO:colcon.colcon_core.shell:Creating environment descriptor '/workspace/ros2_ws/install/keyboard_input/share/keyboard_input/hook/pythonpath.dsv'
[9.308s] INFO:colcon.colcon_core.shell:Creating environment hook '/workspace/ros2_ws/install/keyboard_input/share/keyboard_input/hook/pythonpath.sh'
[9.310s] Level 1:colcon.colcon_core.environment:checking '/workspace/ros2_ws/install/keyboard_input/bin'
[9.310s] Level 1:colcon.colcon_core.environment:create_environment_scripts_only(keyboard_input)
[9.325s] INFO:colcon.colcon_core.shell:Creating package script '/workspace/ros2_ws/install/keyboard_input/share/keyboard_input/package.ps1'
[9.330s] INFO:colcon.colcon_core.shell:Creating package descriptor '/workspace/ros2_ws/install/keyboard_input/share/keyboard_input/package.dsv'
[9.333s] INFO:colcon.colcon_core.shell:Creating package script '/workspace/ros2_ws/install/keyboard_input/share/keyboard_input/package.sh'
[9.337s] INFO:colcon.colcon_core.shell:Creating package script '/workspace/ros2_ws/install/keyboard_input/share/keyboard_input/package.bash'
[9.340s] INFO:colcon.colcon_core.shell:Creating package script '/workspace/ros2_ws/install/keyboard_input/share/keyboard_input/package.zsh'
[9.343s] Level 1:colcon.colcon_core.environment:create_file_with_runtime_dependencies(/workspace/ros2_ws/install/keyboard_input/share/colcon-core/packages/keyboard_input)
[9.346s] DEBUG:colcon.colcon_parallel_executor.executor.parallel:closing loop
[9.348s] DEBUG:colcon.colcon_parallel_executor.executor.parallel:loop closed
[9.348s] DEBUG:colcon.colcon_parallel_executor.executor.parallel:run_until_complete finished with '0'
[9.349s] DEBUG:colcon.colcon_core.event_reactor:joining thread
[9.376s] INFO:colcon.colcon_core.plugin_system:Skipping extension 'colcon_notification.desktop_notification.notify_send': Could not find 'notify-send'
[9.376s] INFO:colcon.colcon_core.plugin_system:Skipping extension 'colcon_notification.desktop_notification.terminal_notifier': Not used on non-Darwin systems
[9.377s] INFO:colcon.colcon_core.plugin_system:Skipping extension 'colcon_notification.desktop_notification.win32': Not used on non-Windows systems
[9.377s] INFO:colcon.colcon_notification.desktop_notification:Sending desktop notification using 'notify2'
[9.387s] DEBUG:colcon.colcon_notification.desktop_notification.notify2:Failed to initialize notify2: org.freedesktop.DBus.Error.Spawn.ExecFailed: /usr/bin/dbus-launch terminated abnormally without any error message
[9.390s] DEBUG:colcon.colcon_core.event_reactor:joined thread
[9.409s] INFO:colcon.colcon_core.shell:Creating prefix script '/workspace/ros2_ws/install/local_setup.ps1'
[9.416s] INFO:colcon.colcon_core.shell:Creating prefix util module '/workspace/ros2_ws/install/_local_setup_util_ps1.py'
[9.422s] INFO:colcon.colcon_core.shell:Creating prefix chain script '/workspace/ros2_ws/install/setup.ps1'
[9.430s] INFO:colcon.colcon_core.shell:Creating prefix script '/workspace/ros2_ws/install/local_setup.sh'
[9.433s] INFO:colcon.colcon_core.shell:Creating prefix util module '/workspace/ros2_ws/install/_local_setup_util_sh.py'
[9.435s] INFO:colcon.colcon_core.shell:Creating prefix chain script '/workspace/ros2_ws/install/setup.sh'
[9.442s] INFO:colcon.colcon_core.shell:Creating prefix script '/workspace/ros2_ws/install/local_setup.bash'
[9.444s] INFO:colcon.colcon_core.shell:Creating prefix chain script '/workspace/ros2_ws/install/setup.bash'
[9.451s] INFO:colcon.colcon_core.shell:Creating prefix script '/workspace/ros2_ws/install/local_setup.zsh'
[9.453s] INFO:colcon.colcon_core.shell:Creating prefix chain script '/workspace/ros2_ws/install/setup.zsh'
