[4.265s] Invoking command in '/workspace/ros2_ws/build/keyboard_input': PYTHONPATH=/workspace/ros2_ws/build/keyboard_input/prefix_override:/workspace/ros2_ws/install/keyboard_input/lib/python3.8/site-packages:${PYTHONPATH} /usr/bin/python3 setup.py develop --editable --build-directory /workspace/ros2_ws/build/keyboard_input/build --no-deps install_data
[5.685s] running develop
[5.686s] /usr/local/lib/python3.8/dist-packages/setuptools/command/develop.py:40: EasyInstallDeprecationWarning: easy_install command is deprecated.
[5.687s] !!
[5.687s] 
[5.687s]         ********************************************************************************
[5.688s]         Please avoid running ``setup.py`` and ``easy_install``.
[5.688s]         Instead, use pypa/build, pypa/installer or other
[5.689s]         standards-based tools.
[5.689s] 
[5.690s]         See https://github.com/pypa/setuptools/issues/917 for details.
[5.690s]         ********************************************************************************
[5.691s] 
[5.691s] !!
[5.691s]   easy_install.initialize_options(self)
[5.824s] /usr/local/lib/python3.8/dist-packages/setuptools/_distutils/cmd.py:66: SetuptoolsDeprecationWarning: setup.py install is deprecated.
[5.824s] !!
[5.825s] 
[5.825s]         ********************************************************************************
[5.825s]         Please avoid running ``setup.py`` directly.
[5.826s]         Instead, use pypa/build, pypa/installer or other
[5.826s]         standards-based tools.
[5.827s] 
[5.827s]         See https://blog.ganssle.io/articles/2021/10/setup-py-deprecated.html for details.
[5.827s]         ********************************************************************************
[5.828s] 
[5.828s] !!
[5.829s]   self.initialize_options()
[6.511s] running egg_info
[6.577s] writing keyboard_input.egg-info/PKG-INFO
[6.579s] writing dependency_links to keyboard_input.egg-info/dependency_links.txt
[6.580s] writing entry points to keyboard_input.egg-info/entry_points.txt
[6.581s] writing requirements to keyboard_input.egg-info/requires.txt
[6.581s] writing top-level names to keyboard_input.egg-info/top_level.txt
[6.720s] reading manifest file 'keyboard_input.egg-info/SOURCES.txt'
[6.725s] writing manifest file 'keyboard_input.egg-info/SOURCES.txt'
[7.019s] running build_ext
[7.019s] Creating /workspace/ros2_ws/install/keyboard_input/lib/python3.8/site-packages/keyboard-input.egg-link (link to .)
[7.023s] Installing keyboard_publisher script to /workspace/ros2_ws/install/keyboard_input/lib/keyboard_input
[7.025s] 
[7.025s] Installed /workspace/ros2_ws/build/keyboard_input
[7.026s] running install_data
[7.174s] Invoked command in '/workspace/ros2_ws/build/keyboard_input' returned '0': PYTHONPATH=/workspace/ros2_ws/build/keyboard_input/prefix_override:/workspace/ros2_ws/install/keyboard_input/lib/python3.8/site-packages:${PYTHONPATH} /usr/bin/python3 setup.py develop --editable --build-directory /workspace/ros2_ws/build/keyboard_input/build --no-deps install_data
