[1.415s] DEBUG:colcon:Command line arguments: ['/usr/bin/colcon', 'build', '--symlink-install']
[1.416s] DEBUG:colcon:Parsed command line arguments: Namespace(ament_cmake_args=None, base_paths=['.'], build_base='build', catkin_cmake_args=None, catkin_skip_building_tests=False, cmake_args=None, cmake_clean_cache=False, cmake_clean_first=False, cmake_force_configure=False, cmake_target=None, cmake_target_skip_unavailable=False, continue_on_error=False, event_handlers=None, executor='parallel', ignore_user_meta=False, install_base='install', log_base=None, log_level=None, main=<bound method BuildVerb.main of <colcon_core.verb.build.BuildVerb object at 0xffffb63aafa0>>, merge_install=False, metas=['./colcon.meta'], packages_above=None, packages_above_and_dependencies=None, packages_above_depth=None, packages_end=None, packages_ignore=None, packages_ignore_regex=None, packages_select=None, packages_select_build_failed=False, packages_select_by_dep=None, packages_select_regex=None, packages_select_test_failures=False, packages_skip=None, packages_skip_build_finished=False, packages_skip_by_dep=None, packages_skip_regex=None, packages_skip_test_passed=False, packages_skip_up_to=None, packages_start=None, packages_up_to=None, packages_up_to_regex=None, parallel_workers=6, paths=None, symlink_install=True, test_result_base=None, verb_extension=<colcon_core.verb.build.BuildVerb object at 0xffffb63aafa0>, verb_name='build', verb_parser=<colcon_defaults.argument_parser.defaults.DefaultArgumentsDecorator object at 0xffffb62cd460>)
[1.640s] Level 1:colcon.colcon_core.package_discovery:discover_packages(colcon_meta) check parameters
[1.640s] Level 1:colcon.colcon_core.package_discovery:discover_packages(recursive) check parameters
[1.640s] Level 1:colcon.colcon_core.package_discovery:discover_packages(ignore) check parameters
[1.641s] Level 1:colcon.colcon_core.package_discovery:discover_packages(path) check parameters
[1.641s] Level 1:colcon.colcon_core.package_discovery:discover_packages(colcon_meta) discover
[1.641s] Level 1:colcon.colcon_core.package_discovery:discover_packages(recursive) discover
[1.642s] INFO:colcon.colcon_core.package_discovery:Crawling recursively for packages in '/workspace/ros2_ws'
[1.642s] Level 1:colcon.colcon_core.package_identification:_identify(.) by extensions ['ignore', 'ignore_ament_install']
[1.643s] Level 1:colcon.colcon_core.package_identification:_identify(.) by extension 'ignore'
[1.643s] Level 1:colcon.colcon_core.package_identification:_identify(.) by extension 'ignore_ament_install'
[1.644s] Level 1:colcon.colcon_core.package_identification:_identify(.) by extensions ['colcon_pkg']
[1.644s] Level 1:colcon.colcon_core.package_identification:_identify(.) by extension 'colcon_pkg'
[1.644s] Level 1:colcon.colcon_core.package_identification:_identify(.) by extensions ['colcon_meta']
[1.644s] Level 1:colcon.colcon_core.package_identification:_identify(.) by extension 'colcon_meta'
[1.644s] Level 1:colcon.colcon_core.package_identification:_identify(.) by extensions ['ros']
[1.644s] Level 1:colcon.colcon_core.package_identification:_identify(.) by extension 'ros'
[1.721s] Level 1:colcon.colcon_core.package_identification:_identify(.) by extensions ['cmake', 'python']
[1.721s] Level 1:colcon.colcon_core.package_identification:_identify(.) by extension 'cmake'
[1.721s] Level 1:colcon.colcon_core.package_identification:_identify(.) by extension 'python'
[1.722s] Level 1:colcon.colcon_core.package_identification:_identify(.) by extensions ['python_setup_py']
[1.722s] Level 1:colcon.colcon_core.package_identification:_identify(.) by extension 'python_setup_py'
[1.723s] Level 1:colcon.colcon_core.package_identification:_identify(build) by extensions ['ignore', 'ignore_ament_install']
[1.723s] Level 1:colcon.colcon_core.package_identification:_identify(build) by extension 'ignore'
[1.723s] Level 1:colcon.colcon_core.package_identification:_identify(build) ignored
[1.724s] Level 1:colcon.colcon_core.package_identification:_identify(install) by extensions ['ignore', 'ignore_ament_install']
[1.724s] Level 1:colcon.colcon_core.package_identification:_identify(install) by extension 'ignore'
[1.725s] Level 1:colcon.colcon_core.package_identification:_identify(install) ignored
[1.725s] Level 1:colcon.colcon_core.package_identification:_identify(log) by extensions ['ignore', 'ignore_ament_install']
[1.725s] Level 1:colcon.colcon_core.package_identification:_identify(log) by extension 'ignore'
[1.726s] Level 1:colcon.colcon_core.package_identification:_identify(log) ignored
[1.726s] Level 1:colcon.colcon_core.package_identification:_identify(src) by extensions ['ignore', 'ignore_ament_install']
[1.727s] Level 1:colcon.colcon_core.package_identification:_identify(src) by extension 'ignore'
[1.727s] Level 1:colcon.colcon_core.package_identification:_identify(src) by extension 'ignore_ament_install'
[1.727s] Level 1:colcon.colcon_core.package_identification:_identify(src) by extensions ['colcon_pkg']
[1.727s] Level 1:colcon.colcon_core.package_identification:_identify(src) by extension 'colcon_pkg'
[1.728s] Level 1:colcon.colcon_core.package_identification:_identify(src) by extensions ['colcon_meta']
[1.728s] Level 1:colcon.colcon_core.package_identification:_identify(src) by extension 'colcon_meta'
[1.728s] Level 1:colcon.colcon_core.package_identification:_identify(src) by extensions ['ros']
[1.728s] Level 1:colcon.colcon_core.package_identification:_identify(src) by extension 'ros'
[1.729s] Level 1:colcon.colcon_core.package_identification:_identify(src) by extensions ['cmake', 'python']
[1.729s] Level 1:colcon.colcon_core.package_identification:_identify(src) by extension 'cmake'
[1.729s] Level 1:colcon.colcon_core.package_identification:_identify(src) by extension 'python'
[1.729s] Level 1:colcon.colcon_core.package_identification:_identify(src) by extensions ['python_setup_py']
[1.729s] Level 1:colcon.colcon_core.package_identification:_identify(src) by extension 'python_setup_py'
[1.730s] Level 1:colcon.colcon_core.package_identification:_identify(src/keyboard_input) by extensions ['ignore', 'ignore_ament_install']
[1.730s] Level 1:colcon.colcon_core.package_identification:_identify(src/keyboard_input) by extension 'ignore'
[1.731s] Level 1:colcon.colcon_core.package_identification:_identify(src/keyboard_input) by extension 'ignore_ament_install'
[1.731s] Level 1:colcon.colcon_core.package_identification:_identify(src/keyboard_input) by extensions ['colcon_pkg']
[1.731s] Level 1:colcon.colcon_core.package_identification:_identify(src/keyboard_input) by extension 'colcon_pkg'
[1.731s] Level 1:colcon.colcon_core.package_identification:_identify(src/keyboard_input) by extensions ['colcon_meta']
[1.731s] Level 1:colcon.colcon_core.package_identification:_identify(src/keyboard_input) by extension 'colcon_meta'
[1.732s] Level 1:colcon.colcon_core.package_identification:_identify(src/keyboard_input) by extensions ['ros']
[1.732s] Level 1:colcon.colcon_core.package_identification:_identify(src/keyboard_input) by extension 'ros'
[1.743s] DEBUG:colcon.colcon_core.package_identification:Package 'src/keyboard_input' with type 'ros.ament_python' and name 'keyboard_input'
[1.744s] Level 1:colcon.colcon_core.package_identification:_identify(src/log) by extensions ['ignore', 'ignore_ament_install']
[1.744s] Level 1:colcon.colcon_core.package_identification:_identify(src/log) by extension 'ignore'
[1.745s] Level 1:colcon.colcon_core.package_identification:_identify(src/log) ignored
[1.745s] Level 1:colcon.colcon_core.package_identification:_identify(src/motor_control_node) by extensions ['ignore', 'ignore_ament_install']
[1.746s] Level 1:colcon.colcon_core.package_identification:_identify(src/motor_control_node) by extension 'ignore'
[1.746s] Level 1:colcon.colcon_core.package_identification:_identify(src/motor_control_node) by extension 'ignore_ament_install'
[1.746s] Level 1:colcon.colcon_core.package_identification:_identify(src/motor_control_node) by extensions ['colcon_pkg']
[1.746s] Level 1:colcon.colcon_core.package_identification:_identify(src/motor_control_node) by extension 'colcon_pkg'
[1.747s] Level 1:colcon.colcon_core.package_identification:_identify(src/motor_control_node) by extensions ['colcon_meta']
[1.747s] Level 1:colcon.colcon_core.package_identification:_identify(src/motor_control_node) by extension 'colcon_meta'
[1.747s] Level 1:colcon.colcon_core.package_identification:_identify(src/motor_control_node) by extensions ['ros']
[1.747s] Level 1:colcon.colcon_core.package_identification:_identify(src/motor_control_node) by extension 'ros'
[1.751s] DEBUG:colcon.colcon_core.package_identification:Package 'src/motor_control_node' with type 'ros.ament_cmake' and name 'motor_control_node'
[1.751s] Level 1:colcon.colcon_core.package_discovery:discover_packages(recursive) using defaults
[1.752s] Level 1:colcon.colcon_core.package_discovery:discover_packages(ignore) discover
[1.752s] Level 1:colcon.colcon_core.package_discovery:discover_packages(ignore) using defaults
[1.752s] Level 1:colcon.colcon_core.package_discovery:discover_packages(path) discover
[1.752s] Level 1:colcon.colcon_core.package_discovery:discover_packages(path) using defaults
[1.891s] Level 5:colcon.colcon_core.verb:set package 'keyboard_input' build argument 'cmake_args' from command line to 'None'
[1.891s] Level 5:colcon.colcon_core.verb:set package 'keyboard_input' build argument 'cmake_target' from command line to 'None'
[1.891s] Level 5:colcon.colcon_core.verb:set package 'keyboard_input' build argument 'cmake_target_skip_unavailable' from command line to 'False'
[1.891s] Level 5:colcon.colcon_core.verb:set package 'keyboard_input' build argument 'cmake_clean_cache' from command line to 'False'
[1.892s] Level 5:colcon.colcon_core.verb:set package 'keyboard_input' build argument 'cmake_clean_first' from command line to 'False'
[1.892s] Level 5:colcon.colcon_core.verb:set package 'keyboard_input' build argument 'cmake_force_configure' from command line to 'False'
[1.892s] Level 5:colcon.colcon_core.verb:set package 'keyboard_input' build argument 'ament_cmake_args' from command line to 'None'
[1.892s] Level 5:colcon.colcon_core.verb:set package 'keyboard_input' build argument 'catkin_cmake_args' from command line to 'None'
[1.892s] Level 5:colcon.colcon_core.verb:set package 'keyboard_input' build argument 'catkin_skip_building_tests' from command line to 'False'
[1.892s] DEBUG:colcon.colcon_core.verb:Building package 'keyboard_input' with the following arguments: {'ament_cmake_args': None, 'build_base': '/workspace/ros2_ws/build/keyboard_input', 'catkin_cmake_args': None, 'catkin_skip_building_tests': False, 'cmake_args': None, 'cmake_clean_cache': False, 'cmake_clean_first': False, 'cmake_force_configure': False, 'cmake_target': None, 'cmake_target_skip_unavailable': False, 'install_base': '/workspace/ros2_ws/install/keyboard_input', 'merge_install': False, 'path': '/workspace/ros2_ws/src/keyboard_input', 'symlink_install': True, 'test_result_base': None}
[1.899s] Level 5:colcon.colcon_core.verb:set package 'motor_control_node' build argument 'cmake_args' from command line to 'None'
[1.900s] Level 5:colcon.colcon_core.verb:set package 'motor_control_node' build argument 'cmake_target' from command line to 'None'
[1.900s] Level 5:colcon.colcon_core.verb:set package 'motor_control_node' build argument 'cmake_target_skip_unavailable' from command line to 'False'
[1.900s] Level 5:colcon.colcon_core.verb:set package 'motor_control_node' build argument 'cmake_clean_cache' from command line to 'False'
[1.900s] Level 5:colcon.colcon_core.verb:set package 'motor_control_node' build argument 'cmake_clean_first' from command line to 'False'
[1.900s] Level 5:colcon.colcon_core.verb:set package 'motor_control_node' build argument 'cmake_force_configure' from command line to 'False'
[1.901s] Level 5:colcon.colcon_core.verb:set package 'motor_control_node' build argument 'ament_cmake_args' from command line to 'None'
[1.901s] Level 5:colcon.colcon_core.verb:set package 'motor_control_node' build argument 'catkin_cmake_args' from command line to 'None'
[1.901s] Level 5:colcon.colcon_core.verb:set package 'motor_control_node' build argument 'catkin_skip_building_tests' from command line to 'False'
[1.901s] DEBUG:colcon.colcon_core.verb:Building package 'motor_control_node' with the following arguments: {'ament_cmake_args': None, 'build_base': '/workspace/ros2_ws/build/motor_control_node', 'catkin_cmake_args': None, 'catkin_skip_building_tests': False, 'cmake_args': None, 'cmake_clean_cache': False, 'cmake_clean_first': False, 'cmake_force_configure': False, 'cmake_target': None, 'cmake_target_skip_unavailable': False, 'install_base': '/workspace/ros2_ws/install/motor_control_node', 'merge_install': False, 'path': '/workspace/ros2_ws/src/motor_control_node', 'symlink_install': True, 'test_result_base': None}
[1.907s] INFO:colcon.colcon_core.executor:Executing jobs using 'parallel' executor
[1.938s] DEBUG:colcon.colcon_parallel_executor.executor.parallel:run_until_complete
[1.939s] INFO:colcon.colcon_ros.task.ament_python.build:Building ROS package in '/workspace/ros2_ws/src/keyboard_input' with build type 'ament_python'
[1.941s] Level 1:colcon.colcon_core.shell:create_environment_hook('keyboard_input', 'ament_prefix_path')
[1.967s] INFO:colcon.colcon_core.plugin_system:Skipping extension 'colcon_core.shell.bat': Not used on non-Windows systems
[1.968s] INFO:colcon.colcon_core.shell:Creating environment hook '/workspace/ros2_ws/install/keyboard_input/share/keyboard_input/hook/ament_prefix_path.ps1'
[1.971s] INFO:colcon.colcon_core.shell:Creating environment descriptor '/workspace/ros2_ws/install/keyboard_input/share/keyboard_input/hook/ament_prefix_path.dsv'
[1.973s] INFO:colcon.colcon_core.shell:Creating environment hook '/workspace/ros2_ws/install/keyboard_input/share/keyboard_input/hook/ament_prefix_path.sh'
[1.989s] INFO:colcon.colcon_core.shell:Skip shell extension 'powershell' for command environment: Not usable outside of PowerShell
[1.989s] DEBUG:colcon.colcon_core.shell:Skip shell extension 'dsv' for command environment
[2.061s] INFO:colcon.colcon_ros.task.ament_cmake.build:Building ROS package in '/workspace/ros2_ws/src/motor_control_node' with build type 'ament_cmake'
[2.065s] INFO:colcon.colcon_cmake.task.cmake.build:Building CMake package in '/workspace/ros2_ws/src/motor_control_node'
[2.087s] INFO:colcon.colcon_core.shell:Skip shell extension 'powershell' for command environment: Not usable outside of PowerShell
[2.088s] DEBUG:colcon.colcon_core.shell:Skip shell extension 'dsv' for command environment
[3.103s] INFO:colcon.colcon_core.task.python.build:Building Python package in '/workspace/ros2_ws/src/keyboard_input'
[3.122s] INFO:colcon.colcon_core.shell:Skip shell extension 'powershell' for command environment: Not usable outside of PowerShell
[3.123s] DEBUG:colcon.colcon_core.shell:Skip shell extension 'dsv' for command environment
[3.229s] DEBUG:colcon.colcon_core.event_handler.log_command:Invoking command in '/workspace/ros2_ws/build/motor_control_node': /usr/local/bin/cmake --build /workspace/ros2_ws/build/motor_control_node -- -j6 -l6
[3.579s] DEBUG:colcon.colcon_core.event_handler.log_command:Invoked command in '/workspace/ros2_ws/build/motor_control_node' returned '0': /usr/local/bin/cmake --build /workspace/ros2_ws/build/motor_control_node -- -j6 -l6
[3.998s] DEBUG:colcon.colcon_core.event_handler.log_command:Invoking command in '/workspace/ros2_ws/build/motor_control_node': /usr/local/bin/cmake --install /workspace/ros2_ws/build/motor_control_node
[4.196s] Level 1:colcon.colcon_core.environment:create_environment_scripts_only(motor_control_node)
[4.207s] DEBUG:colcon.colcon_core.event_handler.log_command:Invoked command in '/workspace/ros2_ws/build/motor_control_node' returned '0': /usr/local/bin/cmake --install /workspace/ros2_ws/build/motor_control_node
[4.241s] Level 1:colcon.colcon_core.environment:checking '/workspace/ros2_ws/install/motor_control_node' for CMake module files
[4.244s] Level 1:colcon.colcon_core.environment:checking '/workspace/ros2_ws/install/motor_control_node' for CMake config files
[4.246s] Level 1:colcon.colcon_core.shell:create_environment_hook('motor_control_node', 'cmake_prefix_path')
[4.260s] INFO:colcon.colcon_core.shell:Creating environment hook '/workspace/ros2_ws/install/motor_control_node/share/motor_control_node/hook/cmake_prefix_path.ps1'
[4.264s] INFO:colcon.colcon_core.shell:Creating environment descriptor '/workspace/ros2_ws/install/motor_control_node/share/motor_control_node/hook/cmake_prefix_path.dsv'
[4.267s] INFO:colcon.colcon_core.shell:Creating environment hook '/workspace/ros2_ws/install/motor_control_node/share/motor_control_node/hook/cmake_prefix_path.sh'
[4.271s] Level 1:colcon.colcon_core.environment:checking '/workspace/ros2_ws/install/motor_control_node/lib'
[4.272s] Level 1:colcon.colcon_core.environment:checking '/workspace/ros2_ws/install/motor_control_node/bin'
[4.272s] Level 1:colcon.colcon_core.environment:checking '/workspace/ros2_ws/install/motor_control_node/lib/pkgconfig/motor_control_node.pc'
[4.273s] Level 1:colcon.colcon_core.environment:checking '/workspace/ros2_ws/install/motor_control_node/lib/python3.8/site-packages'
[4.274s] Level 1:colcon.colcon_core.environment:checking '/workspace/ros2_ws/install/motor_control_node/bin'
[4.289s] INFO:colcon.colcon_core.shell:Creating package script '/workspace/ros2_ws/install/motor_control_node/share/motor_control_node/package.ps1'
[4.293s] INFO:colcon.colcon_core.shell:Creating package descriptor '/workspace/ros2_ws/install/motor_control_node/share/motor_control_node/package.dsv'
[4.296s] INFO:colcon.colcon_core.shell:Creating package script '/workspace/ros2_ws/install/motor_control_node/share/motor_control_node/package.sh'
[4.300s] INFO:colcon.colcon_core.shell:Creating package script '/workspace/ros2_ws/install/motor_control_node/share/motor_control_node/package.bash'
[4.304s] INFO:colcon.colcon_core.shell:Creating package script '/workspace/ros2_ws/install/motor_control_node/share/motor_control_node/package.zsh'
[4.307s] Level 1:colcon.colcon_core.environment:create_file_with_runtime_dependencies(/workspace/ros2_ws/install/motor_control_node/share/colcon-core/packages/motor_control_node)
[4.566s] Level 1:colcon.colcon_core.environment:create_environment_scripts_only(motor_control_node)
[4.589s] Level 1:colcon.colcon_core.environment:checking '/workspace/ros2_ws/install/motor_control_node' for CMake module files
[4.593s] Level 1:colcon.colcon_core.environment:checking '/workspace/ros2_ws/install/motor_control_node' for CMake config files
[4.595s] Level 1:colcon.colcon_core.shell:create_environment_hook('motor_control_node', 'cmake_prefix_path')
[4.608s] INFO:colcon.colcon_core.shell:Creating environment hook '/workspace/ros2_ws/install/motor_control_node/share/motor_control_node/hook/cmake_prefix_path.ps1'
[4.612s] INFO:colcon.colcon_core.shell:Creating environment descriptor '/workspace/ros2_ws/install/motor_control_node/share/motor_control_node/hook/cmake_prefix_path.dsv'
[4.614s] INFO:colcon.colcon_core.shell:Creating environment hook '/workspace/ros2_ws/install/motor_control_node/share/motor_control_node/hook/cmake_prefix_path.sh'
[4.617s] Level 1:colcon.colcon_core.environment:checking '/workspace/ros2_ws/install/motor_control_node/lib'
[4.617s] Level 1:colcon.colcon_core.environment:checking '/workspace/ros2_ws/install/motor_control_node/bin'
[4.618s] Level 1:colcon.colcon_core.environment:checking '/workspace/ros2_ws/install/motor_control_node/lib/pkgconfig/motor_control_node.pc'
[4.619s] Level 1:colcon.colcon_core.environment:checking '/workspace/ros2_ws/install/motor_control_node/lib/python3.8/site-packages'
[4.620s] Level 1:colcon.colcon_core.environment:checking '/workspace/ros2_ws/install/motor_control_node/bin'
[4.633s] INFO:colcon.colcon_core.shell:Creating package script '/workspace/ros2_ws/install/motor_control_node/share/motor_control_node/package.ps1'
[4.637s] INFO:colcon.colcon_core.shell:Creating package descriptor '/workspace/ros2_ws/install/motor_control_node/share/motor_control_node/package.dsv'
[4.639s] INFO:colcon.colcon_core.shell:Creating package script '/workspace/ros2_ws/install/motor_control_node/share/motor_control_node/package.sh'
[4.642s] INFO:colcon.colcon_core.shell:Creating package script '/workspace/ros2_ws/install/motor_control_node/share/motor_control_node/package.bash'
[4.645s] INFO:colcon.colcon_core.shell:Creating package script '/workspace/ros2_ws/install/motor_control_node/share/motor_control_node/package.zsh'
[4.647s] Level 1:colcon.colcon_core.environment:create_file_with_runtime_dependencies(/workspace/ros2_ws/install/motor_control_node/share/colcon-core/packages/motor_control_node)
[6.207s] DEBUG:colcon.colcon_core.event_handler.log_command:Invoking command in '/workspace/ros2_ws/build/keyboard_input': PYTHONPATH=/workspace/ros2_ws/build/keyboard_input/prefix_override:/workspace/ros2_ws/install/keyboard_input/lib/python3.8/site-packages:${PYTHONPATH} /usr/bin/python3 setup.py develop --editable --build-directory /workspace/ros2_ws/build/keyboard_input/build --no-deps install_data
[9.103s] Level 1:colcon.colcon_core.shell:create_environment_hook('keyboard_input', 'pythonpath_develop')
[9.115s] DEBUG:colcon.colcon_core.event_handler.log_command:Invoked command in '/workspace/ros2_ws/build/keyboard_input' returned '0': PYTHONPATH=/workspace/ros2_ws/build/keyboard_input/prefix_override:/workspace/ros2_ws/install/keyboard_input/lib/python3.8/site-packages:${PYTHONPATH} /usr/bin/python3 setup.py develop --editable --build-directory /workspace/ros2_ws/build/keyboard_input/build --no-deps install_data
[9.128s] INFO:colcon.colcon_core.shell:Creating environment hook '/workspace/ros2_ws/build/keyboard_input/share/keyboard_input/hook/pythonpath_develop.ps1'
[9.132s] INFO:colcon.colcon_core.shell:Creating environment descriptor '/workspace/ros2_ws/build/keyboard_input/share/keyboard_input/hook/pythonpath_develop.dsv'
[9.136s] INFO:colcon.colcon_core.shell:Creating environment hook '/workspace/ros2_ws/build/keyboard_input/share/keyboard_input/hook/pythonpath_develop.sh'
[9.159s] Level 1:colcon.colcon_core.environment:checking '/workspace/ros2_ws/install/keyboard_input' for CMake module files
[9.162s] Level 1:colcon.colcon_core.environment:checking '/workspace/ros2_ws/install/keyboard_input' for CMake config files
[9.165s] Level 1:colcon.colcon_core.environment:checking '/workspace/ros2_ws/install/keyboard_input/lib'
[9.166s] Level 1:colcon.colcon_core.environment:checking '/workspace/ros2_ws/install/keyboard_input/bin'
[9.166s] Level 1:colcon.colcon_core.environment:checking '/workspace/ros2_ws/install/keyboard_input/lib/pkgconfig/keyboard_input.pc'
[9.168s] Level 1:colcon.colcon_core.environment:checking '/workspace/ros2_ws/install/keyboard_input/lib/python3.8/site-packages'
[9.168s] Level 1:colcon.colcon_core.shell:create_environment_hook('keyboard_input', 'pythonpath')
[9.181s] INFO:colcon.colcon_core.shell:Creating environment hook '/workspace/ros2_ws/install/keyboard_input/share/keyboard_input/hook/pythonpath.ps1'
[9.183s] INFO:colcon.colcon_core.shell:Creating environment descriptor '/workspace/ros2_ws/install/keyboard_input/share/keyboard_input/hook/pythonpath.dsv'
[9.185s] INFO:colcon.colcon_core.shell:Creating environment hook '/workspace/ros2_ws/install/keyboard_input/share/keyboard_input/hook/pythonpath.sh'
[9.188s] Level 1:colcon.colcon_core.environment:checking '/workspace/ros2_ws/install/keyboard_input/bin'
[9.188s] Level 1:colcon.colcon_core.environment:create_environment_scripts_only(keyboard_input)
[9.202s] INFO:colcon.colcon_core.shell:Creating package script '/workspace/ros2_ws/install/keyboard_input/share/keyboard_input/package.ps1'
[9.205s] INFO:colcon.colcon_core.shell:Creating package descriptor '/workspace/ros2_ws/install/keyboard_input/share/keyboard_input/package.dsv'
[9.208s] INFO:colcon.colcon_core.shell:Creating package script '/workspace/ros2_ws/install/keyboard_input/share/keyboard_input/package.sh'
[9.210s] INFO:colcon.colcon_core.shell:Creating package script '/workspace/ros2_ws/install/keyboard_input/share/keyboard_input/package.bash'
[9.212s] INFO:colcon.colcon_core.shell:Creating package script '/workspace/ros2_ws/install/keyboard_input/share/keyboard_input/package.zsh'
[9.214s] Level 1:colcon.colcon_core.environment:create_file_with_runtime_dependencies(/workspace/ros2_ws/install/keyboard_input/share/colcon-core/packages/keyboard_input)
[9.215s] DEBUG:colcon.colcon_parallel_executor.executor.parallel:closing loop
[9.217s] DEBUG:colcon.colcon_parallel_executor.executor.parallel:loop closed
[9.217s] DEBUG:colcon.colcon_parallel_executor.executor.parallel:run_until_complete finished with '0'
[9.218s] DEBUG:colcon.colcon_core.event_reactor:joining thread
[9.253s] INFO:colcon.colcon_core.plugin_system:Skipping extension 'colcon_notification.desktop_notification.notify_send': Could not find 'notify-send'
[9.254s] INFO:colcon.colcon_core.plugin_system:Skipping extension 'colcon_notification.desktop_notification.terminal_notifier': Not used on non-Darwin systems
[9.254s] INFO:colcon.colcon_core.plugin_system:Skipping extension 'colcon_notification.desktop_notification.win32': Not used on non-Windows systems
[9.255s] INFO:colcon.colcon_notification.desktop_notification:Sending desktop notification using 'notify2'
[9.264s] DEBUG:colcon.colcon_notification.desktop_notification.notify2:Failed to initialize notify2: org.freedesktop.DBus.Error.Spawn.ExecFailed: /usr/bin/dbus-launch terminated abnormally without any error message
[9.267s] DEBUG:colcon.colcon_core.event_reactor:joined thread
[9.286s] INFO:colcon.colcon_core.shell:Creating prefix script '/workspace/ros2_ws/install/local_setup.ps1'
[9.294s] INFO:colcon.colcon_core.shell:Creating prefix util module '/workspace/ros2_ws/install/_local_setup_util_ps1.py'
[9.301s] INFO:colcon.colcon_core.shell:Creating prefix chain script '/workspace/ros2_ws/install/setup.ps1'
[9.309s] INFO:colcon.colcon_core.shell:Creating prefix script '/workspace/ros2_ws/install/local_setup.sh'
[9.312s] INFO:colcon.colcon_core.shell:Creating prefix util module '/workspace/ros2_ws/install/_local_setup_util_sh.py'
[9.314s] INFO:colcon.colcon_core.shell:Creating prefix chain script '/workspace/ros2_ws/install/setup.sh'
[9.322s] INFO:colcon.colcon_core.shell:Creating prefix script '/workspace/ros2_ws/install/local_setup.bash'
[9.325s] INFO:colcon.colcon_core.shell:Creating prefix chain script '/workspace/ros2_ws/install/setup.bash'
[9.332s] INFO:colcon.colcon_core.shell:Creating prefix script '/workspace/ros2_ws/install/local_setup.zsh'
[9.334s] INFO:colcon.colcon_core.shell:Creating prefix chain script '/workspace/ros2_ws/install/setup.zsh'
