[1.095s] Invoking command in '/workspace/ros2_ws/build/motor_control_node': CMAKE_PREFIX_PATH=${CMAKE_PREFIX_PATH}:/workspace/ros2_ws/install/keyboard_input /usr/local/bin/cmake /workspace/ros2_ws/src/motor_control_node -DAMENT_CMAKE_SYMLINK_INSTALL=1 -DCMAKE_INSTALL_PREFIX=/workspace/ros2_ws/install/motor_control_node
[2.871s] -- The C compiler identification is GNU 9.4.0
[2.872s] -- The CXX compiler identification is GNU 9.4.0
[2.873s] -- Detecting C compiler ABI info
[2.873s] -- Detecting C compiler ABI info - done
[2.873s] -- Check for working C compiler: /usr/bin/cc - skipped
[2.873s] -- Detecting C compile features
[2.874s] -- Detecting C compile features - done
[2.874s] -- Detecting CXX compiler ABI info
[2.874s] -- Detecting CXX compiler ABI info - done
[2.875s] -- Check for working CXX compiler: /usr/bin/c++ - skipped
[2.877s] -- Detecting CXX compile features
[2.878s] -- Detecting CXX compile features - done
[2.878s] -- Found ament_cmake: 1.3.5 (/opt/ros/humble/install/share/ament_cmake/cmake)
[7.941s] -- Found Python3: /usr/bin/python3.8 (found version "3.8.10") found components: Interpreter 
[8.380s] -- Override CMake install command with custom implementation using symlinks instead of copying resources
[8.669s] -- Found rclcpp: 16.0.5 (/opt/ros/humble/install/share/rclcpp/cmake)
[8.972s] -- Found rosidl_generator_c: 3.1.5 (/opt/ros/humble/install/share/rosidl_generator_c/cmake)
[9.000s] -- Found rosidl_adapter: 3.1.5 (/opt/ros/humble/install/share/rosidl_adapter/cmake)
[9.089s] -- Found rosidl_generator_cpp: 3.1.5 (/opt/ros/humble/install/share/rosidl_generator_cpp/cmake)
[9.290s] -- Using all available rosidl_typesupport_c: rosidl_typesupport_fastrtps_c;rosidl_typesupport_introspection_c
[9.444s] -- Using all available rosidl_typesupport_cpp: rosidl_typesupport_fastrtps_cpp;rosidl_typesupport_introspection_cpp
[9.965s] -- Found rmw_implementation_cmake: 6.1.1 (/opt/ros/humble/install/share/rmw_implementation_cmake/cmake)
[9.979s] -- Found rmw_fastrtps_cpp: 6.2.3 (/opt/ros/humble/install/share/rmw_fastrtps_cpp/cmake)
[10.600s] -- Found OpenSSL: /usr/lib/aarch64-linux-gnu/libcrypto.so (found version "1.1.1f")  
[10.725s] -- Found FastRTPS: /opt/ros/humble/install/include  
[11.003s] -- Using RMW implementation 'rmw_fastrtps_cpp' as default
[11.059s] -- Performing Test CMAKE_HAVE_LIBC_PTHREAD
[11.386s] -- Performing Test CMAKE_HAVE_LIBC_PTHREAD - Failed
[11.387s] -- Looking for pthread_create in pthreads
[11.639s] -- Looking for pthread_create in pthreads - not found
[11.640s] -- Looking for pthread_create in pthread
[11.928s] -- Looking for pthread_create in pthread - found
[11.935s] -- Found Threads: TRUE  
[12.730s] -- Found geometry_msgs: 4.2.3 (/opt/ros/humble/install/share/geometry_msgs/cmake)
[13.200s] -- Configuring done (12.0s)
[13.269s] -- Generating done (0.0s)
[13.279s] -- Build files have been written to: /workspace/ros2_ws/build/motor_control_node
[13.327s] Invoked command in '/workspace/ros2_ws/build/motor_control_node' returned '0': CMAKE_PREFIX_PATH=${CMAKE_PREFIX_PATH}:/workspace/ros2_ws/install/keyboard_input /usr/local/bin/cmake /workspace/ros2_ws/src/motor_control_node -DAMENT_CMAKE_SYMLINK_INSTALL=1 -DCMAKE_INSTALL_PREFIX=/workspace/ros2_ws/install/motor_control_node
[13.335s] Invoking command in '/workspace/ros2_ws/build/motor_control_node': CMAKE_PREFIX_PATH=${CMAKE_PREFIX_PATH}:/workspace/ros2_ws/install/keyboard_input /usr/local/bin/cmake --build /workspace/ros2_ws/build/motor_control_node -- -j4 -l4
[13.554s] [ 50%] [32mBuilding CXX object CMakeFiles/motor_control_node.dir/src/motor_control_node.cpp.o[0m
[86.414s] [100%] [32m[1mLinking CXX executable motor_control_node[0m
[89.037s] [100%] Built target motor_control_node
[89.071s] Invoked command in '/workspace/ros2_ws/build/motor_control_node' returned '0': CMAKE_PREFIX_PATH=${CMAKE_PREFIX_PATH}:/workspace/ros2_ws/install/keyboard_input /usr/local/bin/cmake --build /workspace/ros2_ws/build/motor_control_node -- -j4 -l4
[89.278s] Invoking command in '/workspace/ros2_ws/build/motor_control_node': CMAKE_PREFIX_PATH=${CMAKE_PREFIX_PATH}:/workspace/ros2_ws/install/keyboard_input /usr/local/bin/cmake --install /workspace/ros2_ws/build/motor_control_node
[89.386s] -- Install configuration: ""
[89.387s] -- Execute custom install script
[89.389s] -- Symlinking: /workspace/ros2_ws/install/motor_control_node/lib/motor_control_node/motor_control_node
[89.404s] -- Symlinking: /workspace/ros2_ws/install/motor_control_node/share/ament_index/resource_index/package_run_dependencies/motor_control_node
[89.417s] -- Symlinking: /workspace/ros2_ws/install/motor_control_node/share/ament_index/resource_index/parent_prefix_path/motor_control_node
[89.431s] -- Symlinking: /workspace/ros2_ws/install/motor_control_node/share/motor_control_node/environment/ament_prefix_path.sh
[89.444s] -- Symlinking: /workspace/ros2_ws/install/motor_control_node/share/motor_control_node/environment/ament_prefix_path.dsv
[89.456s] -- Symlinking: /workspace/ros2_ws/install/motor_control_node/share/motor_control_node/environment/path.sh
[89.469s] -- Symlinking: /workspace/ros2_ws/install/motor_control_node/share/motor_control_node/environment/path.dsv
[89.482s] -- Symlinking: /workspace/ros2_ws/install/motor_control_node/share/motor_control_node/local_setup.bash
[89.497s] -- Symlinking: /workspace/ros2_ws/install/motor_control_node/share/motor_control_node/local_setup.sh
[89.512s] -- Symlinking: /workspace/ros2_ws/install/motor_control_node/share/motor_control_node/local_setup.zsh
[89.526s] -- Symlinking: /workspace/ros2_ws/install/motor_control_node/share/motor_control_node/local_setup.dsv
[89.540s] -- Symlinking: /workspace/ros2_ws/install/motor_control_node/share/motor_control_node/package.dsv
[89.554s] -- Symlinking: /workspace/ros2_ws/install/motor_control_node/share/ament_index/resource_index/packages/motor_control_node
[89.569s] -- Symlinking: /workspace/ros2_ws/install/motor_control_node/share/motor_control_node/cmake/motor_control_nodeConfig.cmake
[89.582s] -- Symlinking: /workspace/ros2_ws/install/motor_control_node/share/motor_control_node/cmake/motor_control_nodeConfig-version.cmake
[89.597s] -- Symlinking: /workspace/ros2_ws/install/motor_control_node/share/motor_control_node/package.xml
[89.645s] Invoked command in '/workspace/ros2_ws/build/motor_control_node' returned '0': CMAKE_PREFIX_PATH=${CMAKE_PREFIX_PATH}:/workspace/ros2_ws/install/keyboard_input /usr/local/bin/cmake --install /workspace/ros2_ws/build/motor_control_node
