-- The C compiler identification is GNU 9.4.0
-- The CXX compiler identification is GNU 9.4.0
-- Detecting C compiler ABI info
-- Detecting C compiler ABI info - done
-- Check for working C compiler: /usr/bin/cc - skipped
-- Detecting C compile features
-- Detecting C compile features - done
-- Detecting CXX compiler ABI info
-- Detecting CXX compiler ABI info - done
-- Check for working CXX compiler: /usr/bin/c++ - skipped
-- Detecting CXX compile features
-- Detecting CXX compile features - done
-- Found ament_cmake: 1.3.5 (/opt/ros/humble/install/share/ament_cmake/cmake)
-- Found Python3: /usr/bin/python3.8 (found version "3.8.10") found components: Interpreter 
-- Override CMake install command with custom implementation using symlinks instead of copying resources
-- Found rclcpp: 16.0.5 (/opt/ros/humble/install/share/rclcpp/cmake)
-- Found rosidl_generator_c: 3.1.5 (/opt/ros/humble/install/share/rosidl_generator_c/cmake)
-- Found rosidl_adapter: 3.1.5 (/opt/ros/humble/install/share/rosidl_adapter/cmake)
-- Found rosidl_generator_cpp: 3.1.5 (/opt/ros/humble/install/share/rosidl_generator_cpp/cmake)
-- Using all available rosidl_typesupport_c: rosidl_typesupport_fastrtps_c;rosidl_typesupport_introspection_c
-- Using all available rosidl_typesupport_cpp: rosidl_typesupport_fastrtps_cpp;rosidl_typesupport_introspection_cpp
-- Found rmw_implementation_cmake: 6.1.1 (/opt/ros/humble/install/share/rmw_implementation_cmake/cmake)
-- Found rmw_fastrtps_cpp: 6.2.3 (/opt/ros/humble/install/share/rmw_fastrtps_cpp/cmake)
-- Found OpenSSL: /usr/lib/aarch64-linux-gnu/libcrypto.so (found version "1.1.1f")  
-- Found FastRTPS: /opt/ros/humble/install/include  
-- Using RMW implementation 'rmw_fastrtps_cpp' as default
-- Performing Test CMAKE_HAVE_LIBC_PTHREAD
-- Performing Test CMAKE_HAVE_LIBC_PTHREAD - Failed
-- Looking for pthread_create in pthreads
-- Looking for pthread_create in pthreads - not found
-- Looking for pthread_create in pthread
-- Looking for pthread_create in pthread - found
-- Found Threads: TRUE  
-- Found geometry_msgs: 4.2.3 (/opt/ros/humble/install/share/geometry_msgs/cmake)
-- Configuring done (10.8s)
-- Generating done (0.0s)
-- Build files have been written to: /workspace/ros2_ws/build/motor_control_node
[ 50%] [32mBuilding CXX object CMakeFiles/motor_control_node.dir/src/motor_control_node.cpp.o[0m
[100%] [32m[1mLinking CXX executable motor_control_node[0m
[100%] Built target motor_control_node
-- Install configuration: ""
-- Execute custom install script
-- Symlinking: /workspace/ros2_ws/install/motor_control_node/lib/motor_control_node/motor_control_node
-- Symlinking: /workspace/ros2_ws/install/motor_control_node/share/ament_index/resource_index/package_run_dependencies/motor_control_node
-- Symlinking: /workspace/ros2_ws/install/motor_control_node/share/ament_index/resource_index/parent_prefix_path/motor_control_node
-- Symlinking: /workspace/ros2_ws/install/motor_control_node/share/motor_control_node/environment/ament_prefix_path.sh
-- Symlinking: /workspace/ros2_ws/install/motor_control_node/share/motor_control_node/environment/ament_prefix_path.dsv
-- Symlinking: /workspace/ros2_ws/install/motor_control_node/share/motor_control_node/environment/path.sh
-- Symlinking: /workspace/ros2_ws/install/motor_control_node/share/motor_control_node/environment/path.dsv
-- Symlinking: /workspace/ros2_ws/install/motor_control_node/share/motor_control_node/local_setup.bash
-- Symlinking: /workspace/ros2_ws/install/motor_control_node/share/motor_control_node/local_setup.sh
-- Symlinking: /workspace/ros2_ws/install/motor_control_node/share/motor_control_node/local_setup.zsh
-- Symlinking: /workspace/ros2_ws/install/motor_control_node/share/motor_control_node/local_setup.dsv
-- Symlinking: /workspace/ros2_ws/install/motor_control_node/share/motor_control_node/package.dsv
-- Symlinking: /workspace/ros2_ws/install/motor_control_node/share/ament_index/resource_index/packages/motor_control_node
-- Symlinking: /workspace/ros2_ws/install/motor_control_node/share/motor_control_node/cmake/motor_control_nodeConfig.cmake
-- Symlinking: /workspace/ros2_ws/install/motor_control_node/share/motor_control_node/cmake/motor_control_nodeConfig-version.cmake
-- Symlinking: /workspace/ros2_ws/install/motor_control_node/share/motor_control_node/package.xml
