[1.044s] Invoking command in '/workspace/ros2_ws/build/motor_control_node': /usr/local/bin/cmake /workspace/ros2_ws/src/motor_control_node -DAMENT_CMAKE_SYMLINK_INSTALL=1 -DCMAKE_INSTALL_PREFIX=/workspace/ros2_ws/install/motor_control_node
[1.571s] -- The C compiler identification is GNU 9.4.0
[1.986s] -- The CXX compiler identification is GNU 9.4.0
[2.164s] -- Detecting C compiler ABI info
[2.679s] -- Detecting C compiler ABI info - done
[2.745s] -- Check for working C compiler: /usr/bin/cc - skipped
[2.746s] -- Detecting C compile features
[2.749s] -- Detecting C compile features - done
[2.893s] -- Detecting CXX compiler ABI info
[3.385s] -- Detecting CXX compiler ABI info - done
[3.448s] -- Check for working CXX compiler: /usr/bin/c++ - skipped
[3.452s] -- Detecting CXX compile features
[3.456s] -- Detecting CXX compile features - done
[3.471s] -- Found ament_cmake: 1.3.5 (/opt/ros/humble/install/share/ament_cmake/cmake)
[7.688s] -- Found Python3: /usr/bin/python3.8 (found version "3.8.10") found components: Interpreter 
[7.935s] -- Override CMake install command with custom implementation using symlinks instead of copying resources
[8.060s] -- Found rclcpp: 16.0.5 (/opt/ros/humble/install/share/rclcpp/cmake)
[8.299s] -- Found rosidl_generator_c: 3.1.5 (/opt/ros/humble/install/share/rosidl_generator_c/cmake)
[8.329s] -- Found rosidl_adapter: 3.1.5 (/opt/ros/humble/install/share/rosidl_adapter/cmake)
[8.383s] -- Found rosidl_generator_cpp: 3.1.5 (/opt/ros/humble/install/share/rosidl_generator_cpp/cmake)
[8.480s] -- Using all available rosidl_typesupport_c: rosidl_typesupport_fastrtps_c;rosidl_typesupport_introspection_c
[8.611s] -- Using all available rosidl_typesupport_cpp: rosidl_typesupport_fastrtps_cpp;rosidl_typesupport_introspection_cpp
[9.008s] -- Found rmw_implementation_cmake: 6.1.1 (/opt/ros/humble/install/share/rmw_implementation_cmake/cmake)
[9.019s] -- Found rmw_fastrtps_cpp: 6.2.3 (/opt/ros/humble/install/share/rmw_fastrtps_cpp/cmake)
[9.515s] -- Found OpenSSL: /usr/lib/aarch64-linux-gnu/libcrypto.so (found version "1.1.1f")  
[9.621s] -- Found FastRTPS: /opt/ros/humble/install/include  
[9.812s] -- Using RMW implementation 'rmw_fastrtps_cpp' as default
[9.859s] -- Performing Test CMAKE_HAVE_LIBC_PTHREAD
[10.208s] -- Performing Test CMAKE_HAVE_LIBC_PTHREAD - Failed
[10.209s] -- Looking for pthread_create in pthreads
[10.470s] -- Looking for pthread_create in pthreads - not found
[10.471s] -- Looking for pthread_create in pthread
[10.786s] -- Looking for pthread_create in pthread - found
[10.793s] -- Found Threads: TRUE  
[11.548s] -- Found geometry_msgs: 4.2.3 (/opt/ros/humble/install/share/geometry_msgs/cmake)
[12.019s] -- Configuring done (10.8s)
[12.093s] -- Generating done (0.0s)
[12.104s] -- Build files have been written to: /workspace/ros2_ws/build/motor_control_node
[12.144s] Invoked command in '/workspace/ros2_ws/build/motor_control_node' returned '0': /usr/local/bin/cmake /workspace/ros2_ws/src/motor_control_node -DAMENT_CMAKE_SYMLINK_INSTALL=1 -DCMAKE_INSTALL_PREFIX=/workspace/ros2_ws/install/motor_control_node
[12.157s] Invoking command in '/workspace/ros2_ws/build/motor_control_node': /usr/local/bin/cmake --build /workspace/ros2_ws/build/motor_control_node -- -j4 -l4
[12.375s] [ 50%] [32mBuilding CXX object CMakeFiles/motor_control_node.dir/src/motor_control_node.cpp.o[0m
[84.980s] [100%] [32m[1mLinking CXX executable motor_control_node[0m
[87.808s] [100%] Built target motor_control_node
[87.841s] Invoked command in '/workspace/ros2_ws/build/motor_control_node' returned '0': /usr/local/bin/cmake --build /workspace/ros2_ws/build/motor_control_node -- -j4 -l4
[88.038s] Invoking command in '/workspace/ros2_ws/build/motor_control_node': /usr/local/bin/cmake --install /workspace/ros2_ws/build/motor_control_node
[88.152s] -- Install configuration: ""
[88.153s] -- Execute custom install script
[88.156s] -- Symlinking: /workspace/ros2_ws/install/motor_control_node/lib/motor_control_node/motor_control_node
[88.170s] -- Symlinking: /workspace/ros2_ws/install/motor_control_node/share/ament_index/resource_index/package_run_dependencies/motor_control_node
[88.184s] -- Symlinking: /workspace/ros2_ws/install/motor_control_node/share/ament_index/resource_index/parent_prefix_path/motor_control_node
[88.198s] -- Symlinking: /workspace/ros2_ws/install/motor_control_node/share/motor_control_node/environment/ament_prefix_path.sh
[88.211s] -- Symlinking: /workspace/ros2_ws/install/motor_control_node/share/motor_control_node/environment/ament_prefix_path.dsv
[88.226s] -- Symlinking: /workspace/ros2_ws/install/motor_control_node/share/motor_control_node/environment/path.sh
[88.240s] -- Symlinking: /workspace/ros2_ws/install/motor_control_node/share/motor_control_node/environment/path.dsv
[88.254s] -- Symlinking: /workspace/ros2_ws/install/motor_control_node/share/motor_control_node/local_setup.bash
[88.270s] -- Symlinking: /workspace/ros2_ws/install/motor_control_node/share/motor_control_node/local_setup.sh
[88.284s] -- Symlinking: /workspace/ros2_ws/install/motor_control_node/share/motor_control_node/local_setup.zsh
[88.299s] -- Symlinking: /workspace/ros2_ws/install/motor_control_node/share/motor_control_node/local_setup.dsv
[88.313s] -- Symlinking: /workspace/ros2_ws/install/motor_control_node/share/motor_control_node/package.dsv
[88.328s] -- Symlinking: /workspace/ros2_ws/install/motor_control_node/share/ament_index/resource_index/packages/motor_control_node
[88.344s] -- Symlinking: /workspace/ros2_ws/install/motor_control_node/share/motor_control_node/cmake/motor_control_nodeConfig.cmake
[88.357s] -- Symlinking: /workspace/ros2_ws/install/motor_control_node/share/motor_control_node/cmake/motor_control_nodeConfig-version.cmake
[88.371s] -- Symlinking: /workspace/ros2_ws/install/motor_control_node/share/motor_control_node/package.xml
[88.416s] Invoked command in '/workspace/ros2_ws/build/motor_control_node' returned '0': /usr/local/bin/cmake --install /workspace/ros2_ws/build/motor_control_node
