running develop
running egg_info
creating obstacle_detector.egg-info
writing obstacle_detector.egg-info/PKG-INFO
writing dependency_links to obstacle_detector.egg-info/dependency_links.txt
writing entry points to obstacle_detector.egg-info/entry_points.txt
writing requirements to obstacle_detector.egg-info/requires.txt
writing top-level names to obstacle_detector.egg-info/top_level.txt
writing manifest file 'obstacle_detector.egg-info/SOURCES.txt'
reading manifest file 'obstacle_detector.egg-info/SOURCES.txt'
writing manifest file 'obstacle_detector.egg-info/SOURCES.txt'
running build_ext
Creating /workspace/ros2_ws/install/obstacle_detector/lib/python3.8/site-packages/obstacle-detector.egg-link (link to .)
Installing obstacle_detector script to /workspace/ros2_ws/install/obstacle_detector/lib/obstacle_detector

Installed /workspace/ros2_ws/build/obstacle_detector
running install_data
creating /workspace/ros2_ws/install/obstacle_detector/share/ament_index
creating /workspace/ros2_ws/install/obstacle_detector/share/ament_index/resource_index
creating /workspace/ros2_ws/install/obstacle_detector/share/ament_index/resource_index/packages
copying resource/obstacle_detector -> /workspace/ros2_ws/install/obstacle_detector/share/ament_index/resource_index/packages
copying package.xml -> /workspace/ros2_ws/install/obstacle_detector/share/obstacle_detector
creating /workspace/ros2_ws/install/obstacle_detector/share/obstacle_detector/launch
copying launch/front_detector.launch.py -> /workspace/ros2_ws/install/obstacle_detector/share/obstacle_detector/launch
