running develop
/usr/local/lib/python3.8/dist-packages/setuptools/command/develop.py:40: EasyInstallDeprecationWarning: easy_install command is deprecated.
!!

        ********************************************************************************
        Please avoid running ``setup.py`` and ``easy_install``.
        Instead, use pypa/build, pypa/installer or other
        standards-based tools.

        See https://github.com/pypa/setuptools/issues/917 for details.
        ********************************************************************************

!!
  easy_install.initialize_options(self)
/usr/local/lib/python3.8/dist-packages/setuptools/_distutils/cmd.py:66: SetuptoolsDeprecationWarning: setup.py install is deprecated.
!!

        ********************************************************************************
        Please avoid running ``setup.py`` directly.
        Instead, use pypa/build, pypa/installer or other
        standards-based tools.

        See https://blog.ganssle.io/articles/2021/10/setup-py-deprecated.html for details.
        ********************************************************************************

!!
  self.initialize_options()
running egg_info
creating obstacle_detector.egg-info
writing obstacle_detector.egg-info/PKG-INFO
writing dependency_links to obstacle_detector.egg-info/dependency_links.txt
writing entry points to obstacle_detector.egg-info/entry_points.txt
writing requirements to obstacle_detector.egg-info/requires.txt
writing top-level names to obstacle_detector.egg-info/top_level.txt
writing manifest file 'obstacle_detector.egg-info/SOURCES.txt'
reading manifest file 'obstacle_detector.egg-info/SOURCES.txt'
writing manifest file 'obstacle_detector.egg-info/SOURCES.txt'
running build_ext
Creating /workspace/ros2_ws/install/obstacle_detector/lib/python3.8/site-packages/obstacle-detector.egg-link (link to .)
Installing obstacle_detector script to /workspace/ros2_ws/install/obstacle_detector/lib/obstacle_detector

Installed /workspace/ros2_ws/build/obstacle_detector
running install_data
creating /workspace/ros2_ws/install/obstacle_detector/share/ament_index
creating /workspace/ros2_ws/install/obstacle_detector/share/ament_index/resource_index
creating /workspace/ros2_ws/install/obstacle_detector/share/ament_index/resource_index/packages
copying resource/obstacle_detector -> /workspace/ros2_ws/install/obstacle_detector/share/ament_index/resource_index/packages
copying package.xml -> /workspace/ros2_ws/install/obstacle_detector/share/obstacle_detector
creating /workspace/ros2_ws/install/obstacle_detector/share/obstacle_detector/launch
copying launch/front_detector.launch.py -> /workspace/ros2_ws/install/obstacle_detector/share/obstacle_detector/launch
