[1.224s] DEBUG:colcon:Command line arguments: ['/usr/bin/colcon', 'build', '--symlink-install']
[1.225s] DEBUG:colcon:Parsed command line arguments: Namespace(ament_cmake_args=None, base_paths=['.'], build_base='build', catkin_cmake_args=None, catkin_skip_building_tests=False, cmake_args=None, cmake_clean_cache=False, cmake_clean_first=False, cmake_force_configure=False, cmake_target=None, cmake_target_skip_unavailable=False, continue_on_error=False, event_handlers=None, executor='parallel', ignore_user_meta=False, install_base='install', log_base=None, log_level=None, main=<bound method BuildVerb.main of <colcon_core.verb.build.BuildVerb object at 0xffff90d00d30>>, merge_install=False, metas=['./colcon.meta'], packages_above=None, packages_above_and_dependencies=None, packages_above_depth=None, packages_end=None, packages_ignore=None, packages_ignore_regex=None, packages_select=None, packages_select_build_failed=False, packages_select_by_dep=None, packages_select_regex=None, packages_select_test_failures=False, packages_skip=None, packages_skip_build_finished=False, packages_skip_by_dep=None, packages_skip_regex=None, packages_skip_test_passed=False, packages_skip_up_to=None, packages_start=None, packages_up_to=None, packages_up_to_regex=None, parallel_workers=4, paths=None, symlink_install=True, test_result_base=None, verb_extension=<colcon_core.verb.build.BuildVerb object at 0xffff90d00d30>, verb_name='build', verb_parser=<colcon_defaults.argument_parser.defaults.DefaultArgumentsDecorator object at 0xffff90c215e0>)
[1.420s] Level 1:colcon.colcon_core.package_discovery:discover_packages(colcon_meta) check parameters
[1.420s] Level 1:colcon.colcon_core.package_discovery:discover_packages(recursive) check parameters
[1.421s] Level 1:colcon.colcon_core.package_discovery:discover_packages(ignore) check parameters
[1.421s] Level 1:colcon.colcon_core.package_discovery:discover_packages(path) check parameters
[1.421s] Level 1:colcon.colcon_core.package_discovery:discover_packages(colcon_meta) discover
[1.421s] Level 1:colcon.colcon_core.package_discovery:discover_packages(recursive) discover
[1.421s] INFO:colcon.colcon_core.package_discovery:Crawling recursively for packages in '/workspace/ros2_ws'
[1.422s] Level 1:colcon.colcon_core.package_identification:_identify(.) by extensions ['ignore', 'ignore_ament_install']
[1.422s] Level 1:colcon.colcon_core.package_identification:_identify(.) by extension 'ignore'
[1.423s] Level 1:colcon.colcon_core.package_identification:_identify(.) by extension 'ignore_ament_install'
[1.423s] Level 1:colcon.colcon_core.package_identification:_identify(.) by extensions ['colcon_pkg']
[1.423s] Level 1:colcon.colcon_core.package_identification:_identify(.) by extension 'colcon_pkg'
[1.423s] Level 1:colcon.colcon_core.package_identification:_identify(.) by extensions ['colcon_meta']
[1.423s] Level 1:colcon.colcon_core.package_identification:_identify(.) by extension 'colcon_meta'
[1.424s] Level 1:colcon.colcon_core.package_identification:_identify(.) by extensions ['ros']
[1.424s] Level 1:colcon.colcon_core.package_identification:_identify(.) by extension 'ros'
[1.490s] Level 1:colcon.colcon_core.package_identification:_identify(.) by extensions ['cmake', 'python']
[1.490s] Level 1:colcon.colcon_core.package_identification:_identify(.) by extension 'cmake'
[1.490s] Level 1:colcon.colcon_core.package_identification:_identify(.) by extension 'python'
[1.491s] Level 1:colcon.colcon_core.package_identification:_identify(.) by extensions ['python_setup_py']
[1.491s] Level 1:colcon.colcon_core.package_identification:_identify(.) by extension 'python_setup_py'
[1.492s] Level 1:colcon.colcon_core.package_identification:_identify(build) by extensions ['ignore', 'ignore_ament_install']
[1.492s] Level 1:colcon.colcon_core.package_identification:_identify(build) by extension 'ignore'
[1.492s] Level 1:colcon.colcon_core.package_identification:_identify(build) ignored
[1.493s] Level 1:colcon.colcon_core.package_identification:_identify(install) by extensions ['ignore', 'ignore_ament_install']
[1.493s] Level 1:colcon.colcon_core.package_identification:_identify(install) by extension 'ignore'
[1.493s] Level 1:colcon.colcon_core.package_identification:_identify(install) ignored
[1.494s] Level 1:colcon.colcon_core.package_identification:_identify(log) by extensions ['ignore', 'ignore_ament_install']
[1.494s] Level 1:colcon.colcon_core.package_identification:_identify(log) by extension 'ignore'
[1.494s] Level 1:colcon.colcon_core.package_identification:_identify(log) ignored
[1.495s] Level 1:colcon.colcon_core.package_identification:_identify(src) by extensions ['ignore', 'ignore_ament_install']
[1.495s] Level 1:colcon.colcon_core.package_identification:_identify(src) by extension 'ignore'
[1.495s] Level 1:colcon.colcon_core.package_identification:_identify(src) by extension 'ignore_ament_install'
[1.495s] Level 1:colcon.colcon_core.package_identification:_identify(src) by extensions ['colcon_pkg']
[1.496s] Level 1:colcon.colcon_core.package_identification:_identify(src) by extension 'colcon_pkg'
[1.496s] Level 1:colcon.colcon_core.package_identification:_identify(src) by extensions ['colcon_meta']
[1.496s] Level 1:colcon.colcon_core.package_identification:_identify(src) by extension 'colcon_meta'
[1.496s] Level 1:colcon.colcon_core.package_identification:_identify(src) by extensions ['ros']
[1.496s] Level 1:colcon.colcon_core.package_identification:_identify(src) by extension 'ros'
[1.497s] Level 1:colcon.colcon_core.package_identification:_identify(src) by extensions ['cmake', 'python']
[1.497s] Level 1:colcon.colcon_core.package_identification:_identify(src) by extension 'cmake'
[1.497s] Level 1:colcon.colcon_core.package_identification:_identify(src) by extension 'python'
[1.497s] Level 1:colcon.colcon_core.package_identification:_identify(src) by extensions ['python_setup_py']
[1.497s] Level 1:colcon.colcon_core.package_identification:_identify(src) by extension 'python_setup_py'
[1.498s] Level 1:colcon.colcon_core.package_identification:_identify(src/keyboard_input) by extensions ['ignore', 'ignore_ament_install']
[1.498s] Level 1:colcon.colcon_core.package_identification:_identify(src/keyboard_input) by extension 'ignore'
[1.498s] Level 1:colcon.colcon_core.package_identification:_identify(src/keyboard_input) by extension 'ignore_ament_install'
[1.499s] Level 1:colcon.colcon_core.package_identification:_identify(src/keyboard_input) by extensions ['colcon_pkg']
[1.499s] Level 1:colcon.colcon_core.package_identification:_identify(src/keyboard_input) by extension 'colcon_pkg'
[1.499s] Level 1:colcon.colcon_core.package_identification:_identify(src/keyboard_input) by extensions ['colcon_meta']
[1.499s] Level 1:colcon.colcon_core.package_identification:_identify(src/keyboard_input) by extension 'colcon_meta'
[1.499s] Level 1:colcon.colcon_core.package_identification:_identify(src/keyboard_input) by extensions ['ros']
[1.499s] Level 1:colcon.colcon_core.package_identification:_identify(src/keyboard_input) by extension 'ros'
[1.509s] DEBUG:colcon.colcon_core.package_identification:Package 'src/keyboard_input' with type 'ros.ament_python' and name 'keyboard_input'
[1.510s] Level 1:colcon.colcon_core.package_identification:_identify(src/motor_control_node) by extensions ['ignore', 'ignore_ament_install']
[1.510s] Level 1:colcon.colcon_core.package_identification:_identify(src/motor_control_node) by extension 'ignore'
[1.510s] Level 1:colcon.colcon_core.package_identification:_identify(src/motor_control_node) by extension 'ignore_ament_install'
[1.511s] Level 1:colcon.colcon_core.package_identification:_identify(src/motor_control_node) by extensions ['colcon_pkg']
[1.511s] Level 1:colcon.colcon_core.package_identification:_identify(src/motor_control_node) by extension 'colcon_pkg'
[1.511s] Level 1:colcon.colcon_core.package_identification:_identify(src/motor_control_node) by extensions ['colcon_meta']
[1.511s] Level 1:colcon.colcon_core.package_identification:_identify(src/motor_control_node) by extension 'colcon_meta'
[1.511s] Level 1:colcon.colcon_core.package_identification:_identify(src/motor_control_node) by extensions ['ros']
[1.512s] Level 1:colcon.colcon_core.package_identification:_identify(src/motor_control_node) by extension 'ros'
[1.514s] DEBUG:colcon.colcon_core.package_identification:Package 'src/motor_control_node' with type 'ros.ament_cmake' and name 'motor_control_node'
[1.515s] Level 1:colcon.colcon_core.package_identification:_identify(src/sllidar_ros2) by extensions ['ignore', 'ignore_ament_install']
[1.516s] Level 1:colcon.colcon_core.package_identification:_identify(src/sllidar_ros2) by extension 'ignore'
[1.516s] Level 1:colcon.colcon_core.package_identification:_identify(src/sllidar_ros2) by extension 'ignore_ament_install'
[1.516s] Level 1:colcon.colcon_core.package_identification:_identify(src/sllidar_ros2) by extensions ['colcon_pkg']
[1.516s] Level 1:colcon.colcon_core.package_identification:_identify(src/sllidar_ros2) by extension 'colcon_pkg'
[1.517s] Level 1:colcon.colcon_core.package_identification:_identify(src/sllidar_ros2) by extensions ['colcon_meta']
[1.517s] Level 1:colcon.colcon_core.package_identification:_identify(src/sllidar_ros2) by extension 'colcon_meta'
[1.517s] Level 1:colcon.colcon_core.package_identification:_identify(src/sllidar_ros2) by extensions ['ros']
[1.517s] Level 1:colcon.colcon_core.package_identification:_identify(src/sllidar_ros2) by extension 'ros'
[1.520s] DEBUG:colcon.colcon_core.package_identification:Package 'src/sllidar_ros2' with type 'ros.ament_cmake' and name 'sllidar_ros2'
[1.520s] Level 1:colcon.colcon_core.package_discovery:discover_packages(recursive) using defaults
[1.521s] Level 1:colcon.colcon_core.package_discovery:discover_packages(ignore) discover
[1.521s] Level 1:colcon.colcon_core.package_discovery:discover_packages(ignore) using defaults
[1.521s] Level 1:colcon.colcon_core.package_discovery:discover_packages(path) discover
[1.521s] Level 1:colcon.colcon_core.package_discovery:discover_packages(path) using defaults
[1.640s] Level 5:colcon.colcon_core.verb:set package 'keyboard_input' build argument 'cmake_args' from command line to 'None'
[1.640s] Level 5:colcon.colcon_core.verb:set package 'keyboard_input' build argument 'cmake_target' from command line to 'None'
[1.641s] Level 5:colcon.colcon_core.verb:set package 'keyboard_input' build argument 'cmake_target_skip_unavailable' from command line to 'False'
[1.641s] Level 5:colcon.colcon_core.verb:set package 'keyboard_input' build argument 'cmake_clean_cache' from command line to 'False'
[1.641s] Level 5:colcon.colcon_core.verb:set package 'keyboard_input' build argument 'cmake_clean_first' from command line to 'False'
[1.641s] Level 5:colcon.colcon_core.verb:set package 'keyboard_input' build argument 'cmake_force_configure' from command line to 'False'
[1.641s] Level 5:colcon.colcon_core.verb:set package 'keyboard_input' build argument 'ament_cmake_args' from command line to 'None'
[1.641s] Level 5:colcon.colcon_core.verb:set package 'keyboard_input' build argument 'catkin_cmake_args' from command line to 'None'
[1.641s] Level 5:colcon.colcon_core.verb:set package 'keyboard_input' build argument 'catkin_skip_building_tests' from command line to 'False'
[1.642s] DEBUG:colcon.colcon_core.verb:Building package 'keyboard_input' with the following arguments: {'ament_cmake_args': None, 'build_base': '/workspace/ros2_ws/build/keyboard_input', 'catkin_cmake_args': None, 'catkin_skip_building_tests': False, 'cmake_args': None, 'cmake_clean_cache': False, 'cmake_clean_first': False, 'cmake_force_configure': False, 'cmake_target': None, 'cmake_target_skip_unavailable': False, 'install_base': '/workspace/ros2_ws/install/keyboard_input', 'merge_install': False, 'path': '/workspace/ros2_ws/src/keyboard_input', 'symlink_install': True, 'test_result_base': None}
[1.648s] Level 5:colcon.colcon_core.verb:set package 'motor_control_node' build argument 'cmake_args' from command line to 'None'
[1.648s] Level 5:colcon.colcon_core.verb:set package 'motor_control_node' build argument 'cmake_target' from command line to 'None'
[1.648s] Level 5:colcon.colcon_core.verb:set package 'motor_control_node' build argument 'cmake_target_skip_unavailable' from command line to 'False'
[1.648s] Level 5:colcon.colcon_core.verb:set package 'motor_control_node' build argument 'cmake_clean_cache' from command line to 'False'
[1.649s] Level 5:colcon.colcon_core.verb:set package 'motor_control_node' build argument 'cmake_clean_first' from command line to 'False'
[1.649s] Level 5:colcon.colcon_core.verb:set package 'motor_control_node' build argument 'cmake_force_configure' from command line to 'False'
[1.649s] Level 5:colcon.colcon_core.verb:set package 'motor_control_node' build argument 'ament_cmake_args' from command line to 'None'
[1.649s] Level 5:colcon.colcon_core.verb:set package 'motor_control_node' build argument 'catkin_cmake_args' from command line to 'None'
[1.649s] Level 5:colcon.colcon_core.verb:set package 'motor_control_node' build argument 'catkin_skip_building_tests' from command line to 'False'
[1.649s] DEBUG:colcon.colcon_core.verb:Building package 'motor_control_node' with the following arguments: {'ament_cmake_args': None, 'build_base': '/workspace/ros2_ws/build/motor_control_node', 'catkin_cmake_args': None, 'catkin_skip_building_tests': False, 'cmake_args': None, 'cmake_clean_cache': False, 'cmake_clean_first': False, 'cmake_force_configure': False, 'cmake_target': None, 'cmake_target_skip_unavailable': False, 'install_base': '/workspace/ros2_ws/install/motor_control_node', 'merge_install': False, 'path': '/workspace/ros2_ws/src/motor_control_node', 'symlink_install': True, 'test_result_base': None}
[1.656s] Level 5:colcon.colcon_core.verb:set package 'sllidar_ros2' build argument 'cmake_args' from command line to 'None'
[1.656s] Level 5:colcon.colcon_core.verb:set package 'sllidar_ros2' build argument 'cmake_target' from command line to 'None'
[1.656s] Level 5:colcon.colcon_core.verb:set package 'sllidar_ros2' build argument 'cmake_target_skip_unavailable' from command line to 'False'
[1.656s] Level 5:colcon.colcon_core.verb:set package 'sllidar_ros2' build argument 'cmake_clean_cache' from command line to 'False'
[1.656s] Level 5:colcon.colcon_core.verb:set package 'sllidar_ros2' build argument 'cmake_clean_first' from command line to 'False'
[1.656s] Level 5:colcon.colcon_core.verb:set package 'sllidar_ros2' build argument 'cmake_force_configure' from command line to 'False'
[1.657s] Level 5:colcon.colcon_core.verb:set package 'sllidar_ros2' build argument 'ament_cmake_args' from command line to 'None'
[1.657s] Level 5:colcon.colcon_core.verb:set package 'sllidar_ros2' build argument 'catkin_cmake_args' from command line to 'None'
[1.657s] Level 5:colcon.colcon_core.verb:set package 'sllidar_ros2' build argument 'catkin_skip_building_tests' from command line to 'False'
[1.657s] DEBUG:colcon.colcon_core.verb:Building package 'sllidar_ros2' with the following arguments: {'ament_cmake_args': None, 'build_base': '/workspace/ros2_ws/build/sllidar_ros2', 'catkin_cmake_args': None, 'catkin_skip_building_tests': False, 'cmake_args': None, 'cmake_clean_cache': False, 'cmake_clean_first': False, 'cmake_force_configure': False, 'cmake_target': None, 'cmake_target_skip_unavailable': False, 'install_base': '/workspace/ros2_ws/install/sllidar_ros2', 'merge_install': False, 'path': '/workspace/ros2_ws/src/sllidar_ros2', 'symlink_install': True, 'test_result_base': None}
[1.662s] INFO:colcon.colcon_core.executor:Executing jobs using 'parallel' executor
[1.688s] DEBUG:colcon.colcon_parallel_executor.executor.parallel:run_until_complete
[1.690s] INFO:colcon.colcon_ros.task.ament_python.build:Building ROS package in '/workspace/ros2_ws/src/keyboard_input' with build type 'ament_python'
[1.691s] Level 1:colcon.colcon_core.shell:create_environment_hook('keyboard_input', 'ament_prefix_path')
[1.715s] INFO:colcon.colcon_core.plugin_system:Skipping extension 'colcon_core.shell.bat': Not used on non-Windows systems
[1.716s] INFO:colcon.colcon_core.shell:Creating environment hook '/workspace/ros2_ws/install/keyboard_input/share/keyboard_input/hook/ament_prefix_path.ps1'
[1.720s] INFO:colcon.colcon_core.shell:Creating environment descriptor '/workspace/ros2_ws/install/keyboard_input/share/keyboard_input/hook/ament_prefix_path.dsv'
[1.722s] INFO:colcon.colcon_core.shell:Creating environment hook '/workspace/ros2_ws/install/keyboard_input/share/keyboard_input/hook/ament_prefix_path.sh'
[1.736s] INFO:colcon.colcon_core.shell:Skip shell extension 'powershell' for command environment: Not usable outside of PowerShell
[1.736s] DEBUG:colcon.colcon_core.shell:Skip shell extension 'dsv' for command environment
[1.794s] INFO:colcon.colcon_ros.task.ament_cmake.build:Building ROS package in '/workspace/ros2_ws/src/motor_control_node' with build type 'ament_cmake'
[1.796s] INFO:colcon.colcon_cmake.task.cmake.build:Building CMake package in '/workspace/ros2_ws/src/motor_control_node'
[1.813s] INFO:colcon.colcon_core.shell:Skip shell extension 'powershell' for command environment: Not usable outside of PowerShell
[1.814s] DEBUG:colcon.colcon_core.shell:Skip shell extension 'dsv' for command environment
[1.869s] INFO:colcon.colcon_ros.task.ament_cmake.build:Building ROS package in '/workspace/ros2_ws/src/sllidar_ros2' with build type 'ament_cmake'
[1.872s] INFO:colcon.colcon_cmake.task.cmake.build:Building CMake package in '/workspace/ros2_ws/src/sllidar_ros2'
[1.891s] INFO:colcon.colcon_core.shell:Skip shell extension 'powershell' for command environment: Not usable outside of PowerShell
[1.892s] DEBUG:colcon.colcon_core.shell:Skip shell extension 'dsv' for command environment
[2.760s] INFO:colcon.colcon_core.task.python.build:Building Python package in '/workspace/ros2_ws/src/keyboard_input'
[2.775s] INFO:colcon.colcon_core.shell:Skip shell extension 'powershell' for command environment: Not usable outside of PowerShell
[2.776s] DEBUG:colcon.colcon_core.shell:Skip shell extension 'dsv' for command environment
[2.841s] DEBUG:colcon.colcon_core.event_handler.log_command:Invoking command in '/workspace/ros2_ws/build/motor_control_node': /usr/local/bin/cmake /workspace/ros2_ws/src/motor_control_node -DAMENT_CMAKE_SYMLINK_INSTALL=1 -DCMAKE_INSTALL_PREFIX=/workspace/ros2_ws/install/motor_control_node
[2.888s] DEBUG:colcon.colcon_core.event_handler.log_command:Invoking command in '/workspace/ros2_ws/build/sllidar_ros2': /usr/local/bin/cmake /workspace/ros2_ws/src/sllidar_ros2 -DAMENT_CMAKE_SYMLINK_INSTALL=1 -DCMAKE_INSTALL_PREFIX=/workspace/ros2_ws/install/sllidar_ros2
[5.658s] DEBUG:colcon.colcon_core.event_handler.log_command:Invoking command in '/workspace/ros2_ws/build/keyboard_input': PYTHONPATH=/workspace/ros2_ws/build/keyboard_input/prefix_override:/workspace/ros2_ws/install/keyboard_input/lib/python3.8/site-packages:${PYTHONPATH} /usr/bin/python3 setup.py develop --editable --build-directory /workspace/ros2_ws/build/keyboard_input/build --no-deps install_data
[8.816s] Level 1:colcon.colcon_core.shell:create_environment_hook('keyboard_input', 'pythonpath_develop')
[8.828s] DEBUG:colcon.colcon_core.event_handler.log_command:Invoked command in '/workspace/ros2_ws/build/keyboard_input' returned '0': PYTHONPATH=/workspace/ros2_ws/build/keyboard_input/prefix_override:/workspace/ros2_ws/install/keyboard_input/lib/python3.8/site-packages:${PYTHONPATH} /usr/bin/python3 setup.py develop --editable --build-directory /workspace/ros2_ws/build/keyboard_input/build --no-deps install_data
[8.836s] INFO:colcon.colcon_core.shell:Creating environment hook '/workspace/ros2_ws/build/keyboard_input/share/keyboard_input/hook/pythonpath_develop.ps1'
[8.841s] INFO:colcon.colcon_core.shell:Creating environment descriptor '/workspace/ros2_ws/build/keyboard_input/share/keyboard_input/hook/pythonpath_develop.dsv'
[8.843s] INFO:colcon.colcon_core.shell:Creating environment hook '/workspace/ros2_ws/build/keyboard_input/share/keyboard_input/hook/pythonpath_develop.sh'
[8.882s] Level 1:colcon.colcon_core.environment:checking '/workspace/ros2_ws/install/keyboard_input' for CMake module files
[8.884s] Level 1:colcon.colcon_core.environment:checking '/workspace/ros2_ws/install/keyboard_input' for CMake config files
[8.888s] Level 1:colcon.colcon_core.environment:checking '/workspace/ros2_ws/install/keyboard_input/lib'
[8.889s] Level 1:colcon.colcon_core.environment:checking '/workspace/ros2_ws/install/keyboard_input/bin'
[8.889s] Level 1:colcon.colcon_core.environment:checking '/workspace/ros2_ws/install/keyboard_input/lib/pkgconfig/keyboard_input.pc'
[8.891s] Level 1:colcon.colcon_core.environment:checking '/workspace/ros2_ws/install/keyboard_input/lib/python3.8/site-packages'
[8.891s] Level 1:colcon.colcon_core.shell:create_environment_hook('keyboard_input', 'pythonpath')
[8.903s] INFO:colcon.colcon_core.shell:Creating environment hook '/workspace/ros2_ws/install/keyboard_input/share/keyboard_input/hook/pythonpath.ps1'
[8.907s] INFO:colcon.colcon_core.shell:Creating environment descriptor '/workspace/ros2_ws/install/keyboard_input/share/keyboard_input/hook/pythonpath.dsv'
[8.909s] INFO:colcon.colcon_core.shell:Creating environment hook '/workspace/ros2_ws/install/keyboard_input/share/keyboard_input/hook/pythonpath.sh'
[8.911s] Level 1:colcon.colcon_core.environment:checking '/workspace/ros2_ws/install/keyboard_input/bin'
[8.912s] Level 1:colcon.colcon_core.environment:create_environment_scripts_only(keyboard_input)
[8.924s] INFO:colcon.colcon_core.shell:Creating package script '/workspace/ros2_ws/install/keyboard_input/share/keyboard_input/package.ps1'
[8.929s] INFO:colcon.colcon_core.shell:Creating package descriptor '/workspace/ros2_ws/install/keyboard_input/share/keyboard_input/package.dsv'
[8.933s] INFO:colcon.colcon_core.shell:Creating package script '/workspace/ros2_ws/install/keyboard_input/share/keyboard_input/package.sh'
[8.936s] INFO:colcon.colcon_core.shell:Creating package script '/workspace/ros2_ws/install/keyboard_input/share/keyboard_input/package.bash'
[8.940s] INFO:colcon.colcon_core.shell:Creating package script '/workspace/ros2_ws/install/keyboard_input/share/keyboard_input/package.zsh'
[8.943s] Level 1:colcon.colcon_core.environment:create_file_with_runtime_dependencies(/workspace/ros2_ws/install/keyboard_input/share/colcon-core/packages/keyboard_input)
[13.940s] DEBUG:colcon.colcon_core.event_handler.log_command:Invoked command in '/workspace/ros2_ws/build/motor_control_node' returned '0': /usr/local/bin/cmake /workspace/ros2_ws/src/motor_control_node -DAMENT_CMAKE_SYMLINK_INSTALL=1 -DCMAKE_INSTALL_PREFIX=/workspace/ros2_ws/install/motor_control_node
[13.954s] DEBUG:colcon.colcon_core.event_handler.log_command:Invoking command in '/workspace/ros2_ws/build/motor_control_node': /usr/local/bin/cmake --build /workspace/ros2_ws/build/motor_control_node -- -j4 -l4
[14.366s] DEBUG:colcon.colcon_core.event_handler.log_command:Invoked command in '/workspace/ros2_ws/build/sllidar_ros2' returned '0': /usr/local/bin/cmake /workspace/ros2_ws/src/sllidar_ros2 -DAMENT_CMAKE_SYMLINK_INSTALL=1 -DCMAKE_INSTALL_PREFIX=/workspace/ros2_ws/install/sllidar_ros2
[14.377s] DEBUG:colcon.colcon_core.event_handler.log_command:Invoking command in '/workspace/ros2_ws/build/sllidar_ros2': /usr/local/bin/cmake --build /workspace/ros2_ws/build/sllidar_ros2 -- -j4 -l4
[66.611s] DEBUG:colcon.colcon_core.event_handler.log_command:Invoked command in '/workspace/ros2_ws/build/sllidar_ros2' returned '0': /usr/local/bin/cmake --build /workspace/ros2_ws/build/sllidar_ros2 -- -j4 -l4
[67.147s] DEBUG:colcon.colcon_core.event_handler.log_command:Invoking command in '/workspace/ros2_ws/build/sllidar_ros2': /usr/local/bin/cmake --install /workspace/ros2_ws/build/sllidar_ros2
[67.917s] Level 1:colcon.colcon_core.environment:create_environment_scripts_only(sllidar_ros2)
[67.941s] DEBUG:colcon.colcon_core.event_handler.log_command:Invoked command in '/workspace/ros2_ws/build/sllidar_ros2' returned '0': /usr/local/bin/cmake --install /workspace/ros2_ws/build/sllidar_ros2
[67.944s] Level 1:colcon.colcon_core.environment:checking '/workspace/ros2_ws/install/sllidar_ros2' for CMake module files
[67.949s] Level 1:colcon.colcon_core.environment:checking '/workspace/ros2_ws/install/sllidar_ros2' for CMake config files
[67.952s] Level 1:colcon.colcon_core.shell:create_environment_hook('sllidar_ros2', 'cmake_prefix_path')
[67.965s] INFO:colcon.colcon_core.shell:Creating environment hook '/workspace/ros2_ws/install/sllidar_ros2/share/sllidar_ros2/hook/cmake_prefix_path.ps1'
[67.969s] INFO:colcon.colcon_core.shell:Creating environment descriptor '/workspace/ros2_ws/install/sllidar_ros2/share/sllidar_ros2/hook/cmake_prefix_path.dsv'
[67.972s] INFO:colcon.colcon_core.shell:Creating environment hook '/workspace/ros2_ws/install/sllidar_ros2/share/sllidar_ros2/hook/cmake_prefix_path.sh'
[67.976s] Level 1:colcon.colcon_core.environment:checking '/workspace/ros2_ws/install/sllidar_ros2/lib'
[67.977s] Level 1:colcon.colcon_core.environment:checking '/workspace/ros2_ws/install/sllidar_ros2/bin'
[67.977s] Level 1:colcon.colcon_core.environment:checking '/workspace/ros2_ws/install/sllidar_ros2/lib/pkgconfig/sllidar_ros2.pc'
[67.979s] Level 1:colcon.colcon_core.environment:checking '/workspace/ros2_ws/install/sllidar_ros2/lib/python3.8/site-packages'
[67.980s] Level 1:colcon.colcon_core.environment:checking '/workspace/ros2_ws/install/sllidar_ros2/bin'
[67.992s] INFO:colcon.colcon_core.shell:Creating package script '/workspace/ros2_ws/install/sllidar_ros2/share/sllidar_ros2/package.ps1'
[67.994s] INFO:colcon.colcon_core.shell:Creating package descriptor '/workspace/ros2_ws/install/sllidar_ros2/share/sllidar_ros2/package.dsv'
[67.996s] INFO:colcon.colcon_core.shell:Creating package script '/workspace/ros2_ws/install/sllidar_ros2/share/sllidar_ros2/package.sh'
[67.998s] INFO:colcon.colcon_core.shell:Creating package script '/workspace/ros2_ws/install/sllidar_ros2/share/sllidar_ros2/package.bash'
[68.000s] INFO:colcon.colcon_core.shell:Creating package script '/workspace/ros2_ws/install/sllidar_ros2/share/sllidar_ros2/package.zsh'
[68.001s] Level 1:colcon.colcon_core.environment:create_file_with_runtime_dependencies(/workspace/ros2_ws/install/sllidar_ros2/share/colcon-core/packages/sllidar_ros2)
[68.372s] Level 1:colcon.colcon_core.environment:create_environment_scripts_only(sllidar_ros2)
[68.391s] Level 1:colcon.colcon_core.environment:checking '/workspace/ros2_ws/install/sllidar_ros2' for CMake module files
[68.395s] Level 1:colcon.colcon_core.environment:checking '/workspace/ros2_ws/install/sllidar_ros2' for CMake config files
[68.398s] Level 1:colcon.colcon_core.shell:create_environment_hook('sllidar_ros2', 'cmake_prefix_path')
[68.409s] INFO:colcon.colcon_core.shell:Creating environment hook '/workspace/ros2_ws/install/sllidar_ros2/share/sllidar_ros2/hook/cmake_prefix_path.ps1'
[68.412s] INFO:colcon.colcon_core.shell:Creating environment descriptor '/workspace/ros2_ws/install/sllidar_ros2/share/sllidar_ros2/hook/cmake_prefix_path.dsv'
[68.414s] INFO:colcon.colcon_core.shell:Creating environment hook '/workspace/ros2_ws/install/sllidar_ros2/share/sllidar_ros2/hook/cmake_prefix_path.sh'
[68.417s] Level 1:colcon.colcon_core.environment:checking '/workspace/ros2_ws/install/sllidar_ros2/lib'
[68.417s] Level 1:colcon.colcon_core.environment:checking '/workspace/ros2_ws/install/sllidar_ros2/bin'
[68.418s] Level 1:colcon.colcon_core.environment:checking '/workspace/ros2_ws/install/sllidar_ros2/lib/pkgconfig/sllidar_ros2.pc'
[68.419s] Level 1:colcon.colcon_core.environment:checking '/workspace/ros2_ws/install/sllidar_ros2/lib/python3.8/site-packages'
[68.419s] Level 1:colcon.colcon_core.environment:checking '/workspace/ros2_ws/install/sllidar_ros2/bin'
[68.431s] INFO:colcon.colcon_core.shell:Creating package script '/workspace/ros2_ws/install/sllidar_ros2/share/sllidar_ros2/package.ps1'
[68.433s] INFO:colcon.colcon_core.shell:Creating package descriptor '/workspace/ros2_ws/install/sllidar_ros2/share/sllidar_ros2/package.dsv'
[68.436s] INFO:colcon.colcon_core.shell:Creating package script '/workspace/ros2_ws/install/sllidar_ros2/share/sllidar_ros2/package.sh'
[68.438s] INFO:colcon.colcon_core.shell:Creating package script '/workspace/ros2_ws/install/sllidar_ros2/share/sllidar_ros2/package.bash'
[68.440s] INFO:colcon.colcon_core.shell:Creating package script '/workspace/ros2_ws/install/sllidar_ros2/share/sllidar_ros2/package.zsh'
[68.442s] Level 1:colcon.colcon_core.environment:create_file_with_runtime_dependencies(/workspace/ros2_ws/install/sllidar_ros2/share/colcon-core/packages/sllidar_ros2)
[89.638s] DEBUG:colcon.colcon_core.event_handler.log_command:Invoked command in '/workspace/ros2_ws/build/motor_control_node' returned '0': /usr/local/bin/cmake --build /workspace/ros2_ws/build/motor_control_node -- -j4 -l4
[89.836s] DEBUG:colcon.colcon_core.event_handler.log_command:Invoking command in '/workspace/ros2_ws/build/motor_control_node': /usr/local/bin/cmake --install /workspace/ros2_ws/build/motor_control_node
[90.200s] Level 1:colcon.colcon_core.environment:create_environment_scripts_only(motor_control_node)
[90.218s] DEBUG:colcon.colcon_core.event_handler.log_command:Invoked command in '/workspace/ros2_ws/build/motor_control_node' returned '0': /usr/local/bin/cmake --install /workspace/ros2_ws/build/motor_control_node
[90.230s] Level 1:colcon.colcon_core.environment:checking '/workspace/ros2_ws/install/motor_control_node' for CMake module files
[90.235s] Level 1:colcon.colcon_core.environment:checking '/workspace/ros2_ws/install/motor_control_node' for CMake config files
[90.237s] Level 1:colcon.colcon_core.shell:create_environment_hook('motor_control_node', 'cmake_prefix_path')
[90.249s] INFO:colcon.colcon_core.shell:Creating environment hook '/workspace/ros2_ws/install/motor_control_node/share/motor_control_node/hook/cmake_prefix_path.ps1'
[90.252s] INFO:colcon.colcon_core.shell:Creating environment descriptor '/workspace/ros2_ws/install/motor_control_node/share/motor_control_node/hook/cmake_prefix_path.dsv'
[90.253s] INFO:colcon.colcon_core.shell:Creating environment hook '/workspace/ros2_ws/install/motor_control_node/share/motor_control_node/hook/cmake_prefix_path.sh'
[90.255s] Level 1:colcon.colcon_core.environment:checking '/workspace/ros2_ws/install/motor_control_node/lib'
[90.256s] Level 1:colcon.colcon_core.environment:checking '/workspace/ros2_ws/install/motor_control_node/bin'
[90.256s] Level 1:colcon.colcon_core.environment:checking '/workspace/ros2_ws/install/motor_control_node/lib/pkgconfig/motor_control_node.pc'
[90.257s] Level 1:colcon.colcon_core.environment:checking '/workspace/ros2_ws/install/motor_control_node/lib/python3.8/site-packages'
[90.258s] Level 1:colcon.colcon_core.environment:checking '/workspace/ros2_ws/install/motor_control_node/bin'
[90.268s] INFO:colcon.colcon_core.shell:Creating package script '/workspace/ros2_ws/install/motor_control_node/share/motor_control_node/package.ps1'
[90.270s] INFO:colcon.colcon_core.shell:Creating package descriptor '/workspace/ros2_ws/install/motor_control_node/share/motor_control_node/package.dsv'
[90.272s] INFO:colcon.colcon_core.shell:Creating package script '/workspace/ros2_ws/install/motor_control_node/share/motor_control_node/package.sh'
[90.273s] INFO:colcon.colcon_core.shell:Creating package script '/workspace/ros2_ws/install/motor_control_node/share/motor_control_node/package.bash'
[90.275s] INFO:colcon.colcon_core.shell:Creating package script '/workspace/ros2_ws/install/motor_control_node/share/motor_control_node/package.zsh'
[90.276s] Level 1:colcon.colcon_core.environment:create_file_with_runtime_dependencies(/workspace/ros2_ws/install/motor_control_node/share/colcon-core/packages/motor_control_node)
[90.485s] Level 1:colcon.colcon_core.environment:create_environment_scripts_only(motor_control_node)
[90.504s] Level 1:colcon.colcon_core.environment:checking '/workspace/ros2_ws/install/motor_control_node' for CMake module files
[90.508s] Level 1:colcon.colcon_core.environment:checking '/workspace/ros2_ws/install/motor_control_node' for CMake config files
[90.510s] Level 1:colcon.colcon_core.shell:create_environment_hook('motor_control_node', 'cmake_prefix_path')
[90.520s] INFO:colcon.colcon_core.shell:Creating environment hook '/workspace/ros2_ws/install/motor_control_node/share/motor_control_node/hook/cmake_prefix_path.ps1'
[90.523s] INFO:colcon.colcon_core.shell:Creating environment descriptor '/workspace/ros2_ws/install/motor_control_node/share/motor_control_node/hook/cmake_prefix_path.dsv'
[90.525s] INFO:colcon.colcon_core.shell:Creating environment hook '/workspace/ros2_ws/install/motor_control_node/share/motor_control_node/hook/cmake_prefix_path.sh'
[90.527s] Level 1:colcon.colcon_core.environment:checking '/workspace/ros2_ws/install/motor_control_node/lib'
[90.528s] Level 1:colcon.colcon_core.environment:checking '/workspace/ros2_ws/install/motor_control_node/bin'
[90.528s] Level 1:colcon.colcon_core.environment:checking '/workspace/ros2_ws/install/motor_control_node/lib/pkgconfig/motor_control_node.pc'
[90.529s] Level 1:colcon.colcon_core.environment:checking '/workspace/ros2_ws/install/motor_control_node/lib/python3.8/site-packages'
[90.529s] Level 1:colcon.colcon_core.environment:checking '/workspace/ros2_ws/install/motor_control_node/bin'
[90.540s] INFO:colcon.colcon_core.shell:Creating package script '/workspace/ros2_ws/install/motor_control_node/share/motor_control_node/package.ps1'
[90.544s] INFO:colcon.colcon_core.shell:Creating package descriptor '/workspace/ros2_ws/install/motor_control_node/share/motor_control_node/package.dsv'
[90.547s] INFO:colcon.colcon_core.shell:Creating package script '/workspace/ros2_ws/install/motor_control_node/share/motor_control_node/package.sh'
[90.549s] INFO:colcon.colcon_core.shell:Creating package script '/workspace/ros2_ws/install/motor_control_node/share/motor_control_node/package.bash'
[90.550s] INFO:colcon.colcon_core.shell:Creating package script '/workspace/ros2_ws/install/motor_control_node/share/motor_control_node/package.zsh'
[90.552s] Level 1:colcon.colcon_core.environment:create_file_with_runtime_dependencies(/workspace/ros2_ws/install/motor_control_node/share/colcon-core/packages/motor_control_node)
[90.554s] DEBUG:colcon.colcon_parallel_executor.executor.parallel:closing loop
[90.557s] DEBUG:colcon.colcon_parallel_executor.executor.parallel:loop closed
[90.557s] DEBUG:colcon.colcon_parallel_executor.executor.parallel:run_until_complete finished with '0'
[90.558s] DEBUG:colcon.colcon_core.event_reactor:joining thread
[90.597s] INFO:colcon.colcon_core.plugin_system:Skipping extension 'colcon_notification.desktop_notification.notify_send': Could not find 'notify-send'
[90.597s] INFO:colcon.colcon_core.plugin_system:Skipping extension 'colcon_notification.desktop_notification.terminal_notifier': Not used on non-Darwin systems
[90.597s] INFO:colcon.colcon_core.plugin_system:Skipping extension 'colcon_notification.desktop_notification.win32': Not used on non-Windows systems
[90.598s] INFO:colcon.colcon_notification.desktop_notification:Sending desktop notification using 'notify2'
[90.607s] DEBUG:colcon.colcon_notification.desktop_notification.notify2:Failed to initialize notify2: org.freedesktop.DBus.Error.Spawn.ExecFailed: /usr/bin/dbus-launch terminated abnormally without any error message
[90.610s] DEBUG:colcon.colcon_core.event_reactor:joined thread
[90.625s] INFO:colcon.colcon_core.shell:Creating prefix script '/workspace/ros2_ws/install/local_setup.ps1'
[90.630s] INFO:colcon.colcon_core.shell:Creating prefix util module '/workspace/ros2_ws/install/_local_setup_util_ps1.py'
[90.635s] INFO:colcon.colcon_core.shell:Creating prefix chain script '/workspace/ros2_ws/install/setup.ps1'
[90.641s] INFO:colcon.colcon_core.shell:Creating prefix script '/workspace/ros2_ws/install/local_setup.sh'
[90.643s] INFO:colcon.colcon_core.shell:Creating prefix util module '/workspace/ros2_ws/install/_local_setup_util_sh.py'
[90.645s] INFO:colcon.colcon_core.shell:Creating prefix chain script '/workspace/ros2_ws/install/setup.sh'
[90.650s] INFO:colcon.colcon_core.shell:Creating prefix script '/workspace/ros2_ws/install/local_setup.bash'
[90.652s] INFO:colcon.colcon_core.shell:Creating prefix chain script '/workspace/ros2_ws/install/setup.bash'
[90.658s] INFO:colcon.colcon_core.shell:Creating prefix script '/workspace/ros2_ws/install/local_setup.zsh'
[90.660s] INFO:colcon.colcon_core.shell:Creating prefix chain script '/workspace/ros2_ws/install/setup.zsh'
