[3.966s] Invoking command in '/workspace/ros2_ws/build/keyboard_input': PYTHONPATH=/workspace/ros2_ws/build/keyboard_input/prefix_override:/workspace/ros2_ws/install/keyboard_input/lib/python3.8/site-packages:${PYTHONPATH} /usr/bin/python3 setup.py develop --editable --build-directory /workspace/ros2_ws/build/keyboard_input/build --no-deps install_data
[5.397s] running develop
[5.397s] /usr/local/lib/python3.8/dist-packages/setuptools/command/develop.py:40: EasyInstallDeprecationWarning: easy_install command is deprecated.
[5.399s] !!
[5.399s] 
[5.400s]         ********************************************************************************
[5.400s]         Please avoid running ``setup.py`` and ``easy_install``.
[5.400s]         Instead, use pypa/build, pypa/installer or other
[5.401s]         standards-based tools.
[5.401s] 
[5.401s]         See https://github.com/pypa/setuptools/issues/917 for details.
[5.402s]         ********************************************************************************
[5.402s] 
[5.402s] !!
[5.402s]   easy_install.initialize_options(self)
[5.553s] /usr/local/lib/python3.8/dist-packages/setuptools/_distutils/cmd.py:66: SetuptoolsDeprecationWarning: setup.py install is deprecated.
[5.553s] !!
[5.554s] 
[5.554s]         ********************************************************************************
[5.554s]         Please avoid running ``setup.py`` directly.
[5.555s]         Instead, use pypa/build, pypa/installer or other
[5.555s]         standards-based tools.
[5.555s] 
[5.569s]         See https://blog.ganssle.io/articles/2021/10/setup-py-deprecated.html for details.
[5.570s]         ********************************************************************************
[5.570s] 
[5.570s] !!
[5.571s]   self.initialize_options()
[6.379s] running egg_info
[6.380s] creating keyboard_input.egg-info
[6.447s] writing keyboard_input.egg-info/PKG-INFO
[6.450s] writing dependency_links to keyboard_input.egg-info/dependency_links.txt
[6.450s] writing entry points to keyboard_input.egg-info/entry_points.txt
[6.451s] writing requirements to keyboard_input.egg-info/requires.txt
[6.451s] writing top-level names to keyboard_input.egg-info/top_level.txt
[6.452s] writing manifest file 'keyboard_input.egg-info/SOURCES.txt'
[6.590s] reading manifest file 'keyboard_input.egg-info/SOURCES.txt'
[6.593s] writing manifest file 'keyboard_input.egg-info/SOURCES.txt'
[6.927s] running build_ext
[6.928s] Creating /workspace/ros2_ws/install/keyboard_input/lib/python3.8/site-packages/keyboard-input.egg-link (link to .)
[6.933s] Installing keyboard_publisher script to /workspace/ros2_ws/install/keyboard_input/lib/keyboard_input
[6.934s] 
[6.935s] Installed /workspace/ros2_ws/build/keyboard_input
[6.935s] running install_data
[6.937s] creating /workspace/ros2_ws/install/keyboard_input/share/ament_index
[6.937s] creating /workspace/ros2_ws/install/keyboard_input/share/ament_index/resource_index
[6.938s] creating /workspace/ros2_ws/install/keyboard_input/share/ament_index/resource_index/packages
[6.939s] copying resource/keyboard_input -> /workspace/ros2_ws/install/keyboard_input/share/ament_index/resource_index/packages
[6.940s] copying package.xml -> /workspace/ros2_ws/install/keyboard_input/share/keyboard_input
[7.132s] Invoked command in '/workspace/ros2_ws/build/keyboard_input' returned '0': PYTHONPATH=/workspace/ros2_ws/build/keyboard_input/prefix_override:/workspace/ros2_ws/install/keyboard_input/lib/python3.8/site-packages:${PYTHONPATH} /usr/bin/python3 setup.py develop --editable --build-directory /workspace/ros2_ws/build/keyboard_input/build --no-deps install_data
