[6.950s] Invoking command in '/workspace/ros2_ws/build/keyboard_input': PYTHONPATH=/workspace/ros2_ws/build/keyboard_input/prefix_override:/workspace/ros2_ws/install/keyboard_input/lib/python3.8/site-packages:${PYTHONPATH} /usr/bin/python3 setup.py develop --editable --build-directory /workspace/ros2_ws/build/keyboard_input/build --no-deps install_data
[8.580s] running develop
[8.582s] /usr/local/lib/python3.8/dist-packages/setuptools/command/develop.py:40: EasyInstallDeprecationWarning: easy_install command is deprecated.
[8.583s] !!
[8.583s] 
[8.583s]         ********************************************************************************
[8.584s]         Please avoid running ``setup.py`` and ``easy_install``.
[8.584s]         Instead, use pypa/build, pypa/installer or other
[8.584s]         standards-based tools.
[8.585s] 
[8.585s]         See https://github.com/pypa/setuptools/issues/917 for details.
[8.585s]         ********************************************************************************
[8.586s] 
[8.586s] !!
[8.586s]   easy_install.initialize_options(self)
[8.725s] /usr/local/lib/python3.8/dist-packages/setuptools/_distutils/cmd.py:66: SetuptoolsDeprecationWarning: setup.py install is deprecated.
[8.725s] !!
[8.726s] 
[8.726s]         ********************************************************************************
[8.726s]         Please avoid running ``setup.py`` directly.
[8.727s]         Instead, use pypa/build, pypa/installer or other
[8.727s]         standards-based tools.
[8.727s] 
[8.728s]         See https://blog.ganssle.io/articles/2021/10/setup-py-deprecated.html for details.
[8.728s]         ********************************************************************************
[8.729s] 
[8.729s] !!
[8.729s]   self.initialize_options()
[9.544s] running egg_info
[9.546s] creating keyboard_input.egg-info
[9.618s] writing keyboard_input.egg-info/PKG-INFO
[9.621s] writing dependency_links to keyboard_input.egg-info/dependency_links.txt
[9.623s] writing entry points to keyboard_input.egg-info/entry_points.txt
[9.625s] writing requirements to keyboard_input.egg-info/requires.txt
[9.626s] writing top-level names to keyboard_input.egg-info/top_level.txt
[9.628s] writing manifest file 'keyboard_input.egg-info/SOURCES.txt'
[9.810s] reading manifest file 'keyboard_input.egg-info/SOURCES.txt'
[9.812s] writing manifest file 'keyboard_input.egg-info/SOURCES.txt'
[10.085s] running build_ext
[10.086s] Creating /workspace/ros2_ws/install/keyboard_input/lib/python3.8/site-packages/keyboard-input.egg-link (link to .)
[10.089s] Installing keyboard_publisher script to /workspace/ros2_ws/install/keyboard_input/lib/keyboard_input
[10.090s] 
[10.091s] Installed /workspace/ros2_ws/build/keyboard_input
[10.091s] running install_data
[10.092s] creating /workspace/ros2_ws/install/keyboard_input/share/ament_index
[10.092s] creating /workspace/ros2_ws/install/keyboard_input/share/ament_index/resource_index
[10.093s] creating /workspace/ros2_ws/install/keyboard_input/share/ament_index/resource_index/packages
[10.093s] copying resource/keyboard_input -> /workspace/ros2_ws/install/keyboard_input/share/ament_index/resource_index/packages
[10.094s] copying package.xml -> /workspace/ros2_ws/install/keyboard_input/share/keyboard_input
[10.263s] Invoked command in '/workspace/ros2_ws/build/keyboard_input' returned '0': PYTHONPATH=/workspace/ros2_ws/build/keyboard_input/prefix_override:/workspace/ros2_ws/install/keyboard_input/lib/python3.8/site-packages:${PYTHONPATH} /usr/bin/python3 setup.py develop --editable --build-directory /workspace/ros2_ws/build/keyboard_input/build --no-deps install_data
