[1.162s] Invoking command in '/workspace/ros2_ws/build/motor_control_node': /usr/local/bin/cmake --build /workspace/ros2_ws/build/motor_control_node -- -j6 -l6
[1.476s] [100%] Built target motor_control_node
[1.513s] Invoked command in '/workspace/ros2_ws/build/motor_control_node' returned '0': /usr/local/bin/cmake --build /workspace/ros2_ws/build/motor_control_node -- -j6 -l6
[1.930s] Invoking command in '/workspace/ros2_ws/build/motor_control_node': /usr/local/bin/cmake --install /workspace/ros2_ws/build/motor_control_node
[2.066s] -- Install configuration: ""
[2.069s] -- Execute custom install script
[2.071s] -- Up-to-date symlink: /workspace/ros2_ws/install/motor_control_node/lib/motor_control_node/motor_control_node
[2.073s] -- Up-to-date symlink: /workspace/ros2_ws/install/motor_control_node/share/ament_index/resource_index/package_run_dependencies/motor_control_node
[2.075s] -- Up-to-date symlink: /workspace/ros2_ws/install/motor_control_node/share/ament_index/resource_index/parent_prefix_path/motor_control_node
[2.077s] -- Up-to-date symlink: /workspace/ros2_ws/install/motor_control_node/share/motor_control_node/environment/ament_prefix_path.sh
[2.079s] -- Up-to-date symlink: /workspace/ros2_ws/install/motor_control_node/share/motor_control_node/environment/ament_prefix_path.dsv
[2.080s] -- Up-to-date symlink: /workspace/ros2_ws/install/motor_control_node/share/motor_control_node/environment/path.sh
[2.082s] -- Up-to-date symlink: /workspace/ros2_ws/install/motor_control_node/share/motor_control_node/environment/path.dsv
[2.084s] -- Up-to-date symlink: /workspace/ros2_ws/install/motor_control_node/share/motor_control_node/local_setup.bash
[2.085s] -- Up-to-date symlink: /workspace/ros2_ws/install/motor_control_node/share/motor_control_node/local_setup.sh
[2.087s] -- Up-to-date symlink: /workspace/ros2_ws/install/motor_control_node/share/motor_control_node/local_setup.zsh
[2.088s] -- Up-to-date symlink: /workspace/ros2_ws/install/motor_control_node/share/motor_control_node/local_setup.dsv
[2.089s] -- Symlinking: /workspace/ros2_ws/install/motor_control_node/share/motor_control_node/package.dsv
[2.108s] -- Up-to-date symlink: /workspace/ros2_ws/install/motor_control_node/share/ament_index/resource_index/packages/motor_control_node
[2.109s] -- Up-to-date symlink: /workspace/ros2_ws/install/motor_control_node/share/motor_control_node/cmake/motor_control_nodeConfig.cmake
[2.110s] -- Up-to-date symlink: /workspace/ros2_ws/install/motor_control_node/share/motor_control_node/cmake/motor_control_nodeConfig-version.cmake
[2.112s] -- Up-to-date symlink: /workspace/ros2_ws/install/motor_control_node/share/motor_control_node/package.xml
[2.142s] Invoked command in '/workspace/ros2_ws/build/motor_control_node' returned '0': /usr/local/bin/cmake --install /workspace/ros2_ws/build/motor_control_node
